145716 241.77002906799316
145707 247.5759983062744
145677 247.45893478393555
145653 258.2550048828125
145627 253.9677619934082
145613 252.35509872436523
145603 247.21884727478027
145583 261.3048553466797
145555 261.84701919555664
145519 274.8878002166748
145496 252.57182121276855
145476 253.66806983947754
145465 256.96301460266113
145456 252.13980674743652
145429 251.55019760131836
145348 252.08592414855957
145309 251.40810012817383
145294 247.54786491394043
145282 247.4079132080078
145258 247.62487411499023
145230 249.81093406677246
145217 247.9989528656006
145201 248.06809425354004
145191 247.71666526794434
145175 248.9449977874756
145155 251.99198722839355
145144 249.70173835754395
145126 264.1470432281494
145126 248.02184104919434
145098 247.49398231506348
145080 246.75917625427246
145071 248.11911582946777
145035 246.91295623779297
145018 247.40910530090332
144980 246.95706367492676
144965 247.33805656433105
144953 247.04694747924805
144879 246.8862533569336
144846 246.9630241394043
144801 246.97184562683105
144778 246.7939853668213
144769 252.70605087280273
144761 247.61605262756348
144720 247.5588321685791
144702 252.34222412109375
144668 259.2580318450928
144586 248.3372688293457
144553 246.98185920715332
144520 252.03800201416016
144500 247.8032112121582
144483 247.2398281097412
144440 247.15495109558105
144422 246.51694297790527
144405 247.96628952026367
144388 246.59371376037598
144342 248.45409393310547
144312 247.04384803771973
144290 247.07889556884766
144235 252.78210639953613
144228 259.66525077819824
144216 283.71405601501465
144194 262.87198066711426
144178 261.2481117248535
144141 253.81827354431152
144120 255.99408149719238
144109 255.6459903717041
144098 254.80985641479492
144089 251.13987922668457
144072 254.7292709350586
144062 250.8862018585205
143969 251.4517307281494
143955 251.1579990386963
143879 253.30090522766113
143835 251.4059543609619
143794 252.98118591308594
143785 247.481107711792
143766 257.4200630187988
143743 265.58470726013184
143708 263.6401653289795
143689 278.6290645599365
143678 256.2730312347412
143650 258.6832046508789
143634 252.13980674743652
143573 252.02369689941406
143548 250.3669261932373
143514 247.94578552246094
143441 249.72891807556152
143433 248.27814102172852
143403 247.2250461578369
143389 247.2689151763916
143322 246.42491340637207
143301 246.9019889831543
143279 246.56367301940918
143270 246.8569278717041
143255 246.86098098754883
143231 249.33195114135742
143212 249.9539852142334
143186 248.33202362060547
143178 247.1010684967041
143165 247.58195877075195
143116 250.17762184143066
143099 254.00781631469727
143092 259.0939998626709
143066 257.551908493042
143034 251.7697811126709
143004 275.0980854034424
142966 263.2598876953125
142957 261.45482063293457
142954 253.48711013793945
142940 259.7229480743408
142915 262.8200054168701
142903 251.539945602417
142896 252.8820037841797
142821 256.5960884094238
142745 253.48186492919922
142731 267.58694648742676
142678 309.3578815460205
142631 274.99914169311523
142623 285.3407859802246
142596 266.2379741668701
142546 251.64175033569336
142534 255.17892837524414
142479 252.83503532409668
142449 259.188175201416
142403 256.61206245422363
142357 255.54895401000977
142331 259.42420959472656
142315 262.79592514038086
142272 251.13892555236816
142239 257.60817527770996
142220 253.21698188781738
142211 272.7673053741455
142209 257.5688362121582
142189 273.93198013305664
142166 256.20317459106445
142157 262.1769905090332
142136 274.90878105163574
142125 253.60894203186035
142087 257.85207748413086
142077 257.2331428527832
142055 251.878023147583
142012 257.11607933044434
141973 258.26001167297363
141965 257.33304023742676
141947 256.96802139282227
141928 255.19371032714844
141919 254.3931007385254
141876 251.83701515197754
141856 251.2490749359131
141855 252.44522094726562
141845 248.38900566101074
141836 247.90692329406738
141817 247.50423431396484
141788 248.69799613952637
141779 246.9491958618164
141764 247.75290489196777
141759 248.02899360656738
141720 247.65801429748535
141700 250.66590309143066
141671 248.68297576904297
141633 250.8392333984375
141611 248.04997444152832
141607 246.9329833984375
141539 246.83189392089844
141530 247.62415885925293
141493 248.3210563659668
141427 248.16012382507324
141408 248.0001449584961
141398 247.48492240905762
141355 247.43080139160156
141328 246.95611000061035
141322 247.81012535095215
141304 247.1909523010254
141272 248.35991859436035
141230 246.91104888916016
141230 247.68519401550293
141225 247.23196029663086
141198 301.64289474487305
141198 257.9922676086426
141188 248.032808303833
141180 249.312162399292
141176 248.56185913085938
141161 247.76196479797363
141158 247.98202514648438
141148 248.40593338012695
141136 247.9991912841797
141101 247.53499031066895
141101 247.8499412536621
141083 247.298002243042
141061 260.9522342681885
141045 248.16203117370605
141030 247.83897399902344
141029 247.61581420898438
141018 250.08416175842285
141018 250.69689750671387
140988 250.39386749267578
140986 251.58405303955078
140972 253.63612174987793
140969 252.5780200958252
140959 251.48677825927734
140955 251.389741897583
140955 251.03211402893066
140933 254.44579124450684
140919 254.4100284576416
140910 250.7491111755371
140829 251.32298469543457
140809 250.5488395690918
140806 250.870943069458
140801 250.11706352233887
140790 251.41501426696777
140737 251.09291076660156
140725 255.126953125
140714 251.0528564453125
140714 371.8593120574951
140710 307.28721618652344
140660 322.5829601287842
140659 269.24896240234375
140648 254.95314598083496
140600 253.7531852722168
140578 251.5239715576172
140578 252.0442008972168
140578 249.9830722808838
140552 247.29180335998535
140546 252.17318534851074
140546 250.16283988952637
140545 248.54397773742676
140505 247.21407890319824
140505 247.29180335998535
140470 247.59507179260254
140385 247.62701988220215
140380 247.50900268554688
140356 247.78079986572266
140315 247.70808219909668
140303 248.29387664794922
140299 247.62272834777832
140299 248.25525283813477
140278 247.62487411499023
140278 248.08979034423828
140262 248.1231689453125
140262 248.69298934936523
140256 247.55215644836426
140204 249.29380416870117
140196 247.44772911071777
140196 248.4428882598877
140151 247.86114692687988
140145 248.5640048980713
140145 247.61581420898438
140143 248.02184104919434
140143 247.30300903320312
140130 250.67996978759766
140118 247.48706817626953
140102 247.77507781982422
140080 246.9480037689209
140077 248.99601936340332
139998 247.44296073913574
139989 247.49016761779785
139989 252.6249885559082
139989 267.0931816101074
139973 247.18403816223145
139955 248.39091300964355
139952 248.20303916931152
139929 249.49121475219727
139929 247.50638008117676
139926 248.43072891235352
139901 247.4222183227539
139901 247.48992919921875
139891 247.36285209655762
139853 247.88498878479004
139850 247.35784530639648
139844 248.32415580749512
139815 247.00093269348145
139815 247.2848892211914
139791 247.60890007019043
139772 247.93124198913574
139767 256.29711151123047
139761 248.95691871643066
139702 258.19897651672363
139677 263.46683502197266
139667 257.0538520812988
139664 254.96411323547363
139660 258.1937313079834
139633 314.3579959869385
139599 260.4191303253174
139590 259.3731880187988
139588 259.0920925140381
139586 256.882905960083
139586 257.51709938049316
139566 257.4448585510254
139566 258.27622413635254
139564 263.214111328125
139532 262.692928314209
139520 271.95024490356445
139520 276.9801616668701
139520 267.0469284057617
139513 253.36098670959473
139505 261.9202136993408
139441 262.4359130859375
139427 261.3251209259033
139427 258.6088180541992
139427 255.65814971923828
139427 256.38413429260254
139387 254.0569305419922
139387 254.23502922058105
139351 274.34515953063965
139349 287.28508949279785
139338 272.39298820495605
139264 253.7989616394043
139221 256.7272186279297
139204 257.1730613708496
139204 257.6711177825928
139160 257.48491287231445
139160 261.9490623474121
139143 254.5640468597412
139143 261.6441249847412
139139 257.83705711364746
139104 263.2579803466797
139100 262.32194900512695
139086 257.7168941497803
139056 250.5929470062256
139056 271.3000774383545
139049 265.43402671813965
139047 256.68787956237793
138982 255.5220127105713
138956 263.59081268310547
138954 260.296106338501
138954 260.1768970489502
138954 296.9529628753662
138929 294.4028377532959
138919 324.02801513671875
138906 305.16886711120605
138906 320.51992416381836
138875 317.9278373718262
138875 304.5220375061035
138875 270.71499824523926
138866 252.53033638000488
138866 260.96296310424805
138862 258.9099407196045
138862 257.17878341674805
138846 256.85715675354004
138823 256.1039924621582
138823 263.9760971069336
138816 253.20696830749512
138786 252.82692909240723
138781 254.7750473022461
138742 248.7506866455078
138723 253.03125381469727
138723 251.68800354003906
138656 248.58498573303223
138656 250.90885162353516
138601 260.4043483734131
138601 259.0939998626709
138601 265.81406593322754
138597 276.98302268981934
138592 256.5429210662842
138557 256.82902336120605
138542 251.64484977722168
138525 261.71422004699707
138509 264.94407653808594
138491 251.3883113861084
138415 250.1811981201172
138401 249.8021125793457
138398 258.3169937133789
138392 253.53002548217773
138386 249.65190887451172
138386 260.1790428161621
138371 251.2671947479248
138367 251.34611129760742
138366 249.95875358581543
138333 249.58109855651855
138333 251.50012969970703
138311 251.69086456298828
138311 249.11808967590332
138276 251.02901458740234
138276 251.45888328552246
138232 251.19709968566895
138177 248.27098846435547
138177 249.84121322631836
138160 251.77788734436035
138160 252.05707550048828
138160 248.9759922027588
138149 250.10108947753906
138113 251.81198120117188
138113 254.97794151306152
138099 248.55303764343262
138099 250.2751350402832
138077 251.86800956726074
138077 251.90496444702148
138077 251.31988525390625
138077 250.30207633972168
138055 252.0577907562256
138027 251.755952835083
138027 248.884916305542
137993 255.20586967468262
137972 252.899169921875
137972 250.5941390991211
137972 251.26194953918457
137966 251.03998184204102
137966 250.70619583129883
137894 251.74903869628906
137889 248.96693229675293
137889 251.04403495788574
137882 250.61607360839844
137847 252.0740032196045
137828 258.0130100250244
137773 325.7291316986084
137749 278.6259651184082
137749 294.82436180114746
137749 249.45998191833496
137749 255.10716438293457
137749 251.4481544494629
137730 250.35881996154785
137708 249.8149871826172
137708 252.424955368042
137708 258.05211067199707
137708 251.0390281677246
137684 248.81601333618164
137662 252.13217735290527
137626 251.02996826171875
137592 249.49288368225098
137578 248.7659454345703
137567 251.6782283782959
137567 250.4427433013916
137567 250.9911060333252
137567 249.16720390319824
137567 251.63793563842773
137567 251.5389919281006
137546 249.35388565063477
137546 249.4487762451172
137542 251.78217887878418
137542 252.14385986328125
137542 249.04179573059082
137500 249.8648166656494
137468 251.96528434753418
137468 252.20298767089844
137468 249.07493591308594
137468 251.39808654785156
137468 251.21784210205078
137467 251.74188613891602
137467 249.06229972839355
137449 248.87585639953613
137449 252.27689743041992
137430 251.49106979370117
137430 249.39489364624023
137429 249.46212768554688
137429 251.64103507995605
137427 251.67584419250488
137420 279.1769504547119
137354 341.05491638183594
137327 310.7748031616211
137290 310.2397918701172
137261 271.4841365814209
137261 248.91901016235352
137261 255.53512573242188
137252 260.75291633605957
137250 247.74575233459473
137250 267.6122188568115
137248 248.29602241516113
137199 248.1060028076172
137199 247.95913696289062
137199 247.61295318603516
137180 247.79319763183594
137148 247.47967720031738
137148 247.3618984222412
137148 248.34895133972168
137148 247.59602546691895
137148 249.41778182983398
137124 247.27272987365723
137123 247.88308143615723
137063 247.25914001464844
137032 248.16107749938965
137032 247.636079788208
137032 248.66676330566406
137032 247.57027626037598
137009 250.593900680542
137009 250.6871223449707
136982 249.76801872253418
136949 248.69298934936523
136949 248.3839988708496
136942 247.8499412536621
136884 247.90000915527344
136884 248.79789352416992
136884 248.0313777923584
136884 247.57790565490723
136884 248.05974960327148
136884 247.62487411499023
136884 247.6818561553955
136884 249.21298027038574
136884 248.2161521911621
136881 247.76673316955566
136881 248.91018867492676
136881 294.89898681640625
136874 271.3019847869873
136859 247.99609184265137
136859 249.4521141052246
136851 251.78289413452148
136851 248.62170219421387
136818 247.40910530090332
136808 251.5730857849121
136804 248.35515022277832
136804 247.60079383850098
136804 247.9100227355957
136804 248.14629554748535
136780 247.6370334625244
136762 249.1910457611084
136762 247.67398834228516
136762 248.00705909729004
136721 257.8749656677246
136721 257.5948238372803
136721 248.02708625793457
136715 250.34809112548828
136715 251.8310546875
136715 249.03488159179688
136715 247.44176864624023
136694 247.4682331085205
136694 247.78223037719727
136694 252.03299522399902
136694 247.27225303649902
136690 248.16203117370605
136690 247.60794639587402
136690 248.63290786743164
136690 252.53725051879883
136690 248.46196174621582
136663 246.9351291656494
136633 248.06594848632812
136633 246.97494506835938
136633 292.19508171081543
136633 252.07901000976562
136632 248.0010986328125
136632 247.38311767578125
136616 249.5596408843994
136616 247.9250431060791
136616 247.64513969421387
136601 250.40793418884277
136589 247.95269966125488
136569 247.37119674682617
136569 248.05593490600586
136569 252.52509117126465
136567 250.7190704345703
136567 247.30181694030762
136560 261.37804985046387
136560 248.67987632751465
136560 247.82896041870117
136560 247.53808975219727
136557 248.61907958984375
136555 267.96698570251465
136555 248.05879592895508
136520 248.23498725891113
136491 247.86829948425293
136491 247.39789962768555
136458 247.72095680236816
136458 247.70307540893555
136444 247.73406982421875
136444 247.3130226135254
136418 247.89714813232422
136418 256.61301612854004
136418 250.69904327392578
136418 252.91800498962402
136418 267.6551342010498
136418 251.28412246704102
136418 253.51881980895996
136418 251.42621994018555
136418 253.2339096069336
136416 259.63902473449707
136416 259.43708419799805
136416 248.42596054077148
136416 255.39588928222656
136416 252.42924690246582
136400 248.63529205322266
136387 247.00593948364258
136387 248.57592582702637
136387 249.73392486572266
136387 247.6212978363037
136387 248.20399284362793
136387 248.01087379455566
136387 250.77295303344727
136387 248.69871139526367
136387 247.40934371948242
136387 248.12698364257812
136387 247.467041015625
136387 248.0030059814453
136387 247.09701538085938
136387 247.30992317199707
136387 248.01301956176758
136387 251.0509490966797
136374 247.8199005126953
136374 248.00896644592285
136374 248.05402755737305
136374 247.5578784942627
136374 247.26128578186035
136374 247.82896041870117
136374 248.01278114318848
136374 248.08502197265625
136374 247.5719451904297
136374 247.61486053466797
136374 249.46904182434082
136374 247.76291847229004
136374 247.53165245056152
136374 247.9422092437744
136363 247.4830150604248
136363 249.6957778930664
136363 247.6511001586914
136361 248.40807914733887
136361 257.763147354126
136344 247.57814407348633
136344 250.11897087097168
136343 276.59106254577637
136296 283.86592864990234
136247 248.1248378753662
136247 247.8489875793457
136247 250.25510787963867
136247 249.2198944091797
136212 247.999906539917
136212 247.47872352600098
136195 248.03423881530762
136187 247.175931930542
136185 247.3461627960205
136185 247.40076065063477
136157 248.5640048980713
136157 247.36404418945312
136157 264.2030715942383
136157 247.97296524047852
136157 249.01080131530762
136157 247.70808219909668
136157 248.77500534057617
136148 248.17395210266113
136148 247.98297882080078
136148 252.3519992828369
136148 247.77698516845703
136148 247.6949691772461
136111 248.9449977874756
136111 251.6331672668457
136043 248.53920936584473
136021 247.5740909576416
135970 247.7257251739502
135949 247.22814559936523
135949 247.6980686187744
135948 247.82204627990723
135932 247.8659152984619
135932 247.9851245880127
135932 247.46274948120117
135932 247.44129180908203
135932 255.10668754577637
135915 256.72221183776855
135915 280.0478935241699
135915 264.2931938171387
135915 275.1600742340088
135915 288.438081741333
135914 256.78515434265137
135914 249.35102462768555
135914 248.14891815185547
135890 249.04513359069824
135890 248.1839656829834
135890 247.74670600891113
135890 248.05593490600586
135859 247.7099895477295
135859 250.87618827819824
135859 252.2890567779541
135859 251.5857219696045
135840 251.95598602294922
135840 252.64382362365723
135840 251.97696685791016
135840 251.96313858032227
135840 251.71399116516113
135832 252.65908241271973
135821 251.88732147216797
135821 249.86505508422852
135821 247.4198341369629
135821 248.0161190032959
135821 248.31795692443848
135821 248.70610237121582
135821 247.7269172668457
135821 254.9421787261963
135821 258.21518898010254
135821 252.2890567779541
135821 256.27684593200684
135821 257.51805305480957
135821 254.5638084411621
135821 250.4403591156006
135821 253.8309097290039
135821 252.27808952331543
135821 252.36773490905762
135821 247.85113334655762
135818 249.95088577270508
135818 256.47521018981934
135818 283.13589096069336
135818 263.29994201660156
135817 257.5399875640869
135817 263.86308670043945
135817 260.11109352111816
135817 255.5866241455078
135817 250.4570484161377
135817 271.7461585998535
135817 257.9610347747803
135817 260.42795181274414
135817 265.38610458374023
135817 251.11794471740723
135817 257.3819160461426
135817 253.51285934448242
135812 249.41205978393555
135812 252.05302238464355
135812 249.32026863098145
135812 249.82976913452148
135812 252.10905075073242
135812 253.24201583862305
135812 249.08995628356934
135796 250.89097023010254
135796 253.10301780700684
135796 253.37982177734375
135796 248.91114234924316
135777 250.23508071899414
135777 252.17509269714355
135741 255.59496879577637
135741 251.1439323425293
135730 249.93586540222168
135730 252.9621124267578
135707 252.76994705200195
135683 248.76785278320312
135683 249.98927116394043
135683 252.00319290161133
135683 252.06685066223145
135683 249.00007247924805
135683 259.533166885376
135677 252.66003608703613
135623 252.899169921875
135623 249.97186660766602
135623 258.40306282043457
135623 261.46507263183594
135623 254.96983528137207
135623 261.9152069091797
135623 314.3470287322998
135609 309.48805809020996
135583 285.60709953308105
135583 296.85020446777344
135583 262.09282875061035
135583 259.3080997467041
135583 279.68597412109375
135583 259.4020366668701
135583 284.72304344177246
135583 255.69820404052734
135583 248.3997344970703
135583 262.3741626739502
135583 269.7789669036865
135583 264.2209529876709
135583 255.80692291259766
135583 253.74484062194824
135583 270.54500579833984
135583 260.9388828277588
135583 264.484167098999
135574 262.9258632659912
135574 259.9530220031738
135574 254.0457248687744
135559 249.36985969543457
135559 255.20014762878418
135559 258.33606719970703
135559 259.5980167388916
135559 256.6719055175781
135543 248.07095527648926
135543 250.66804885864258
135543 252.3629665374756
135532 248.77572059631348
135532 248.58593940734863
135532 268.56398582458496
135511 264.9378776550293
135511 279.0660858154297
135511 263.04006576538086
135511 271.84414863586426
135511 261.0738277435303
135511 279.6478271484375
135479 253.87811660766602
135462 254.61292266845703
135455 274.33180809020996
135455 271.79408073425293
135455 257.04073905944824
135455 250.98490715026855
135427 272.37510681152344
135427 259.19508934020996
135385 258.8648796081543
135371 268.7962055206299
135371 287.8251075744629
135371 265.03515243530273
135371 263.7467384338379
135371 255.1579475402832
135371 248.26407432556152
135371 252.8858184814453
135324 268.0668830871582
135324 261.5499496459961
135324 267.85898208618164
135324 262.67004013061523
135324 273.71978759765625
135324 263.49902153015137
135317 264.65582847595215
135317 265.29693603515625
135317 263.6728286743164
135317 274.522066116333
135317 259.0949535369873
135317 249.59421157836914
135317 251.32203102111816
135317 250.86116790771484
135317 248.63886833190918
135317 248.43430519104004
135299 255.5689811706543
135299 250.50997734069824
135299 248.54207038879395
135299 248.07214736938477
135299 314.49294090270996
135299 318.1912899017334
135299 376.1930465698242
135299 297.3980903625488
135299 270.4660892486572
135299 281.06093406677246
135299 269.48022842407227
135299 255.17630577087402
135299 258.8458061218262
135299 258.01706314086914
135299 257.74097442626953
135299 258.3649158477783
135299 257.0350170135498
135299 258.1441402435303
135299 255.42092323303223
135299 252.17103958129883
135299 248.43788146972656
135299 249.5858669281006
135291 253.5250186920166
135291 259.02628898620605
135291 257.69519805908203
135291 257.33208656311035
135291 248.44908714294434
135291 249.6960163116455
135286 248.68512153625488
135286 248.22402000427246
135258 248.06499481201172
135258 253.36217880249023
135258 249.9399185180664
135258 247.84374237060547
135258 248.12698364257812
135242 257.40694999694824
135242 248.47102165222168
135242 257.1730613708496
135242 256.3738822937012
135242 250.06103515625
135242 251.8448829650879
135242 248.11315536499023
135242 249.4332790374756
135242 247.8189468383789
135242 249.6929168701172
135225 247.95126914978027
135225 248.75497817993164
135225 248.7161159515381
135225 248.77071380615234
135225 256.378173828125
135225 247.5287914276123
135225 247.92718887329102
135225 248.1820583343506
135225 247.88403511047363
135195 248.20899963378906
135195 247.97296524047852
135193 248.3839988708496
135193 249.1168975830078
135193 247.55191802978516
135193 247.65896797180176
135193 248.28386306762695
135193 248.76117706298828
135193 261.030912399292
135193 277.1718502044678
135193 260.6661319732666
135193 285.83574295043945
135184 261.30199432373047
135184 252.8979778289795
135184 258.5310935974121
135184 255.07497787475586
135184 251.87087059020996
135184 251.1739730834961
135179 248.183012008667
135179 249.4349479675293
135179 249.50504302978516
135174 249.14979934692383
135174 247.74718284606934
135174 249.66192245483398
135174 255.30314445495605
135174 256.76679611206055
135174 247.63202667236328
135169 248.26598167419434
135167 248.3198642730713
135115 248.81410598754883
135082 250.23698806762695
135082 253.33809852600098
135082 248.2011318206787
135082 251.17206573486328
135063 247.54881858825684
135036 247.76124954223633
135036 247.78389930725098
135036 249.44210052490234
135036 247.96700477600098
135036 248.8100528717041
135036 247.88498878479004
135036 248.67510795593262
135036 247.95293807983398
135036 248.60215187072754
135036 248.1391429901123
135036 249.07279014587402
135036 247.80535697937012
135036 248.5368251800537
135036 248.57211112976074
135036 297.7437973022461
135036 248.26908111572266
135019 248.17681312561035
135019 247.31802940368652
135019 248.86226654052734
135019 247.72095680236816
135019 249.18413162231445
134996 247.82276153564453
134996 248.7342357635498
134996 250.7178783416748
134996 248.04997444152832
134996 247.59602546691895
134996 248.6441135406494
134996 247.53880500793457
134996 250.0169277191162
134996 248.55399131774902
134996 249.32503700256348
134985 248.06594848632812
134985 249.40896034240723
134985 248.85106086730957
134985 249.7117519378662
134985 248.8241195678711
134985 266.6769027709961
134985 261.3029479980469
134985 248.276948928833
134985 248.5041618347168
134985 252.33888626098633
134985 249.76682662963867
134985 252.76803970336914
134985 247.93386459350586
134934 247.62201309204102
134934 247.37191200256348
134934 248.6410140991211
134934 248.3530044555664
134934 248.21996688842773
134934 247.59602546691895
134934 248.66795539855957
134934 248.05498123168945
134934 248.01993370056152
134934 247.26486206054688
134934 249.29094314575195
134925 247.50494956970215
134925 249.06110763549805
134925 250.17595291137695
134925 251.00016593933105
134910 250.94914436340332
134910 248.03686141967773
134910 247.79510498046875
134910 249.0239143371582
134910 249.71532821655273
134910 248.23808670043945
134910 247.21503257751465
134910 249.0558624267578
134874 247.9090690612793
134874 247.8480339050293
134874 249.09496307373047
134874 248.5330104827881
134874 255.43808937072754
134874 252.9280185699463
134874 253.68905067443848
134874 249.65214729309082
134874 248.23379516601562
134874 248.7471103668213
134874 253.16905975341797
134874 278.5792350769043
134874 305.4819107055664
134874 252.5041103363037
134874 252.9618740081787
134874 249.11808967590332
134874 248.89016151428223
134874 248.43192100524902
134874 247.73931503295898
134874 248.75974655151367
134874 249.34816360473633
134874 249.73106384277344
134874 248.27861785888672
134862 248.71230125427246
134862 248.29483032226562
134862 248.3682632446289
134862 258.91900062561035
134862 249.18889999389648
134862 248.15011024475098
134862 251.04498863220215
134844 251.36995315551758
134844 253.6778450012207
134844 247.94316291809082
134844 248.4297752380371
134844 248.43478202819824
134844 249.92728233337402
134844 248.06785583496094
134844 251.58381462097168
134844 247.47323989868164
134844 248.94285202026367
134844 247.76697158813477
134844 255.6629180908203
134844 249.420166015625
134844 248.83413314819336
134844 248.1689453125
