18179 10.497093200683594
18166 10.890007019042969
18139 10.926246643066406
18119 10.925054550170898
18061 11.953115463256836
18044 12.205123901367188
18030 11.201858520507812
18000 10.902881622314453
17949 10.89620590209961
17940 11.138200759887695
17902 10.858774185180664
17862 11.207818984985352
17835 10.960102081298828
17809 10.91766357421875
17785 11.159658432006836
17714 10.989189147949219
17697 10.77723503112793
17648 10.81228256225586
17629 10.691165924072266
17616 10.601997375488281
17592 10.647058486938477
17578 10.612010955810547
17539 10.602951049804688
17530 10.586977005004883
17511 10.57887077331543
17496 10.616064071655273
17485 10.62774658203125
17470 10.622024536132812
17447 10.882854461669922
17435 10.683774948120117
17420 10.827064514160156
17410 10.660171508789062
17369 10.639190673828125
17340 10.63084602355957
17263 10.647058486938477
17254 10.627985000610352
17245 10.61701774597168
17236 10.653257369995117
17216 10.769128799438477
17203 11.771202087402344
17192 11.047840118408203
17177 12.76707649230957
17167 15.794038772583008
17146 13.653039932250977
17088 11.400222778320312
17075 11.322021484375
17060 11.21211051940918
17045 11.632204055786133
17028 11.053085327148438
16977 12.055158615112305
16965 11.427879333496094
16935 11.264801025390625
16899 11.178016662597656
16872 10.90097427368164
16852 11.064767837524414
16844 10.897159576416016
16819 11.040925979614258
16804 11.185169219970703
16793 10.936975479125977
16785 10.785102844238281
16751 11.735677719116211
16666 11.993169784545898
16598 13.809919357299805
16590 11.317014694213867
16559 10.923147201538086
16527 10.957002639770508
16479 13.092041015625
16453 11.344194412231445
16441 11.364936828613281
16423 11.497974395751953
16404 12.515068054199219
16397 12.37034797668457
16371 27.78792381286621
16315 25.137901306152344
16308 18.990039825439453
16252 12.126922607421875
16242 11.261940002441406
16226 11.255025863647461
16215 13.461112976074219
16198 15.852928161621094
16176 11.84988021850586
16157 12.060880661010742
16102 11.687278747558594
16087 11.610984802246094
16073 11.705160140991211
16070 11.283159255981445
16048 13.019800186157227
16022 12.349128723144531
16004 12.883186340332031
15997 11.535882949829102
15990 11.88516616821289
15983 12.12310791015625
15970 11.6119384765625
15958 11.528253555297852
15953 11.937141418457031
15937 11.615991592407227
15864 11.447906494140625
15851 11.909246444702148
15839 11.750936508178711
15831 11.049032211303711
15799 11.27481460571289
15768 11.06405258178711
15753 11.016130447387695
15717 11.198043823242188
15690 10.957956314086914
15670 10.70094108581543
15652 11.080026626586914
15595 10.85805892944336
15566 10.761022567749023
15554 10.934114456176758
15549 11.059045791625977
15520 10.830163955688477
15516 10.788679122924805
15516 11.44719123840332
15452 10.876893997192383
15439 10.769367218017578
15399 11.178016662597656
15348 10.828971862792969
15329 10.773420333862305
15324 11.238813400268555
15272 10.715007781982422
15272 10.712862014770508
15266 10.979652404785156
15260 11.06405258178711
15248 10.903120040893555
15237 10.935068130493164
15228 10.977983474731445
15214 10.880231857299805
15211 10.979890823364258
15197 10.923147201538086
15187 11.167287826538086
15168 11.255741119384766
15147 11.066913604736328
15143 11.400938034057617
15140 11.141061782836914
15122 11.229991912841797
15121 11.301040649414062
15085 11.035919189453125
15044 11.426925659179688
15037 11.150121688842773
15034 11.075735092163086
15024 11.268854141235352
14947 11.141061782836914
14944 11.299848556518555
14937 11.143207550048828
14919 11.415243148803711
14872 11.107921600341797
14863 11.119842529296875
14843 11.26408576965332
14839 11.0321044921875
14827 11.30223274230957
14784 11.263370513916016
14775 11.46078109741211
14740 11.007070541381836
14731 11.148929595947266
14721 11.205911636352539
14715 11.188983917236328
14673 11.072874069213867
14672 11.889934539794922
14644 11.224985122680664
14625 11.265754699707031
14621 11.584758758544922
14621 11.132001876831055
14551 11.29293441772461
14550 11.512041091918945
14537 11.313199996948242
14537 11.192798614501953
14525 11.880874633789062
14525 11.233806610107422
14520 11.438131332397461
14516 12.231826782226562
14510 11.616945266723633
14508 11.567831039428711
14504 12.443065643310547
14496 12.968063354492188
14486 13.331890106201172
14485 12.343645095825195
14482 12.229204177856445
14469 11.839866638183594
14429 11.529922485351562
14429 11.835813522338867
14429 12.189149856567383
14417 11.573076248168945
14411 11.606693267822266
14349 11.837244033813477
14343 11.900901794433594
14343 11.870861053466797
14338 12.292146682739258
14334 11.862039566040039
14332 11.999845504760742
14305 11.363983154296875
14303 11.970996856689453
14227 11.617898941040039
14213 11.613845825195312
14200 12.061834335327148
14164 11.896133422851562
14164 11.59811019897461
14164 11.543989181518555
14158 12.048959732055664
14146 11.548995971679688
14123 11.747121810913086
14064 12.137889862060547
14041 11.994123458862305
14040 11.445999145507812
14036 11.790037155151367
14035 11.896848678588867
14035 11.723041534423828
14027 11.464118957519531
14027 12.068033218383789
14027 11.632204055786133
14015 11.512994766235352
14015 12.000083923339844
14015 12.05301284790039
13981 11.394739151000977
13958 11.624813079833984
13957 12.25900650024414
13938 11.792182922363281
13937 11.760950088500977
13913 12.022018432617188
13895 11.317014694213867
13895 11.236190795898438
13850 11.125802993774414
13850 11.138916015625
13850 10.938167572021484
13841 11.141061782836914
13841 10.949850082397461
13786 11.127710342407227
13786 10.894775390625
13777 10.841846466064453
13771 10.896921157836914
13720 10.834932327270508
13679 12.419700622558594
13639 12.130022048950195
13621 11.633157730102539
13610 11.914730072021484
13569 10.928869247436523
13569 10.889291763305664
13564 10.867118835449219
13520 11.374950408935547
13520 11.122941970825195
13520 11.017799377441406
13520 11.026859283447266
13463 11.868953704833984
13446 11.101007461547852
13396 11.590003967285156
13396 11.079788208007812
13396 11.06882095336914
13393 11.555910110473633
13393 11.073112487792969
13346 11.523246765136719
13286 11.977195739746094
13286 11.985063552856445
13207 11.549949645996094
13183 11.622190475463867
13183 11.677980422973633
13183 11.826276779174805
13144 11.966943740844727
13139 11.996030807495117
13139 11.206865310668945
13132 11.880159378051758
13132 12.079715728759766
13132 11.777162551879883
13132 11.43336296081543
13132 11.941909790039062
13131 12.022018432617188
13131 11.259078979492188
13127 11.98267936706543
13127 11.806249618530273
13087 11.331796646118164
13087 11.87896728515625
13055 11.922836303710938
13029 11.764049530029297
13029 11.446952819824219
13029 11.436939239501953
13029 11.326789855957031
13029 11.429071426391602
13012 11.236906051635742
13012 11.358022689819336
12975 11.108875274658203
12969 11.39378547668457
12967 11.074066162109375
12950 11.891365051269531
12949 11.606931686401367
12947 11.240959167480469
12947 11.13581657409668
12947 10.952234268188477
12947 10.88094711303711
12947 10.935783386230469
12937 10.963916778564453
12937 10.900020599365234
12931 11.024236679077148
12915 10.878801345825195
12915 11.073589324951172
12858 10.954141616821289
12828 11.185884475708008
12819 11.070013046264648
12815 10.956764221191406
12815 11.173009872436523
12815 11.04283332824707
12815 11.078834533691406
12815 11.142253875732422
12791 11.070966720581055
12791 11.049270629882812
12725 11.508941650390625
12710 11.924028396606445
12692 12.393951416015625
12654 11.453390121459961
12654 12.215852737426758
12654 11.75999641418457
12650 11.689901351928711
12641 11.520147323608398
12641 11.591911315917969
12641 11.68203353881836
12641 12.11690902709961
12641 11.976957321166992
12641 12.041330337524414
12641 11.445045471191406
12641 12.183189392089844
12629 11.99483871459961
12629 11.806964874267578
12629 11.670112609863281
12629 12.111186981201172
12597 11.868953704833984
12597 11.509895324707031
12596 11.939048767089844
12595 11.73090934753418
12595 11.346101760864258
12595 11.422872543334961
12520 11.51585578918457
12502 11.693954467773438
12502 11.567115783691406
12499 11.336803436279297
12499 11.506080627441406
12499 11.353254318237305
12499 11.43503189086914
12425 11.980056762695312
12425 11.306285858154297
12346 11.626958847045898
12346 11.46078109741211
12333 11.945247650146484
12333 11.43789291381836
12333 11.570215225219727
12333 11.334896087646484
12333 11.578083038330078
12333 11.450767517089844
12302 11.155128479003906
12302 11.61503791809082
12281 11.406898498535156
12281 11.451005935668945
12281 11.38925552368164
12267 11.60883903503418
12220 11.314153671264648
12220 11.362075805664062
12216 11.445999145507812
12216 11.278867721557617
12207 11.916160583496094
12207 11.348962783813477
12184 11.893033981323242
12150 11.330842971801758
12150 11.178016662597656
12150 11.799097061157227
12150 11.208057403564453
12150 11.276006698608398
12150 11.321783065795898
12120 11.282920837402344
12120 11.247873306274414
12120 11.615276336669922
12120 11.385679244995117
12105 11.350154876708984
12105 11.502265930175781
12105 11.396169662475586
12083 11.469841003417969
12083 11.411190032958984
12083 11.34800910949707
12076 11.413097381591797
12073 11.444807052612305
12073 11.522054672241211
12038 11.197090148925781
12038 11.298894882202148
12037 11.130809783935547
12033 11.148691177368164
12030 11.693000793457031
12030 11.91401481628418
12030 11.595010757446289
12030 11.465787887573242
12027 11.311769485473633
12027 11.223793029785156
12005 11.21211051940918
12005 11.14797592163086
12005 11.358976364135742
11998 11.13581657409668
11998 11.307001113891602
11975 11.636018753051758
11971 11.236190795898438
11971 11.055946350097656
11971 11.733055114746094
11971 11.641979217529297
11971 11.130809783935547
11971 11.565923690795898
11967 11.166810989379883
11960 11.164188385009766
11960 11.465787887573242
11912 11.218070983886719
11912 11.166810989379883
11912 11.157989501953125
11912 11.165142059326172
11912 11.126041412353516
11912 11.497020721435547
11912 11.249780654907227
11912 11.172056198120117
11912 11.201858520507812
11912 11.569738388061523
11912 13.292074203491211
11912 12.212991714477539
11912 12.186288833618164
11912 11.126995086669922
11912 11.631965637207031
11912 11.22903823852539
11912 11.126041412353516
11909 11.166810989379883
11909 11.162281036376953
11909 12.061357498168945
11909 11.406660079956055
11867 11.26408576965332
11867 11.138677597045898
11853 11.481046676635742
11823 11.111021041870117
11813 11.459827423095703
11813 11.137962341308594
11813 11.154890060424805
11813 11.113166809082031
11813 11.105060577392578
11813 11.12985610961914
11813 11.305093765258789
11813 11.339902877807617
11813 11.279106140136719
11813 11.303186416625977
11808 11.461973190307617
11774 11.835098266601562
11774 12.366056442260742
11774 11.68203353881836
11774 11.773824691772461
11774 11.610984802246094
11774 11.735916137695312
11774 11.413812637329102
11774 12.133121490478516
11774 11.587142944335938
11774 12.286901473999023
11774 11.958122253417969
11774 12.477874755859375
11774 12.080907821655273
11774 12.158870697021484
11774 11.54017448425293
11772 12.115001678466797
11761 11.853218078613281
11761 11.706113815307617
11761 12.426137924194336
11761 12.403011322021484
11700 12.064933776855469
11700 11.88802719116211
11700 12.12620735168457
11700 11.946916580200195
11700 11.474847793579102
11661 11.681079864501953
11661 11.558055877685547
11646 11.336088180541992
11646 11.675834655761719
11646 11.507034301757812
11646 11.666059494018555
11605 11.56926155090332
11605 11.77072525024414
11605 11.811017990112305
11605 11.707782745361328
11564 11.53111457824707
11564 11.732101440429688
11564 11.511087417602539
11564 11.693000793457031
11564 25.777816772460938
11548 21.40498161315918
11548 18.42808723449707
11548 12.005090713500977
11548 11.717796325683594
11548 11.654138565063477
11548 16.620874404907227
11548 16.480207443237305
11548 13.675928115844727
11548 11.888980865478516
11548 11.748075485229492
11548 13.664007186889648
11546 11.57379150390625
11546 11.814117431640625
11546 13.270854949951172
11546 14.432668685913086
11546 12.090921401977539
11546 11.545896530151367
11546 13.391733169555664
11478 11.864185333251953
11478 12.911796569824219
11478 16.277074813842773
11444 15.79904556274414
11444 20.478248596191406
11444 17.831802368164062
11444 14.215946197509766
11444 16.283035278320312
11444 16.039371490478516
11444 14.523029327392578
11444 15.251874923706055
11444 13.831853866577148
11444 11.290311813354492
11444 11.162042617797852
11444 14.555692672729492
11444 11.667966842651367
11444 12.427091598510742
11444 13.220071792602539
11444 11.646032333374023
11444 13.3819580078125
11444 15.121221542358398
11444 11.783838272094727
11444 12.98213005065918
11444 11.404037475585938
11429 11.975765228271484
11429 14.054298400878906
11424 11.241912841796875
11424 11.904001235961914
11424 11.241912841796875
11424 11.118173599243164
11424 11.113166809082031
11424 11.111259460449219
11424 11.110067367553711
11424 11.218070983886719
11424 11.225223541259766
11424 11.143922805786133
11403 11.12508773803711
11403 11.107921600341797
11403 11.14797592163086
11403 11.126995086669922
11403 11.132001876831055
11403 11.161088943481445
11403 11.142253875732422
11403 11.127948760986328
11403 11.404991149902344
11403 11.660099029541016
11403 11.50202751159668
11403 11.358022689819336
11403 11.340856552124023
11403 11.529922485351562
11403 11.458158493041992
11374 11.34800910949707
11374 11.458873748779297
11349 11.373043060302734
11349 11.273860931396484
11349 11.553049087524414
11349 11.523246765136719
11349 11.207818984985352
11349 11.261224746704102
11349 11.182069778442383
11349 11.34490966796875
11296 11.082887649536133
11296 11.101007461547852
11288 11.149168014526367
11288 11.126995086669922
11288 11.085033416748047
11288 11.159896850585938
11288 11.110067367553711
11288 11.121273040771484
11288 11.118173599243164
11288 11.088132858276367
11288 11.107683181762695
11288 11.121034622192383
11288 11.117935180664062
11288 11.108160018920898
11288 11.168956756591797
11288 11.116981506347656
11288 11.115074157714844
11288 11.140108108520508
11288 11.121988296508789
11288 11.41977310180664
11288 11.775016784667969
11286 11.525869369506836
11286 11.831998825073242
11286 11.1541748046875
11286 11.232137680053711
11286 11.12985610961914
11247 11.122941970825195
11247 11.127948760986328
11247 11.223077774047852
11247 11.175155639648438
11247 11.209964752197266
11247 11.091947555541992
11247 11.115789413452148
11247 11.130094528198242
11247 11.116981506347656
11247 11.119842529296875
11247 11.172056198120117
11247 11.133193969726562
11247 11.160135269165039
11247 11.178970336914062
11247 11.172056198120117
11247 11.188983917236328
11247 11.18016242980957
11220 11.1541748046875
11220 11.68513298034668
11220 11.43026351928711
11220 11.154890060424805
11200 11.343002319335938
11200 11.445999145507812
11200 11.209964752197266
11200 11.16323471069336
11173 11.199235916137695
11173 11.196136474609375
11173 11.183023452758789
11173 11.219978332519531
11173 11.204004287719727
11173 11.192083358764648
11173 11.209964752197266
11173 11.245965957641602
11173 11.195182800292969
11173 11.228799819946289
11173 11.250972747802734
11173 11.19685173034668
11173 11.188030242919922
11173 11.275053024291992
11173 11.187314987182617
11173 11.204957962036133
11173 11.183023452758789
11173 11.1846923828125
11173 11.23499870300293
11173 11.248111724853516
11173 11.200904846191406
11173 11.213064193725586
11173 11.234760284423828
11173 11.217832565307617
11173 11.236190795898438
11158 11.219024658203125
11158 11.204957962036133
11158 11.232852935791016
11113 11.204004287719727
11082 11.186838150024414
11082 11.18922233581543
11082 11.198043823242188
11082 11.847972869873047
11082 11.739253997802734
11074 11.559009552001953
11074 11.806011199951172
11074 12.480020523071289
11074 11.337041854858398
11074 11.227846145629883
11074 11.206865310668945
11074 11.228084564208984
11074 11.307954788208008
11074 11.194944381713867
11074 11.217832565307617
11074 11.421918869018555
11060 11.208057403564453
11060 11.210918426513672
11055 11.224031448364258
11055 11.195898056030273
11055 11.20305061340332
11055 11.743783950805664
11055 12.272834777832031
11055 13.094902038574219
11055 12.27426528930664
11055 11.238813400268555
11055 11.21377944946289
11010 11.259078979492188
11010 11.23499870300293
11010 11.242866516113281
11010 11.254072189331055
11010 11.272907257080078
11010 11.245012283325195
11010 11.240959167480469
11010 11.281251907348633
11010 11.32512092590332
11010 11.270761489868164
11010 11.261940002441406
11010 11.363744735717773
11010 11.287927627563477
11010 11.268138885498047
11010 11.269807815551758
11010 11.253833770751953
11010 11.25192642211914
11010 11.276006698608398
11010 11.281013488769531
11010 11.282920837402344
11010 11.317968368530273
11010 11.296987533569336
11010 11.305093765258789
11010 11.301040649414062
11010 11.305093765258789
11010 11.336803436279297
11010 11.358976364135742
11010 11.301279067993164
11010 11.297941207885742
11010 11.348962783813477
11010 11.324882507324219
11010 11.343002319335938
11010 11.303901672363281
11010 11.312246322631836
11010 11.33584976196289
11010 11.323213577270508
11010 11.330842971801758
11010 11.339902877807617
11010 11.327981948852539
11010 11.360883712768555
11010 11.352777481079102
11010 11.373043060302734
11010 11.383056640625
11010 11.350154876708984
11010 11.343955993652344
11010 11.3677978515625
11010 11.329174041748047
11010 11.364936828613281
11010 11.376142501831055
11010 11.35396957397461
11010 11.36016845703125
11010 11.383056640625
11010 11.355161666870117
11010 11.38615608215332
11010 11.404991149902344
11010 11.391162872314453
11010 11.397123336791992
11010 11.348247528076172
11010 11.354207992553711
11010 11.331796646118164
11010 11.356830596923828
10993 11.406660079956055
10993 11.34800910949707
10993 11.375904083251953
10993 11.404037475585938
10993 11.391401290893555
10993 11.396169662475586
10993 11.383771896362305
10993 11.380910873413086
10993 11.410951614379883
10993 11.407852172851562
10993 11.393070220947266
10993 11.511087417602539
10993 11.444091796875
10993 11.44099235534668
10993 11.407852172851562
10993 11.429786682128906
10993 11.430978775024414
10993 11.427164077758789
10993 11.462926864624023
10993 11.497974395751953
10993 11.41810417175293
10993 11.495113372802734
10993 11.449098587036133
10993 11.44862174987793
10993 11.450767517089844
10993 11.426687240600586
10960 11.445999145507812
10960 11.972904205322266
10960 11.875152587890625
10960 11.564254760742188
10960 11.466026306152344
10960 11.467933654785156
10960 11.503934860229492
10960 11.461973190307617
10960 11.484146118164062
10960 11.474132537841797
10960 11.480093002319336
10960 11.502742767333984
10960 11.536121368408203
10960 11.477947235107422
10960 11.494874954223633
10960 11.507987976074219
10960 11.488914489746094
10960 11.484861373901367
10960 11.517047882080078
10960 11.495828628540039
10960 11.497020721435547
10960 11.512041091918945
10960 12.047052383422852
10960 11.46388053894043
10960 11.523008346557617
10960 11.59214973449707
10960 11.507987976074219
10960 11.496782302856445
10960 11.528968811035156
10960 11.50369644165039
10960 11.505126953125
10921 11.483192443847656
10921 11.46697998046875
10921 11.468887329101562
10921 11.503934860229492
10921 11.487960815429688
10921 11.572122573852539
10921 11.578798294067383
10921 11.56926155090332
10921 11.52801513671875
10921 11.568069458007812
10921 11.564016342163086
10921 11.566162109375
10921 11.546134948730469
10921 11.56926155090332
10921 11.570215225219727
10921 11.574029922485352
10921 11.561870574951172
10921 11.58595085144043
10921 11.547327041625977
10921 11.572837829589844
10904 11.625051498413086
10904 11.501073837280273
10904 11.524200439453125
10868 11.410951614379883
10868 11.422872543334961
10868 11.480093002319336
10868 11.408805847167969
10838 11.893749237060547
10838 11.348962783813477
10818 11.387109756469727
10818 11.368274688720703
10818 11.335134506225586
10818 11.384010314941406
10818 11.412382125854492
10818 11.37399673461914
10818 11.449813842773438
10818 11.507987976074219
10818 11.441230773925781
10818 11.323213577270508
10818 11.345148086547852
10818 11.367082595825195
10818 11.352300643920898
10818 11.335134506225586
10807 11.321067810058594
10807 11.306047439575195
10807 11.345148086547852
10807 11.342763900756836
10807 11.329889297485352
10807 11.406898498535156
10807 11.369943618774414
10807 11.34634017944336
10807 11.382102966308594
10807 11.365175247192383
10807 11.356115341186523
10807 11.337995529174805
10807 11.363983154296875
10807 11.343002319335938
10807 11.56473159790039
10807 11.494874954223633
10807 12.057781219482422
10807 11.410951614379883
10807 11.894941329956055
10807 11.79814338684082
10807 11.751890182495117
10807 11.630058288574219
10807 11.580228805541992
10807 11.733055114746094
10807 11.801004409790039
10807 11.600017547607422
10807 11.873006820678711
10807 11.766910552978516
10807 11.471986770629883
10807 11.430978775024414
10807 11.420965194702148
10807 11.446714401245117
10807 11.427164077758789
10807 11.432886123657227
10807 11.461973190307617
10807 11.444091796875
10807 11.454105377197266
10807 11.487007141113281
10807 11.459112167358398
10807 11.748075485229492
10807 11.456012725830078
10807 11.471986770629883
10807 11.496782302856445
10807 11.467933654785156
10807 11.502742767333984
10807 11.475801467895508
10807 11.615991592407227
10807 11.560916900634766
10807 11.458635330200195
10807 11.441946029663086
10807 11.486053466796875
10807 11.619091033935547
10807 11.43193244934082
10807 11.51418685913086
10773 11.512041091918945
10773 11.504888534545898
10773 11.51585578918457
10773 11.537790298461914
10773 11.539936065673828
10773 11.656045913696289
10773 11.564970016479492
10773 11.523962020874023
10773 11.537790298461914
10773 11.548995971679688
10773 11.539936065673828
10773 11.556863784790039
10773 11.5509033203125
10773 11.549949645996094
10773 11.564970016479492
10763 11.560201644897461
10763 11.577129364013672
10763 11.580944061279297
10753 11.604785919189453
10753 11.635303497314453
10753 11.592864990234375
10753 11.564016342163086
10753 11.555194854736328
10753 11.575698852539062
10753 11.572122573852539
10753 11.609077453613281
10753 11.553049087524414
10753 11.640071868896484
10753 11.625051498413086
10753 11.616945266723633
10753 11.610031127929688
10753 11.607885360717773
10753 11.632204055786133
10753 11.627912521362305
10753 11.645078659057617
10753 11.620044708251953
10753 11.622190475463867
10753 11.632204055786133
10753 11.629819869995117
10753 11.662006378173828
10753 11.632919311523438
10753 11.631011962890625
10753 11.660099029541016
10753 11.642217636108398
10753 11.649131774902344
10753 11.656045913696289
10753 11.696338653564453
10753 11.748075485229492
10753 11.603116989135742
10753 11.69896125793457
10753 11.638879776000977
10753 11.667966842651367
10753 11.579036712646484
10753 11.655092239379883
10753 11.67607307434082
10753 11.6729736328125
10753 11.662960052490234
10753 11.94000244140625
10753 11.729001998901367
10753 11.616945266723633
10753 11.701107025146484
10753 11.677026748657227
10753 11.70492172241211
10753 11.687040328979492
10753 11.699914932250977
10753 11.742115020751953
10753 11.713027954101562
10753 11.725664138793945
10753 11.924982070922852
10753 11.766195297241211
10753 11.70206069946289
10753 11.669158935546875
10753 11.69896125793457
10753 11.681079864501953
10753 11.695146560668945
10753 11.674880981445312
10753 11.745929718017578
10753 11.656999588012695
10753 11.713027954101562
10753 12.646913528442383
10753 11.792898178100586
10753 11.742830276489258
10753 11.797904968261719
10753 11.952877044677734
10753 11.952877044677734
10753 11.729717254638672
10753 11.883974075317383
10753 11.710882186889648
10753 12.265920639038086
10753 11.731147766113281
10753 11.721134185791016
10753 11.868000030517578
10753 11.736154556274414
10753 11.738300323486328
10753 11.8560791015625
10753 11.720895767211914
10753 11.728048324584961
10753 11.72184944152832
10753 11.742830276489258
10753 11.759281158447266
10753 11.787652969360352
10753 12.543201446533203
10753 14.213085174560547
10753 15.187263488769531
10753 12.799978256225586
10753 14.732122421264648
10753 12.263059616088867
10753 11.78288459777832
10753 11.73090934753418
10753 11.754989624023438
10753 11.858940124511719
10753 12.350797653198242
10753 11.837005615234375
10753 11.751174926757812
10753 11.829137802124023
10753 11.80267333984375
10753 11.744976043701172
10753 11.750221252441406
10753 11.74306869506836
10753 11.996030807495117
10753 12.525081634521484
10753 11.94906234741211
