1044 0.6687641143798828
1034 0.5331039428710938
1014 0.5009174346923828
992 0.5030632019042969
971 0.4990100860595703
963 0.5040168762207031
880 0.5040168762207031
848 0.5061626434326172
835 0.5278587341308594
761 0.4470348358154297
723 0.4439353942871094
722 0.4489421844482422
716 0.44798851013183594
714 0.4508495330810547
701 0.45299530029296875
692 0.45800209045410156
687 0.4582405090332031
673 0.4639625549316406
669 0.4668235778808594
649 0.4680156707763672
614 0.46896934509277344
606 0.47016143798828125
591 0.46896934509277344
583 0.47397613525390625
570 0.47278404235839844
564 0.4761219024658203
560 0.4782676696777344
543 0.4799365997314453
524 0.5092620849609375
491 0.492095947265625
491 0.48995018005371094
459 0.4909038543701172
445 0.4909038543701172
442 0.492095947265625
441 0.4940032958984375
428 0.4947185516357422
418 0.49614906311035156
414 0.4992485046386719
410 0.49591064453125
410 0.4990100860595703
373 0.49686431884765625
324 0.5328655242919922
324 0.5109310150146484
304 0.51116943359375
304 0.5118846893310547
304 0.5128383636474609
266 0.5078315734863281
258 0.5049705505371094
258 0.5090236663818359
258 0.5109310150146484
258 0.5099773406982422
258 0.5137920379638672
249 0.5071163177490234
249 0.5099773406982422
249 0.5118846893310547
249 0.5171298980712891
249 0.5159378051757812
214 0.5199909210205078
214 0.5159378051757812
214 0.5209445953369141
214 0.5230903625488281
194 0.5166530609130859
194 0.5209445953369141
194 0.5197525024414062
194 0.5218982696533203
179 0.514984130859375
179 0.5118846893310547
179 0.5171298980712891
177 0.5159378051757812
177 0.5152225494384766
177 0.55694580078125
177 0.6437301635742188
177 0.5269050598144531
177 0.5640983581542969
176 0.5278587341308594
176 0.5269050598144531
176 0.6480216979980469
176 0.5869865417480469
176 0.5328655242919922
176 0.5290508270263672
176 0.5311965942382812
176 0.5340576171875
176 0.5350112915039062
176 0.5369186401367188
176 0.5359649658203125
176 0.5376338958740234
173 0.5381107330322266
173 0.5419254302978516
173 0.5438327789306641
173 0.5447864532470703
173 0.5469322204589844
173 0.5488395690917969
173 0.6079673767089844
173 0.5509853363037109
173 0.553131103515625
173 0.5550384521484375
173 0.5578994750976562
173 0.5629062652587891
173 0.5559921264648438
140 0.5381107330322266
140 0.5381107330322266
140 0.5397796630859375
140 0.5409717559814453
140 0.5450248718261719
140 0.5638599395751953
140 0.5488395690917969
140 0.5481243133544922
140 0.5478858947753906
140 0.5497932434082031
140 0.5528926849365234
140 0.5540847778320312
140 0.5562305450439453
140 0.5581378936767578
140 0.5562305450439453
140 0.5581378936767578
140 0.5638599395751953
140 0.5598068237304688
140 0.5638599395751953
140 0.5629062652587891
140 0.5669593811035156
140 0.5688667297363281
140 0.5691051483154297
140 0.5686283111572266
140 0.5791187286376953
140 0.6849765777587891
140 0.5817413330078125
140 0.5738735198974609
140 0.6241798400878906
140 1.0561943054199219
113 0.6070137023925781
113 0.6430149078369141
113 0.6058216094970703
113 0.6070137023925781
113 0.6060600280761719
113 0.6067752838134766
113 0.6139278411865234
113 0.6082057952880859
113 0.6160736083984375
113 0.6170272827148438
113 0.6160736083984375
113 0.6148815155029297
113 0.6198883056640625
113 0.6189346313476562
113 0.6289482116699219
113 0.6198883056640625
113 0.6241798400878906
113 0.6279945373535156
113 0.6282329559326172
113 0.6299018859863281
113 0.6320476531982422
113 0.6289482116699219
113 0.6327629089355469
113 0.6361007690429688
113 0.637054443359375
113 0.6337165832519531
113 0.6420612335205078
113 0.6401538848876953
113 0.6399154663085938
113 0.6461143493652344
113 0.6680488586425781
113 0.6451606750488281
113 0.6520748138427734
113 0.6477832794189453
113 0.6480216979980469
113 0.6527900695800781
113 0.6561279296875
113 0.6511211395263672
113 0.6580352783203125
113 0.6549358367919922
113 0.6558895111083984
113 0.6573200225830078
113 0.6630420684814453
113 0.6608963012695312
113 0.6608963012695312
113 0.6678104400634766
113 0.6668567657470703
113 0.6661415100097656
113 0.6699562072753906
113 0.6687641143798828
113 0.6759166717529297
113 0.6761550903320312
113 0.67901611328125
113 0.675201416015625
113 0.6880760192871094
113 0.67901611328125
113 0.6949901580810547
113 0.6880760192871094
113 0.6859302520751953
113 0.6799697875976562
113 0.6880760192871094
113 0.6871223449707031
113 0.6890296936035156
113 0.6861686706542969
113 0.6911754608154297
113 0.6918907165527344
113 0.6957054138183594
113 0.6959438323974609
113 0.6966590881347656
113 0.6949901580810547
113 0.7040500640869141
113 0.7009506225585938
113 0.7071495056152344
113 0.7069110870361328
113 0.7081031799316406
113 0.7102489471435547
113 0.7119178771972656
113 0.7078647613525391
113 0.7138252258300781
113 0.7269382476806641
113 0.7150173187255859
113 0.7171630859375
113 0.7207393646240234
113 0.7169246673583984
113 0.7269382476806641
113 0.7228851318359375
113 0.7238388061523438
113 0.72479248046875
113 0.7290840148925781
113 0.72479248046875
113 0.7319450378417969
113 0.7319450378417969
113 0.7328987121582031
113 0.7340908050537109
113 0.7381439208984375
113 0.7338523864746094
113 0.74005126953125
113 0.7388591766357422
113 0.7429122924804688
113 0.7431507110595703
113 0.7452964782714844
113 0.7622241973876953
113 0.743865966796875
113 0.7460117340087891
113 0.7441043853759766
113 0.7481575012207031
113 0.7491111755371094
113 0.7460117340087891
113 0.7519721984863281
113 0.7531642913818359
113 0.7522106170654297
113 0.759124755859375
113 0.7569789886474609
113 0.75531005859375
113 0.7610321044921875
113 0.7617473602294922
113 0.7600784301757812
113 0.7650852203369141
113 0.7658004760742188
113 0.7679462432861328
113 0.7688999176025391
113 0.7708072662353516
113 0.8740425109863281
113 0.7829666137695312
113 0.7779598236083984
113 0.7848739624023438
113 0.8158683776855469
113 0.9489059448242188
113 0.8618831634521484
113 0.8118152618408203
113 0.7851123809814453
113 0.7832050323486328
113 0.7879734039306641
113 0.7839202880859375
113 0.7939338684082031
113 0.7898807525634766
113 0.7910728454589844
113 0.7910728454589844
113 0.7963180541992188
113 0.7929801940917969
113 0.7951259613037109
113 0.7939338684082031
113 0.8020401000976562
113 0.8261203765869141
113 0.8070468902587891
113 0.80108642578125
113 0.8037090301513672
113 0.8068084716796875
113 0.8089542388916016
113 0.8039474487304688
113 0.8127689361572266
113 0.8080005645751953
113 0.8132457733154297
113 0.8120536804199219
113 0.8177757263183594
113 0.8120536804199219
113 0.8220672607421875
113 0.8170604705810547
113 0.8208751678466797
113 1.0271072387695312
113 0.8699893951416016
113 0.8571147918701172
113 0.8578300476074219
113 0.9071826934814453
113 0.8339881896972656
113 0.8299350738525391
113 0.8358955383300781
113 0.8289813995361328
113 0.8380413055419922
113 0.8349418640136719
113 0.8409023284912109
113 0.8378028869628906
113 0.9069442749023438
113 0.9307861328125
113 0.8730888366699219
113 0.8492469787597656
113 0.9510517120361328
113 0.8497238159179688
113 0.8499622344970703
113 0.8480548858642578
113 0.8537769317626953
113 0.8509159088134766
113 0.8599758148193359
113 0.8590221405029297
113 0.8597373962402344
113 0.8552074432373047
113 0.8623600006103516
113 0.8611679077148438
113 0.8637905120849609
113 0.8592605590820312
113 0.8640289306640625
113 0.9608268737792969
113 0.9570121765136719
113 0.8952617645263672
113 0.9179115295410156
113 0.9348392486572266
113 0.8766651153564453
113 0.8749961853027344
113 0.8792877197265625
113 0.8749961853027344
113 0.8821487426757812
113 0.8802413940429688
113 0.8919239044189453
113 0.8840560913085938
113 0.8871555328369141
113 0.885009765625
113 0.8890628814697266
113 0.8940696716308594
113 0.8907318115234375
113 0.8919239044189453
113 1.0209083557128906
113 0.9200572967529297
113 0.9191036224365234
113 0.9407997131347656
113 0.9629726409912109
113 0.904083251953125
113 0.9059906005859375
113 0.9009838104248047
113 0.9160041809082031
113 0.9310245513916016
113 0.92315673828125
113 0.9129047393798828
113 0.9169578552246094
113 0.9138584136962891
113 0.9169578552246094
113 0.9191036224365234
113 0.9200572967529297
113 0.9198188781738281
113 1.0502338409423828
113 0.9288787841796875
113 0.946044921875
113 1.0449886322021484
113 0.9288787841796875
113 0.9238719940185547
113 0.9248256683349609
113 0.926971435546875
113 0.9300708770751953
113 0.9310245513916016
113 0.9663105010986328
113 0.9353160858154297
113 0.9322166442871094
113 0.9338855743408203
113 0.9379386901855469
113 0.9419918060302734
113 0.9398460388183594
113 0.9939670562744141
113 1.032114028930664
113 0.965118408203125
113 0.9891986846923828
113 1.0118484497070312
113 0.9510517120361328
113 0.9479522705078125
113 0.9489059448242188
113 0.9489059448242188
113 0.9589195251464844
113 0.9648799896240234
113 0.9579658508300781
113 0.9570121765136719
113 0.9572505950927734
113 0.9582042694091797
113 0.9610652923583984
113 0.9632110595703125
113 1.0209083557128906
113 1.0559558868408203
113 1.0039806365966797
113 1.020193099975586
113 1.0251998901367188
113 0.9799003601074219
113 0.9772777557373047
113 0.9770393371582031
113 0.9770393371582031
113 0.9789466857910156
113 1.0390281677246094
113 0.9870529174804688
113 0.9829998016357422
113 0.9829998016357422
113 0.9820461273193359
113 0.988006591796875
113 0.9889602661132812
113 1.0991096496582031
113 0.9989738464355469
113 1.0120868682861328
113 1.0399818420410156
113 1.0411739349365234
113 0.9989738464355469
113 0.9982585906982422
113 1.0027885437011719
113 0.9992122650146484
113 1.0182857513427734
113 0.9999275207519531
113 1.0039806365966797
113 0.9992122650146484
113 1.0099411010742188
113 1.0046958923339844
113 1.007080078125
113 1.0097026824951172
113 1.0120868682861328
113 1.0068416595458984
113 1.0139942169189453
113 1.0111331939697266
113 1.0139942169189453
113 1.0156631469726562
113 1.024007797241211
113 1.0159015655517578
113 1.0440349578857422
113 1.0232925415039062
113 1.0230541229248047
113 1.024007797241211
113 1.0349750518798828
113 1.0259151458740234
113 1.0311603546142578
113 1.02996826171875
113 1.0340213775634766
113 1.0330677032470703
113 1.0368824005126953
113 1.0328292846679688
113 1.0399818420410156
113 1.0380744934082031
113 1.0409355163574219
113 1.0411739349365234
113 1.0449886322021484
113 1.046895980834961
113 1.0509490966796875
113 1.074075698852539
113 1.0600090026855469
113 1.0538101196289062
113 1.0571479797363281
113 1.0519027709960938
113 1.0602474212646484
113 1.0581016540527344
113 1.062154769897461
113 1.0652542114257812
113 1.0769367218017578
113 1.0671615600585938
113 1.069784164428711
113 1.1510848999023438
113 1.0728836059570312
113 1.0678768157958984
113 1.0707378387451172
113 1.065969467163086
113 1.071929931640625
113 1.0709762573242188
113 1.085042953491211
113 1.0769367218017578
113 1.0790824890136719
113 1.074075698852539
113 1.081228256225586
113 1.077890396118164
113 1.0819435119628906
113 1.0828971862792969
113 1.0879039764404297
113 1.0890960693359375
113 1.1138916015625
113 1.0890960693359375
113 1.0907649993896484
113 1.09100341796875
113 1.096963882446289
113 1.0919570922851562
113 1.096963882446289
113 1.0950565338134766
113 1.1031627655029297
113 1.1010169982910156
113 1.1036396026611328
113 1.1000633239746094
113 1.10626220703125
113 1.1038780212402344
113 1.1148452758789062
113 1.1219978332519531
113 1.1138916015625
113 1.1110305786132812
113 1.116037368774414
113 1.1119842529296875
113 1.1138916015625
113 1.1148452758789062
113 1.1219978332519531
113 1.1188983917236328
113 1.1219978332519531
113 1.1210441589355469
113 1.1260509490966797
113 1.1241436004638672
113 1.1289119720458984
113 1.1248588562011719
113 1.135110855102539
113 1.129150390625
113 1.1379718780517578
113 1.1341571807861328
113 1.1398792266845703
113 1.1339187622070312
113 1.1398792266845703
113 1.1372566223144531
113 1.142740249633789
113 1.1420249938964844
113 1.1501312255859375
113 1.1401176452636719
113 1.1470317840576172
113 1.148223876953125
113 1.1723041534423828
113 1.1508464813232422
113 1.1582374572753906
113 1.150369644165039
113 1.1560916900634766
113 1.1539459228515625
113 1.1630058288574219
113 1.1572837829589844
113 1.1680126190185547
113 1.1577606201171875
113 1.1639595031738281
113 1.161813735961914
113 1.1699199676513672
113 1.1668205261230469
113 1.1730194091796875
113 1.1730194091796875
113 1.1739730834960938
113 1.1751651763916016
113 1.1792182922363281
113 1.1739730834960938
113 1.1813640594482422
113 1.1737346649169922
113 1.1801719665527344
113 1.2178421020507812
113 1.1892318725585938
113 1.1839866638183594
113 1.1892318725585938
113 1.184701919555664
113 1.2352466583251953
113 1.2028217315673828
113 1.2009143829345703
113 1.1959075927734375
113 1.2018680572509766
113 1.1937618255615234
113 1.2009143829345703
113 1.1968612670898438
113 1.2500286102294922
113 1.2111663818359375
113 1.21307373046875
113 1.2066364288330078
113 1.2099742889404297
113 1.210927963256836
113 1.2350082397460938
113 1.2180805206298828
113 1.2252330780029297
113 1.2159347534179688
113 1.219034194946289
113 1.2161731719970703
113 1.2278556823730469
113 1.2238025665283203
113 1.2311935424804688
113 1.2218952178955078
113 1.232147216796875
113 1.2259483337402344
113 1.2290477752685547
113 1.230001449584961
113 1.2543201446533203
113 1.2328624725341797
113 1.2371540069580078
113 1.2350082397460938
113 1.2390613555908203
113 1.2431144714355469
113 1.2438297271728516
113 1.2378692626953125
113 1.2459754943847656
113 1.241922378540039
113 1.2509822845458984
113 1.2478828430175781
113 1.255035400390625
113 1.3041496276855469
113 1.2569427490234375
113 1.2509822845458984
113 1.2590885162353516
113 1.2557506561279297
113 1.2631416320800781
113 1.2552738189697266
113 1.2650489807128906
113 1.2612342834472656
113 1.2671947479248047
113 1.2650489807128906
113 1.2717247009277344
113 1.2650489807128906
113 1.276254653930664
113 1.2679100036621094
113 1.2791156768798828
113 1.2731552124023438
113 1.2791156768798828
113 1.2791156768798828
113 1.2791156768798828
113 1.2793540954589844
113 1.2853145599365234
113 1.2857913970947266
113 1.2900829315185547
113 1.2860298156738281
113 1.4300346374511719
113 1.2903213500976562
113 1.3191699981689453
113 1.2898445129394531
113 1.291036605834961
113 1.2867450714111328
113 1.291036605834961
113 1.3806819915771484
113 1.3091564178466797
113 1.294851303100586
113 1.3000965118408203
113 1.2941360473632812
113 1.2989044189453125
113 1.4438629150390625
113 1.3377666473388672
113 1.3110637664794922
113 1.3089179992675781
113 1.3039112091064453
113 1.3060569763183594
113 1.30462646484375
113 1.5358924865722656
113 1.3267993927001953
113 1.3217926025390625
113 1.3577938079833984
113 1.3282299041748047
113 1.3203620910644531
113 1.5320777893066406
113 1.3341903686523438
113 1.3248920440673828
113 1.3191699981689453
113 1.3549327850341797
113 1.8727779388427734
113 1.3709068298339844
113 1.3270378112792969
113 1.3320446014404297
113 1.3289451599121094
113 1.3346672058105469
113 1.5761852264404297
113 1.3470649719238281
113 1.3511180877685547
113 1.3539791107177734
113 1.3499259948730469
113 1.3501644134521484
113 1.4793872833251953
113 1.3530254364013672
113 1.3539791107177734
113 1.3518333435058594
113 1.3461112976074219
113 1.3821125030517578
113 1.4629364013671875
113 1.4412403106689453
113 1.3568401336669922
113 1.3608932495117188
113 1.3539791107177734
113 1.50299072265625
113 1.3689994812011719
113 1.3680458068847656
113 1.3630390167236328
113 1.3699531555175781
113 1.3651847839355469
113 1.5990734100341797
113 1.38092041015625
113 1.4777183532714844
113 1.3709068298339844
113 1.3720989227294922
113 1.4033317565917969
113 1.4820098876953125
113 1.3849735260009766
113 1.3909339904785156
113 1.3859272003173828
113 1.3859272003173828
113 1.4369487762451172
113 1.4781951904296875
113 1.4281272888183594
113 1.399993896484375
113 1.3821125030517578
113 1.3930797576904297
113 1.5330314636230469
113 1.4042854309082031
113 1.3971328735351562
113 1.40380859375
113 1.397848129272461
113 1.6031265258789062
113 1.4142990112304688
113 1.4178752899169922
113 1.4159679412841797
113 1.4240741729736328
113 1.4069080352783203
113 1.5311241149902344
113 1.4100074768066406
113 1.4081001281738281
113 1.4128684997558594
113 1.4140605926513672
113 1.4400482177734375
113 1.561880111694336
113 1.421213150024414
113 1.4200210571289062
113 1.439809799194336
113 1.4309883117675781
113 1.596212387084961
113 1.4350414276123047
113 1.4262199401855469
113 1.4269351959228516
113 1.4240741729736328
113 1.497030258178711
113 1.5690326690673828
113 1.4469623565673828
113 1.4269351959228516
113 1.4562606811523438
113 1.4619827270507812
113 1.544952392578125
113 1.4450550079345703
113 1.4448165893554688
113 1.4529228210449219
113 1.4472007751464844
113 1.5797615051269531
113 1.4510154724121094
113 1.4400482177734375
113 1.4781951904296875
113 1.4650821685791016
113 1.46484375
113 1.5931129455566406
113 1.458883285522461
113 1.4488697052001953
113 1.4569759368896484
113 1.5020370483398438
113 1.6031265258789062
113 1.5108585357666016
113 1.4710426330566406
113 1.46484375
113 1.4929771423339844
113 1.605987548828125
113 1.4729499816894531
113 1.462697982788086
113 1.4760494232177734
113 1.4691352844238281
113 1.5442371368408203
113 1.5799999237060547
113 1.4841556549072266
113 1.4750957489013672
113 1.4829635620117188
113 1.4929771423339844
113 1.6560554504394531
113 1.4929771423339844
113 1.4908313751220703
113 1.486063003540039
113 1.4934539794921875
113 1.5170574188232422
113 1.4967918395996094
113 1.4798641204833984
113 1.4870166778564453
113 1.4841556549072266
113 1.627206802368164
113 1.5048980712890625
113 1.5120506286621094
113 1.4979839324951172
113 1.50299072265625
113 1.5411376953125
113 1.5079975128173828
113 1.4979839324951172
113 1.5039443969726562
113 1.4960765838623047
113 1.5337467193603516
113 1.5480518341064453
113 1.5320777893066406
113 1.516103744506836
113 1.5227794647216797
113 1.5130043029785156
113 1.5571117401123047
113 1.5170574188232422
113 1.5282630920410156
113 1.516103744506836
113 1.5239715576171875
113 1.5139579772949219
113 1.5480518341064453
113 1.5211105346679688
113 1.5268325805664062
113 1.524209976196289
113 1.5311241149902344
113 1.5211105346679688
113 1.528024673461914
113 1.5478134155273438
113 1.5370845794677734
113 1.5327930450439453
113 1.5411376953125
113 1.5501976013183594
113 1.5418529510498047
113 1.5370845794677734
113 1.5439987182617188
113 1.538991928100586
113 1.5490055084228516
113 1.5439987182617188
113 1.5480518341064453
113 1.542806625366211
113 1.5559196472167969
113 1.5480518341064453
113 1.5621185302734375
113 1.5549659729003906
113 1.5549659729003906
113 1.550912857055664
113 1.5621185302734375
113 1.5552043914794922
113 1.5649795532226562
113 1.5597343444824219
113 1.5649795532226562
113 1.5621185302734375
113 1.567840576171875
113 1.6651153564453125
113 1.5871524810791016
113 1.600027084350586
113 1.5821456909179688
113 1.5769004821777344
113 1.584768295288086
113 1.5859603881835938
113 1.589059829711914
113 1.5931129455566406
113 1.5900135040283203
113 1.6062259674072266
113 1.6031265258789062
113 1.5926361083984375
113 1.5978813171386719
113 1.5878677368164062
113 1.5950202941894531
113 1.5919208526611328
113 1.5957355499267578
113 1.600027084350586
113 1.6019344329833984
113 1.5959739685058594
113 1.6100406646728516
113 1.6009807586669922
113 1.6040802001953125
113 1.603841781616211
113 1.6131401062011719
113 1.6057491302490234
113 1.611948013305664
113 1.6088485717773438
113 1.6131401062011719
113 1.6131401062011719
113 1.6450881958007812
113 1.6140937805175781
113 1.6210079193115234
113 1.6169548034667969
113 1.619100570678711
113 1.6219615936279297
113 1.6298294067382812
113 1.6269683837890625
113 1.6300678253173828
113 1.6262531280517578
113 1.6469955444335938
113 1.6300678253173828
113 1.6388893127441406
113 1.641988754272461
113 1.6388893127441406
113 1.6350746154785156
113 1.6369819641113281
113 1.6379356384277344
113 1.64794921875
113 1.6429424285888672
113 1.6720294952392578
113 1.6448497772216797
113 1.645803451538086
113 1.6469955444335938
113 1.6548633575439453
113 1.6460418701171875
113 1.6520023345947266
113 1.6489028930664062
113 1.653909683227539
113 1.6558170318603516
113 1.6701221466064453
113 1.6560554504394531
113 1.6620159149169922
113 1.6582012176513672
113 1.6632080078125
113 1.6639232635498047
113 1.6717910766601562
113 1.6629695892333984
113 1.669168472290039
113 1.6660690307617188
113 1.6911029815673828
113 1.6722679138183594
113 1.682281494140625
113 1.6710758209228516
113 1.676797866821289
113 1.672983169555664
113 1.6789436340332031
113 1.6787052154541016
113 1.6870498657226562
113 1.680135726928711
113 1.6911029815673828
113 1.6820430755615234
113 1.6870498657226562
113 1.6880035400390625
113 1.6970634460449219
113 1.68609619140625
113 1.7020702362060547
113 1.7008781433105469
113 1.7349720001220703
113 2.048015594482422
113 1.7478466033935547
113 1.7659664154052734
113 1.7542839050292969
113 1.8579959869384766
113 1.8651485443115234
113 1.7189979553222656
113 1.837015151977539
113 1.7023086547851562
113 1.7671585083007812
113 1.7368793487548828
113 1.7299652099609375
113 1.7158985137939453
113 1.7609596252441406
113 1.8150806427001953
113 1.8308162689208984
113 1.814126968383789
113 1.7271041870117188
113 1.8548965454101562
113 1.7609596252441406
113 1.7130374908447266
113 1.7180442810058594
113 1.8360614776611328
113 1.7271041870117188
113 1.8589496612548828
113 1.8460750579833984
113 1.7826557159423828
113 1.8990039825439453
113 1.7311573028564453
113 1.7511844635009766
113 1.7499923706054688
113 1.898050308227539
113 1.7399787902832031
113 1.8658638000488281
113 1.771688461303711
113 1.8780231475830078
113 1.8711090087890625
113 1.7940998077392578
113 1.7709732055664062
113 1.7559528350830078
113 1.9199848175048828
113 1.7580986022949219
113 1.8727779388427734
113 1.7919540405273438
113 1.8897056579589844
113 1.9021034240722656
113 1.7609596252441406
113 1.7888545989990234
113 1.7631053924560547
113 1.9409656524658203
113 1.764059066772461
113 1.9059181213378906
113 1.7881393432617188
113 2.0220279693603516
113 1.8160343170166016
113 1.7750263214111328
113 1.7848014831542969
113 1.8768310546875
113 1.8148422241210938
113 1.7850399017333984
113 1.9261837005615234
113 1.8329620361328125
113 2.010822296142578
113 1.7848014831542969
113 1.7731189727783203
113 1.8088817596435547
113 2.0220279693603516
113 1.8241405487060547
113 1.8041133880615234
113 1.950979232788086
113 2.0003318786621094
113 1.9490718841552734
113 1.79290771484375
113 1.8010139465332031
113 1.8718242645263672
113 1.9278526306152344
113 1.8010139465332031
113 1.806020736694336
113 2.753019332885742
113 1.9178390502929688
113 1.9690990447998047
113 1.9948482513427734
113 2.2449493408203125
113 2.0699501037597656
113 1.8820762634277344
