37004 24.307966232299805
36962 25.819063186645508
36905 25.34770965576172
36888 25.758981704711914
36860 26.110172271728516
36833 25.870084762573242
36823 26.810169219970703
36728 27.781963348388672
36710 27.026891708374023
36696 26.639223098754883
36683 27.611970901489258
36664 26.992082595825195
36627 26.952028274536133
36582 27.205944061279297
36556 26.736021041870117
36501 27.73308753967285
36460 27.23979949951172
36411 26.99422836303711
36383 27.247905731201172
36339 27.039051055908203
36320 25.809764862060547
36307 24.932861328125
36277 24.67203140258789
36239 24.723052978515625
36199 24.55306053161621
36187 24.64580535888672
36171 24.910688400268555
36145 25.281190872192383
36089 25.66218376159668
36059 25.60591697692871
36046 25.75993537902832
36039 26.832103729248047
36010 27.261018753051758
35975 27.080774307250977
35909 27.29511260986328
35892 26.027917861938477
35845 26.065826416015625
35796 25.777816772460938
35767 26.160717010498047
35702 25.683879852294922
35688 26.144981384277344
35640 25.966882705688477
35627 25.887012481689453
35532 26.780366897583008
35507 28.716087341308594
35477 26.624202728271484
35455 27.409076690673828
35413 26.566028594970703
35384 27.238130569458008
35375 27.288198471069336
35346 27.119874954223633
35330 28.300046920776367
35305 27.78482437133789
35287 26.7791748046875
35279 27.53901481628418
35270 27.1909236907959
35254 27.018070220947266
35238 27.67777442932129
35212 26.886940002441406
35192 27.555227279663086
35184 28.544902801513672
35125 27.40001678466797
35107 26.973962783813477
35087 27.350187301635742
35072 25.789260864257812
35046 25.487661361694336
35009 25.22110939025879
35002 25.81000328063965
34982 25.844097137451172
34960 25.83003044128418
34957 25.761127471923828
34946 26.389122009277344
34927 26.253223419189453
34909 25.461912155151367
34836 25.85291862487793
34830 25.997161865234375
34775 24.914026260375977
34686 24.8110294342041
34673 24.75595474243164
34582 24.673938751220703
34512 24.60503578186035
34500 28.73396873474121
34493 25.78902244567871
34485 24.977922439575195
34424 24.57404136657715
34404 26.111125946044922
34368 24.621963500976562
34356 25.16794204711914
34350 25.101900100708008
34345 24.775266647338867
34313 24.724960327148438
34306 24.610042572021484
34301 25.912046432495117
34284 24.729251861572266
34280 24.67203140258789
34247 24.619102478027344
34240 25.316953659057617
34194 26.517152786254883
34188 25.098800659179688
34182 25.183916091918945
34164 25.376081466674805
34113 25.461196899414062
34091 26.414155960083008
34041 27.18520164489746
33995 26.1688232421875
33989 24.884939193725586
33981 31.750917434692383
33959 24.790048599243164
33947 25.20608901977539
33941 25.17080307006836
33919 24.800777435302734
33911 24.58977699279785
33848 25.09784698486328
33845 25.163888931274414
33842 25.547027587890625
33832 25.882959365844727
33828 26.169776916503906
33795 25.877952575683594
33772 26.790142059326172
33727 26.57794952392578
33663 25.75206756591797
33644 24.88088607788086
33587 25.400876998901367
33569 25.428295135498047
33507 25.357961654663086
33505 25.329113006591797
33498 25.784730911254883
33470 25.330066680908203
33425 25.978803634643555
33404 26.17478370666504
33326 27.174949645996094
33292 27.149200439453125
33283 26.142120361328125
33268 25.958776473999023
33246 26.05891227722168
33229 26.37791633605957
33194 26.11684799194336
33157 26.388883590698242
33140 26.66783332824707
33128 26.482105255126953
33116 26.421070098876953
33107 26.25107765197754
33092 26.340961456298828
33091 26.04198455810547
33091 26.17192268371582
33047 25.38919448852539
33045 24.83987808227539
33016 24.679899215698242
33005 25.229930877685547
33001 25.37393569946289
32997 36.50927543640137
32925 52.0172119140625
32922 52.66380310058594
32849 57.54685401916504
32845 40.54093360900879
32812 29.075145721435547
32800 26.187658309936523
32732 31.652212142944336
32727 33.12826156616211
32666 29.946088790893555
32656 32.26518630981445
32652 38.93399238586426
32636 30.065059661865234
32621 26.40509605407715
32616 33.6461067199707
32600 29.922962188720703
32582 26.479721069335938
32574 24.93906021118164
32569 24.532079696655273
32562 24.598121643066406
32547 24.504661560058594
32537 24.58786964416504
32513 24.546146392822266
32490 24.557828903198242
32466 25.82693099975586
32465 26.996850967407227
32461 25.393962860107422
32440 25.568008422851562
32437 25.46215057373047
32382 25.6350040435791
32377 25.35724639892578
32374 26.0312557220459
32339 24.630069732666016
32303 24.857044219970703
32283 24.801969528198242
32266 25.1309871673584
32242 25.182008743286133
32232 25.222063064575195
32231 25.36797523498535
32218 25.770902633666992
32200 25.609970092773438
32198 25.764942169189453
32173 26.157140731811523
32163 26.256322860717773
32161 25.754690170288086
32103 25.063276290893555
32085 24.671077728271484
32036 24.634122848510742
32036 24.580001831054688
32011 24.569034576416016
32007 24.538040161132812
32002 24.62005615234375
31988 24.616003036499023
31987 25.05803108215332
31981 25.695085525512695
31974 25.454998016357422
31923 25.493144989013672
31923 25.4671573638916
31923 25.552988052368164
31883 25.410890579223633
31881 25.141000747680664
31881 24.658918380737305
31872 24.605989456176758
31864 24.730920791625977
31851 24.609088897705078
31828 24.713993072509766
31814 24.692773818969727
31808 24.620771408081055
31801 24.692058563232422
31781 24.68395233154297
31759 24.628877639770508
31757 24.62911605834961
31704 24.619102478027344
31691 24.765968322753906
31621 24.749040603637695
31621 24.89304542541504
31592 24.625062942504883
31576 24.717092514038086
31511 24.852991104125977
31510 24.67203140258789
31434 24.777889251708984
31406 24.7499942779541
31391 25.214195251464844
31391 24.652957916259766
31387 24.595022201538086
31351 25.28071403503418
31351 24.698734283447266
31351 24.74808692932129
31308 24.582862854003906
31301 24.61385726928711
31293 25.20298957824707
31284 26.458024978637695
31274 25.274038314819336
31274 25.619029998779297
31274 25.322914123535156
31227 25.83003044128418
31216 25.294065475463867
31208 25.030851364135742
31207 24.795055389404297
31133 24.666786193847656
31114 24.979114532470703
31114 24.697065353393555
31114 24.739742279052734
31109 25.72798728942871
31074 25.058746337890625
31022 24.76787567138672
31021 24.838924407958984
31013 24.82008934020996
31013 24.736881256103516
31001 24.774789810180664
30994 24.682044982910156
30992 25.21991729736328
30992 25.213956832885742
30991 24.872779846191406
30957 24.667024612426758
30952 24.706125259399414
30939 24.808883666992188
30857 24.913311004638672
30851 24.871826171875
30851 24.80316162109375
30836 24.772167205810547
30764 24.69921112060547
30754 24.7800350189209
30672 24.764060974121094
30672 24.8110294342041
30662 25.19083023071289
30662 24.819374084472656
30662 24.764060974121094
30662 24.732112884521484
30656 24.71780776977539
30571 24.898052215576172
30571 25.535106658935547
30562 24.673938751220703
30478 24.744033813476562
30478 24.65987205505371
30478 24.724960327148438
30454 24.654150009155273
30435 24.70111846923828
30396 24.644136428833008
30396 24.888038635253906
30396 24.698972702026367
30396 24.66726303100586
30396 24.602174758911133
30375 24.678945541381836
30375 24.636030197143555
30366 24.750947952270508
30300 24.90711212158203
30292 25.223255157470703
30288 24.933815002441406
30267 24.74808692932129
30267 24.649858474731445
30255 24.73306655883789
30240 24.712324142456055
30234 24.845123291015625
30200 24.66726303100586
30195 25.01201629638672
30192 25.298357009887695
30192 25.15888214111328
30186 25.024890899658203
30147 25.05016326904297
30128 25.082111358642578
30128 25.162935256958008
30063 25.09021759033203
30060 25.043964385986328
30052 25.162696838378906
30010 25.237083435058594
30010 24.881839752197266
29990 25.124073028564453
29988 25.05803108215332
29973 25.288105010986328
29952 25.03514289855957
29952 25.079011917114258
29945 25.109052658081055
29932 25.158166885375977
29918 24.975061416625977
29906 25.432825088500977
29875 25.120019912719727
29875 25.259971618652344
29807 25.3450870513916
29771 25.133132934570312
29771 25.349855422973633
29702 24.997234344482422
29689 24.98316764831543
29689 25.10809898376465
29667 25.086164474487305
29627 24.918079376220703
29627 24.982929229736328
29627 24.9788761138916
29601 26.208162307739258
29590 26.28302574157715
29590 25.64215660095215
29590 26.093006134033203
29586 25.63309669494629
29582 27.11176872253418
29582 25.252103805541992
29582 25.090694427490234
29582 24.989843368530273
29579 25.18320083618164
29579 25.183916091918945
29579 25.17390251159668
29563 25.082826614379883
29547 25.227069854736328
29547 25.68674087524414
29528 25.283098220825195
29528 25.793075561523438
29528 26.084184646606445
29528 25.93207359313965
29522 25.948047637939453
29522 25.872230529785156
29522 26.20100975036621
29514 25.682926177978516
29514 26.087045669555664
29514 25.784015655517578
29514 25.908946990966797
29503 25.433063507080078
29470 25.95210075378418
29470 25.539159774780273
29468 25.79498291015625
29465 25.058984756469727
29465 24.86872673034668
29465 24.85203742980957
29424 24.897098541259766
29415 24.813175201416016
29415 24.829864501953125
29415 24.799823760986328
29408 24.957895278930664
29408 25.69127082824707
29396 25.938034057617188
29396 25.480031967163086
29396 25.953054428100586
29393 25.61211585998535
29393 25.716066360473633
29386 24.89018440246582
29380 24.829864501953125
29380 24.8258113861084
29365 24.846792221069336
29336 25.484800338745117
29326 27.264833450317383
29326 25.54607391357422
29326 24.90401268005371
29306 24.73616600036621
29306 25.16913414001465
29304 24.760961532592773
29273 24.741172790527344
29273 24.848222732543945
29273 24.85489845275879
29253 24.940013885498047
29253 25.04706382751465
29253 24.78194236755371
29253 24.871110916137695
29253 24.819135665893555
29237 24.756908416748047
29237 24.747133255004883
29200 24.985074996948242
29177 24.76215362548828
29177 25.309085845947266
29177 24.86705780029297
29177 25.027990341186523
29177 24.745941162109375
29136 24.864912033081055
29136 24.766921997070312
29136 24.83391761779785
29136 24.77121353149414
29136 24.765968322753906
29136 24.753332138061523
29076 24.918079376220703
29076 24.87778663635254
29076 24.859905242919922
29076 24.833202362060547
29076 24.810075759887695
29076 24.76811408996582
29076 24.919986724853516
29076 24.815797805786133
29075 24.8258113861084
29075 24.791955947875977
29075 24.86896514892578
29068 24.813175201416016
29068 24.853944778442383
29068 25.39801597595215
29068 24.86395835876465
29068 24.937152862548828
29068 25.112152099609375
29068 24.888992309570312
29068 24.772167205810547
29068 24.801015853881836
29068 24.79076385498047
29068 24.851083755493164
29068 24.886131286621094
29058 24.842023849487305
29001 24.78933334350586
29001 24.89304542541504
28999 24.846792221069336
28987 24.778127670288086
28987 24.793148040771484
28982 24.827957153320312
28979 24.83367919921875
28979 24.87492561340332
28921 24.91021156311035
28921 24.873971939086914
28921 25.595903396606445
28921 24.817705154418945
28921 24.82318878173828
28920 24.772167205810547
28901 24.93119239807129
28882 24.84607696533203
28882 25.660037994384766
28876 24.892330169677734
28876 24.839162826538086
28868 24.793148040771484
28857 24.877071380615234
28839 24.799346923828125
28839 25.06709098815918
28839 24.894237518310547
28829 24.884939193725586
28829 24.831056594848633
28812 24.933815002441406
28781 24.869918823242188
28763 24.89614486694336
28763 24.840116500854492
28752 24.860858917236328
28748 24.847984313964844
28748 24.88398551940918
28748 24.843931198120117
28729 24.90997314453125
28729 24.87015724182129
28687 24.8410701751709
28687 24.80292320251465
28687 24.806976318359375
28687 24.838924407958984
28687 24.89781379699707
28687 24.904966354370117
28687 24.912118911743164
28687 24.91593360900879
28646 24.98483657836914
28646 24.86872673034668
28646 24.935007095336914
28646 24.960756301879883
28646 24.879932403564453
28646 24.812936782836914
28646 24.851083755493164
28646 24.776935577392578
28597 24.814128875732422
28597 24.76024627685547
28597 24.828195571899414
28597 24.810075759887695
28597 24.815082550048828
28597 24.796009063720703
28597 24.86705780029297
28597 24.84917640686035
28592 24.82318878173828
28589 24.810075759887695
28589 25.146007537841797
28589 25.98094940185547
28589 24.950742721557617
28589 24.827957153320312
28589 24.87802505493164
28584 24.877071380615234
28584 24.898052215576172
28581 24.992942810058594
28581 24.904251098632812
28581 24.86109733581543
28581 25.007963180541992
28551 24.94978904724121
28551 24.969816207885742
28551 24.863004684448242
28551 24.845123291015625
28551 25.023937225341797
28551 25.12502670288086
28504 25.152921676635742
28504 24.955034255981445
28485 25.13408660888672
28485 25.02727508544922
28485 24.88112449645996
28485 24.93000030517578
28481 24.852991104125977
28481 24.92809295654297
28481 24.858951568603516
28481 24.890899658203125
28481 24.84130859375
28481 24.95598793029785
28481 24.818897247314453
28481 24.981975555419922
28481 24.816036224365234
28481 24.99699592590332
28481 27.09197998046875
28481 27.873992919921875
28481 24.95598793029785
28481 24.89924430847168
28481 24.881839752197266
28442 24.837017059326172
28442 24.832963943481445
28431 24.891138076782227
28431 24.960041046142578
28431 25.07805824279785
28383 24.911165237426758
28383 24.95408058166504
28383 24.916887283325195
28358 24.98602867126465
28358 24.94192123413086
28358 24.91593360900879
28358 25.115251541137695
28354 24.914026260375977
28354 24.93906021118164
28354 24.96933937072754
28354 24.914979934692383
28354 24.96790885925293
28354 24.950027465820312
28354 25.04706382751465
28354 24.968862533569336
28354 24.971961975097656
28354 25.120019912719727
28354 24.971961975097656
28354 25.068998336791992
28354 26.299238204956055
28354 25.02894401550293
28354 26.419878005981445
28327 36.19790077209473
28319 26.97014808654785
28319 26.512861251831055
28319 24.996042251586914
28319 24.914979934692383
28319 24.88112449645996
28319 24.888992309570312
28319 25.525808334350586
28319 25.757789611816406
28296 25.16007423400879
28290 24.9330997467041
28290 24.914264678955078
28290 24.89018440246582
28290 24.9631404876709
28290 26.12781524658203
28290 25.931119918823242
28290 25.099992752075195
28290 24.996042251586914
28290 24.944067001342773
28290 25.031089782714844
28290 24.975061416625977
28290 25.188922882080078
28290 25.04110336303711
28290 25.053977966308594
28290 25.13885498046875
28290 25.1619815826416
28290 25.143861770629883
28290 25.155067443847656
28290 25.06113052368164
28290 25.11882781982422
28290 25.175809860229492
28290 25.109052658081055
28290 25.090932846069336
28290 25.114774703979492
28270 25.053977966308594
28270 25.0551700592041
28270 25.028705596923828
28270 25.104999542236328
28261 25.01511573791504
28261 25.087833404541016
28261 24.966001510620117
28260 25.149822235107422
28260 25.4669189453125
28260 25.026798248291016
28260 25.026798248291016
28260 25.079965591430664
28260 24.97696876525879
28210 24.988889694213867
28210 24.946928024291992
28210 25.002002716064453
28210 24.936914443969727
28210 24.995803833007812
28210 25.04873275756836
28210 25.089740753173828
28210 25.068044662475586
28210 25.08091926574707
28210 24.962186813354492
28210 25.002002716064453
28210 24.990081787109375
28203 24.997711181640625
28203 24.98793601989746
28203 24.981021881103516
28203 25.043010711669922
28203 25.1619815826416
28203 25.249004364013672
28203 25.320053100585938
28203 25.079011917114258
28156 25.117158889770508
28156 25.057077407836914
28156 25.133132934570312
28098 25.089025497436523
28098 25.191783905029297
28098 25.037050247192383
28098 25.192975997924805
28098 25.04706382751465
28095 25.089025497436523
28060 25.085926055908203
28036 25.13408660888672
28036 25.033950805664062
28036 25.102853775024414
28036 25.11286735534668
28023 25.336742401123047
28023 25.77519416809082
28023 25.092124938964844
28023 25.016069412231445
28023 25.062084197998047
27986 24.99103546142578
27986 25.011062622070312
27986 24.96194839477539
27985 25.00605583190918
27985 24.93119239807129
27985 25.054931640625
27985 25.032758712768555
27985 25.10833740234375
27985 25.043010711669922
27985 25.07495880126953
27985 25.191068649291992
27985 25.15101432800293
27985 25.26712417602539
27985 25.05016326904297
27985 25.00295639038086
27985 25.204896926879883
27985 25.02298355102539
27985 25.131940841674805
27985 25.075912475585938
27985 25.079011917114258
27964 24.98483657836914
27964 25.085926055908203
27964 25.05970001220703
27964 25.11000633239746
27949 25.040149688720703
27933 25.075912475585938
27933 25.054931640625
27933 25.1920223236084
27933 25.079965591430664
27933 25.15101432800293
27933 25.036096572875977
27933 25.121212005615234
27933 25.05803108215332
27933 25.136709213256836
27933 25.103092193603516
27926 25.128841400146484
27926 25.140047073364258
27926 25.15411376953125
27926 25.1309871673584
27926 25.120019912719727
27926 25.09903907775879
27926 25.153636932373047
27926 25.141000747680664
27907 25.162935256958008
27907 25.10213851928711
27907 25.135040283203125
27904 25.104999542236328
27904 25.115966796875
27867 25.076866149902344
27867 25.192975997924805
27867 25.120973587036133
27867 25.1162052154541
27867 25.088071823120117
27807 25.113821029663086
27807 25.107145309448242
27807 25.200843811035156
27807 25.133848190307617
27807 25.231122970581055
27807 25.196075439453125
27807 25.20132064819336
27807 25.182008743286133
27807 25.241851806640625
27807 25.171995162963867
27807 25.23517608642578
27807 25.187253952026367
27807 25.181293487548828
27807 25.181293487548828
27807 25.409936904907227
27807 25.381088256835938
27807 25.20918846130371
27807 25.151968002319336
27807 25.282859802246094
27793 25.169849395751953
27793 25.378942489624023
27793 25.335073471069336
27793 25.29001235961914
27793 25.197267532348633
27788 25.259017944335938
27738 25.184154510498047
27738 25.211095809936523
27738 25.168895721435547
27738 25.216102600097656
27738 25.12669563293457
27736 25.346994400024414
27731 25.227785110473633
27726 25.210857391357422
27726 25.185108184814453
27726 25.234222412109375
27726 25.142192840576172
27726 25.24280548095703
27726 25.180816650390625
27723 25.202035903930664
27723 26.47113800048828
27723 27.076005935668945
27723 25.447845458984375
27723 25.28095245361328
27723 25.185108184814453
27723 25.23326873779297
27683 25.068998336791992
27658 25.16031265258789
27658 25.141000747680664
27658 25.161027908325195
27658 27.508020401000977
27658 25.12192726135254
27658 25.08687973022461
27658 25.106191635131836
27658 25.095224380493164
27658 25.309324264526367
27658 25.30670166015625
27658 25.216102600097656
27655 25.105953216552734
27655 25.17390251159668
27655 25.59185028076172
27654 26.417255401611328
27654 27.15611457824707
27654 25.239944458007812
27654 25.146961212158203
27654 25.141000747680664
27654 25.17986297607422
27652 25.1767635345459
27652 25.136947631835938
27652 25.191068649291992
27628 25.32815933227539
27628 25.361061096191406
27599 25.18606185913086
27599 25.245189666748047
27599 25.187015533447266
27599 25.315046310424805
27599 25.31576156616211
27599 27.001142501831055
27569 27.069091796875
27569 25.310993194580078
27569 25.171995162963867
27569 25.259971618652344
27569 25.203227996826172
27569 25.25472640991211
27569 25.22587776184082
27569 25.24423599243164
27569 25.203943252563477
27569 25.58588981628418
27569 25.282859802246094
27569 25.246143341064453
27569 25.2532958984375
27569 25.25186538696289
27569 25.24399757385254
27569 25.341033935546875
27569 25.270938873291016
27569 25.18606185913086
27569 25.19989013671875
27565 25.326967239379883
27565 25.269031524658203
27543 25.36320686340332
27543 25.29621124267578
27543 25.283098220825195
27543 25.82716941833496
27543 25.318145751953125
27543 25.240182876586914
27517 25.245189666748047
27517 25.229930877685547
27517 25.285959243774414
27517 25.388002395629883
27517 25.289058685302734
27517 25.25806427001953
27517 25.300025939941406
27517 25.252103805541992
27517 27.734756469726562
27502 25.449037551879883
27502 25.456905364990234
27502 25.316953659057617
27502 25.365114212036133
27502 25.30694007873535
27502 25.369882583618164
27502 25.351762771606445
27502 25.439023971557617
27502 25.39682388305664
27502 25.326013565063477
27502 25.329113006591797
27502 25.36487579345703
27502 25.304079055786133
27502 25.342941284179688
27502 25.347232818603516
27502 25.36606788635254
27502 28.551816940307617
27502 29.752254486083984
27502 31.468868255615234
27502 30.52496910095215
27495 27.019977569580078
27495 25.401830673217773
27495 25.321006774902344
27495 25.57516098022461
27495 25.480031967163086
27469 25.931119918823242
27469 27.485370635986328
27469 25.562763214111328
27469 25.339126586914062
27461 25.36320686340332
27461 25.450944900512695
27461 25.59208869934082
27461 25.513172149658203
27461 25.528907775878906
27461 25.397062301635742
27461 25.615930557250977
27461 25.439977645874023
27461 25.755882263183594
27461 25.76899528503418
27461 25.587081909179688
27461 26.01313591003418
27461 25.552034378051758
27461 25.415897369384766
27461 25.453805923461914
27461 25.46381950378418
27461 25.401830673217773
27461 25.337934494018555
27461 25.45785903930664
27461 25.502920150756836
27461 25.501251220703125
27461 25.381088256835938
27461 25.56586265563965
27461 25.388717651367188
27461 25.4058837890625
27461 25.36320686340332
27461 25.515079498291016
27461 25.47287940979004
27461 25.5429744720459
27461 25.4669189453125
27461 25.513887405395508
27461 25.44999122619629
27461 25.467872619628906
27461 25.458812713623047
27461 25.51102638244629
27461 25.423288345336914
27461 25.49290657043457
27461 25.520801544189453
27461 25.53415298461914
27461 25.461912155151367
27461 25.578975677490234
27408 25.480985641479492
27408 25.457143783569336
27408 25.49004554748535
27408 25.458812713623047
27396 25.411128997802734
27396 25.446176528930664
27396 25.437116622924805
27396 25.454998016357422
27396 25.421142578125
27396 25.464773178100586
27396 25.412797927856445
27396 25.442123413085938
27396 25.443077087402344
27396 25.45166015625
27396 25.53272247314453
27396 25.531768798828125
27396 25.6040096282959
27396 25.51126480102539
27396 25.46215057373047
27396 25.484085083007812
27396 25.457143783569336
27396 25.513887405395508
27367 25.4518985748291
27367 25.50196647644043
27367 25.740861892700195
27367 25.647878646850586
27367 25.624752044677734
27367 25.95806121826172
27367 25.529861450195312
27367 25.5429744720459
27367 25.50506591796875
27367 25.555849075317383
27367 25.517702102661133
27333 25.601863861083984
27333 25.64692497253418
27333 25.573015213012695
27333 25.909900665283203
27333 25.701045989990234
27333 25.567054748535156
27333 25.583982467651367
27333 25.539636611938477
27333 25.70796012878418
27333 25.54011344909668
27333 25.552749633789062
27333 25.527000427246094
27333 25.550127029418945
27333 25.534868240356445
27333 25.534868240356445
27333 25.517940521240234
27333 25.637149810791016
27333 25.63786506652832
27333 25.582075119018555
27333 25.658130645751953
27333 25.593042373657227
27333 25.547027587890625
27333 25.595903396606445
27333 25.554895401000977
27333 25.587081909179688
27333 25.58612823486328
27333 25.568008422851562
27333 25.550127029418945
27333 25.606155395507812
27333 25.6960391998291
27333 25.6502628326416
27333 25.53701400756836
27333 25.58302879333496
27333 25.650978088378906
27333 25.578022003173828
27333 25.742769241333008
27333 25.644779205322266
27333 25.622844696044922
27333 25.70319175720215
27333 25.721073150634766
27333 25.988101959228516
27333 44.42000389099121
27302 40.14301300048828
27302 30.17592430114746
27302 25.941848754882812
27302 25.738000869750977
27302 25.82406997680664
27302 25.808095932006836
27302 25.742053985595703
27302 25.66814422607422
27302 25.695323944091797
27302 28.454303741455078
27302 25.68793296813965
27302 25.794029235839844
27302 25.710105895996094
27302 25.688886642456055
27256 25.72011947631836
27256 25.641918182373047
27256 25.70486068725586
27256 25.646209716796875
27256 25.65789222717285
27256 25.590896606445312
27256 25.650739669799805
27256 25.599002838134766
27256 25.809288024902344
27256 25.67291259765625
27256 25.640249252319336
27256 25.724172592163086
27256 25.69103240966797
27219 25.667190551757812
27219 25.82406997680664
27219 25.842905044555664
27219 25.754928588867188
27219 25.774717330932617
27219 25.89702606201172
27219 25.81501007080078
27219 27.040958404541016
27219 26.604175567626953
27219 26.463985443115234
27219 27.01282501220703
