1193154 16373.440027236938
1193132 17329.816102981567
1193121 17102.046012878418
1193107 17327.40616798401
1193098 17100.316762924194
1193040 17196.35319709778
1193020 17201.597929000854
1193012 17288.251161575317
1192988 17786.108255386353
1192958 18121.766328811646
1192938 18013.76724243164
1192844 17647.38416671753
1192810 18393.972158432007
1192804 17866.819858551025
1192797 17640.522003173828
1192772 17739.787101745605
1192731 18273.857593536377
1192720 19069.38123703003
1192698 18309.484243392944
1192687 19135.029077529907
1192676 18317.475080490112
1192642 19611.382007598877
1192617 20328.241109848022
1192597 18517.79317855835
1192572 18997.479915618896
1192565 18028.886079788208
1192553 17388.708114624023
1192539 17230.93032836914
1192489 17136.059045791626
1192459 17130.824089050293
1192451 17103.578805923462
1192430 17219.1481590271
1192418 17213.842153549194
1192395 17293.98488998413
1192335 17397.9709148407
1192312 17379.884004592896
1192257 17354.62498664856
1192225 17277.936935424805
1192170 17832.769870758057
1192157 18450.117826461792
1192130 17587.430000305176
1192104 17182.657957077026
1192093 17091.63212776184
1192054 17117.316961288452
1192008 17441.343069076538
1191929 17142.485857009888
1191902 17121.225833892822
1191887 17139.570951461792
1191865 17104.614973068237
1191859 16999.60231781006
1191835 17093.288898468018
1191810 17223.246812820435
1191780 18004.533529281616
1191720 18006.66117668152
1191698 17737.36810684204
1191686 17119.116067886353
1191627 17255.006313323975
1191619 17434.41414833069
1191602 17177.60682106018
1191582 17094.761848449707
1191577 17130.615949630737
1191551 17199.84531402588
1191520 17124.72128868103
1191498 17131.392002105713
1191432 17376.326084136963
1191377 17291.273832321167
1191343 17121.859073638916
1191341 17141.851902008057
1191283 17137.23397254944
1191270 17431.119680404663
1191245 17323.731184005737
1191207 17065.72699546814
1191137 18479.383945465088
1191113 17264.978885650635
1191094 17177.669763565063
1191063 17089.46990966797
1191049 17282.3166847229
1191005 17259.385108947754
1190982 17151.862144470215
1190947 17047.019004821777
1190945 17036.813020706177
1190860 17611.780881881714
1190850 17065.241813659668
1190841 17339.68687057495
1190799 17492.876052856445
1190768 17368.321895599365
1190727 17440.957069396973
1190722 17774.422883987427
1190690 18016.316175460815
1190678 18414.902925491333
1190640 17955.239057540894
1190632 18435.77814102173
1190623 17143.100023269653
1190616 17283.374786376953
1190607 17371.472120285034
1190569 17273.85902404785
1190495 17282.180786132812
1190469 17162.96124458313
1190466 17041.231155395508
1190445 17164.798974990845
1190438 17839.211225509644
1190435 17583.22286605835
1190398 17730.249166488647
1190392 18051.7737865448
1190372 17247.894763946533
1190328 17365.987062454224
1190239 17376.064777374268
1190221 17555.841207504272
1190215 17903.70488166809
1190211 17398.25201034546
1190196 17266.7338848114
1190162 17252.361059188843
1190159 17179.749965667725
1190109 17421.780109405518
1190080 17302.04701423645
1190066 17115.792989730835
1190036 17280.47013282776
1189997 17167.914390563965
1189973 17121.779203414917
1189884 17076.130867004395
1189843 17186.554193496704
1189828 17211.06719970703
1189826 17277.666091918945
1189819 17123.138189315796
1189809 17140.477895736694
1189801 17099.735975265503
1189769 17085.865020751953
1189769 17059.452772140503
1189753 17138.97705078125
1189735 17187.010049819946
1189719 17316.08819961548
1189689 17114.86792564392
1189661 17158.14781188965
1189659 17131.078958511353
1189652 17085.31880378723
1189646 17100.98099708557
1189628 17254.553079605103
1189611 17197.125911712646
1189550 17277.801036834717
1189494 17467.232942581177
1189482 17167.83094406128
1189442 17080.259084701538
1189398 17079.550981521606
1189391 17226.675033569336
1189372 17184.481143951416
1189361 17246.31977081299
1189359 17327.998161315918
1189327 17032.04107284546
1189319 17080.622911453247
1189268 17047.05309867859
1189232 17060.446977615356
1189207 17066.583156585693
1189189 17099.677085876465
1189166 17083.226919174194
1189164 17141.133069992065
1189135 17359.41791534424
1189095 17194.39196586609
1189086 17075.48427581787
1189068 17049.087285995483
1189048 17137.59708404541
1189029 17077.112913131714
1188972 17148.632049560547
1188963 17250.272035598755
1188951 17111.52219772339
1188930 17073.523998260498
1188908 17053.493976593018
1188882 17080.986261367798
1188847 17118.623971939087
1188841 17265.161991119385
1188804 17058.479070663452
1188796 17171.745777130127
1188771 17057.981967926025
1188747 17091.279983520508
1188746 17897.449016571045
1188741 17891.438961029053
1188734 17352.35571861267
1188721 17186.108112335205
1188721 17207.72695541382
1188720 18002.459287643433
1188708 23423.779010772705
1188708 22420.621156692505
1188708 20899.091958999634
1188642 21069.029331207275
1188592 22279.947757720947
1188563 22775.005102157593
1188548 22977.40387916565
1188536 23331.396102905273
1188508 22277.388095855713
1188485 23189.95976448059
1188481 21778.714895248413
1188476 23442.573070526123
1188471 23902.447938919067
1188458 22567.179918289185
1188439 23862.18810081482
1188435 23927.26707458496
1188388 23270.660877227783
1188381 24206.785202026367
1188350 21604.99906539917
1188332 22142.473936080933
1188326 22792.451858520508
1188308 23513.175010681152
1188301 22466.25280380249
1188287 24231.36305809021
1188233 22279.974937438965
1188217 22453.126192092896
1188198 22251.71208381653
1188192 23473.997831344604
1188185 21918.800115585327
1188185 21007.328987121582
1188181 23608.763694763184
1188152 21512.64977455139
1188148 23733.157873153687
1188148 22785.70508956909
1188096 24427.48999595642
1188096 23856.01305961609
1188090 22902.665853500366
1188081 24349.38907623291
1188077 23438.151836395264
1188059 24020.251035690308
1187983 22839.977979660034
1187974 22455.235958099365
1187944 23202.890396118164
1187893 22588.51385116577
1187893 24332.585096359253
1187865 25334.142923355103
1187865 25056.99396133423
1187865 24703.43804359436
1187855 22955.19733428955
1187839 25660.233974456787
1187808 25003.849029541016
1187808 27039.665937423706
1187774 26205.302953720093
1187736 22446.107149124146
1187715 25162.12558746338
1187709 25637.780904769897
1187698 23605.998039245605
1187680 29390.650272369385
1187676 26520.91693878174
1187590 31588.529348373413
1187548 24492.9461479187
1187542 25410.29691696167
1187468 27305.221796035767
1187435 23849.93290901184
1187414 25511.46388053894
1187403 26648.227214813232
1187395 26941.192865371704
1187395 27800.1229763031
1187371 27027.311086654663
1187371 24684.33713912964
1187334 24836.16828918457
1187286 28009.85074043274
1187265 24921.198844909668
1187261 27132.32684135437
1187259 26847.063064575195
1187223 26276.434183120728
1187223 24643.497943878174
1187220 26871.485948562622
1187220 30212.53514289856
1187214 23233.845710754395
1187193 27285.565853118896
1187191 28340.830087661743
1187183 30027.25601196289
1187171 26913.98286819458
1187165 26800.45509338379
1187105 26582.142114639282
1187059 27240.55814743042
1187059 28898.84305000305
1187057 27361.855030059814
1187041 26628.971576690674
1187023 28392.89093017578
1186992 27665.11297225952
1186987 25921.813011169434
1186960 29663.198947906494
1186926 27572.913885116577
1186926 27764.386892318726
1186877 27147.196054458618
1186868 28150.723934173584
1186852 26784.731149673462
1186834 27584.19895172119
1186820 27268.292903900146
1186746 26615.180015563965
1186736 27602.177143096924
1186728 27245.688676834106
1186707 26532.34100341797
1186697 27322.381019592285
1186697 28351.439714431763
1186697 27018.917083740234
1186694 26657.70697593689
1186610 29606.16707801819
1186595 26274.30295944214
1186586 26646.439790725708
1186552 27304.97407913208
1186552 26942.99602508545
1186551 27721.19402885437
1186543 27212.939977645874
1186536 27856.427907943726
1186494 26885.73908805847
1186445 29442.161321640015
1186425 27463.645935058594
1186425 26400.60305595398
1186406 27385.818004608154
1186406 25724.716186523438
1186390 27388.686180114746
1186356 27721.662998199463
1186337 26885.236978530884
1186337 26780.881881713867
1186335 26801.90086364746
1186262 27997.848987579346
1186261 26124.84908103943
1186240 28637.54916191101
1186240 26789.59369659424
1186240 26937.034845352173
1186173 26746.009826660156
1186173 27630.883932113647
1186173 26276.423931121826
1186112 28440.93894958496
1186091 28199.93305206299
1186026 27561.50197982788
1186026 29705.085277557373
1185988 27143.23377609253
1185980 25643.58901977539
1185917 26757.877826690674
1185853 28703.118085861206
1185831 26522.179126739502
1185776 27226.762533187866
1185776 27028.03921699524
1185756 26734.30109024048
1185735 27186.516284942627
1185664 28113.641023635864
1185664 26400.19202232361
1185654 26436.200857162476
1185653 27178.643226623535
1185653 26672.13797569275
1185644 26992.82217025757
1185621 31471.7378616333
1185616 26942.39068031311
1185601 26227.94508934021
1185561 28226.13501548767
1185529 26636.76381111145
1185518 26230.406284332275
1185506 26834.96618270874
1185506 27541.528940200806
1185500 24437.687158584595
1185500 25516.02029800415
1185488 28268.31603050232
1185488 26081.951141357422
1185429 27631.160974502563
1185428 28447.86810874939
1185410 28612.903356552124
1185410 28952.448844909668
1185410 28041.71919822693
1185398 25734.429836273193
1185327 26768.064975738525
1185327 27444.40507888794
1185309 24945.687770843506
1185309 25277.472972869873
1185309 28436.535835266113
1185300 28113.87801170349
1185300 27386.706113815308
1185276 27014.1339302063
1185276 26904.215812683105
1185226 26939.351081848145
1185220 29290.71092605591
1185220 26825.207233428955
1185183 26237.28370666504
1185179 27031.527042388916
1185164 27410.136938095093
1185088 26608.057022094727
1185056 26667.70601272583
1185023 27555.4039478302
1185023 26277.339696884155
1185005 30132.997751235962
1184942 27875.505924224854
1184942 26685.716152191162
1184936 26178.394079208374
1184934 27833.92095565796
1184934 25940.141677856445
1184915 27243.617057800293
1184910 27213.885068893433
1184910 26215.155839920044
1184877 28598.44398498535
1184868 28507.64226913452
1184860 27150.35915374756
1184852 26706.2828540802
1184830 27359.572887420654
1184798 26929.167985916138
1184758 28127.844095230103
1184727 26918.663024902344
1184727 26743.252992630005
1184715 26954.18381690979
1184690 27063.61413002014
1184676 29535.897970199585
1184671 27273.988008499146
1184663 28531.777143478394
1184663 25479.67290878296
1184637 26184.34715270996
1184637 26234.642028808594
1184634 26963.15598487854
1184579 27736.950874328613
1184579 26734.65585708618
1184579 27310.016870498657
1184506 26014.951944351196
1184506 27317.484140396118
1184499 27158.581018447876
1184441 27098.70481491089
1184399 25524.69301223755
1184396 26759.453058242798
1184396 28216.637134552002
1184396 26153.947114944458
1184376 26948.311805725098
1184376 27223.870277404785
1184376 26467.368125915527
1184376 28241.890907287598
1184366 27189.111709594727
1184304 26742.034912109375
1184289 30603.988885879517
1184289 27576.245069503784
1184258 25392.187118530273
1184181 26111.48715019226
1184170 25888.81278038025
1184155 28502.76017189026
1184100 28015.296936035156
1184100 28377.965211868286
1184100 26924.705028533936
1184100 28136.5168094635
1184045 27512.359857559204
1184030 27352.893114089966
1184026 27091.6748046875
1184016 27293.574810028076
1183987 27108.50191116333
1183984 26953.662872314453
1183984 27486.450910568237
1183984 26142.971754074097
1183945 27241.41216278076
1183945 27360.48412322998
1183932 27351.606845855713
1183932 27455.85298538208
1183919 27161.369800567627
1183919 25143.04280281067
1183919 24070.088863372803
1183919 27469.56992149353
1183919 26891.687154769897
1183906 27396.737098693848
1183906 26723.39105606079
1183906 26686.33008003235
1183906 28173.5577583313
1183906 26556.93793296814
1183891 27205.631017684937
1183877 27298.009157180786
1183868 27064.2249584198
1183857 26937.14475631714
1183857 27303.15589904785
1183856 26959.85507965088
1183827 26771.830797195435
1183827 29142.302989959717
1183827 24975.51393508911
1183827 27232.016801834106
1183767 25994.465112686157
1183767 24867.77925491333
1183747 27245.831966400146
1183747 29696.112871170044
1183740 26917.83332824707
1183740 26937.658071517944
1183713 25800.61912536621
1183713 25217.632055282593
1183713 27019.219875335693
1183713 26507.65609741211
1183701 27504.344940185547
1183693 27508.886098861694
1183693 27323.692083358765
1183667 26526.061058044434
1183634 27415.637969970703
1183622 27371.172189712524
1183622 26764.359951019287
1183622 26521.136045455933
1183622 26454.47015762329
1183578 26536.529064178467
1183578 26452.22496986389
1183578 27936.463832855225
1183578 26562.86120414734
1183578 25599.31707382202
1183578 26786.051750183105
1183578 26992.438793182373
1183578 26965.84701538086
1183578 26677.451848983765
1183578 26720.45612335205
1183578 26939.3310546875
1183578 27763.020992279053
1183575 26383.959770202637
1183575 26434.20386314392
1183575 27283.639907836914
1183575 26643.52798461914
1183575 26007.32183456421
1183563 28470.441102981567
1183503 27277.370929718018
1183503 25673.57301712036
1183498 26131.05010986328
1183462 27186.053037643433
1183462 27106.20379447937
1183442 26856.059074401855
1183442 26960.64805984497
1183417 26575.051069259644
1183417 27478.837966918945
1183378 26404.94704246521
1183364 26168.96080970764
1183352 27777.59313583374
1183352 26616.928100585938
1183352 27028.970956802368
1183352 25833.47797393799
1183352 26789.23797607422
1183351 27364.785194396973
1183321 27704.060077667236
1183321 25898.369073867798
1183321 29308.769941329956
1183321 28582.35192298889
1183305 26489.82000350952
1183304 27494.658946990967
1183301 25249.948024749756
1183301 26090.07477760315
1183301 27117.507219314575
1183301 26795.865774154663
1183301 26144.36626434326
1183301 28779.45303916931
1183301 26427.84309387207
1183287 25926.82695388794
1183257 26229.5880317688
1183257 28187.47091293335
1183257 25068.20511817932
1183257 26141.81661605835
1183257 27529.46400642395
1183257 25287.369966506958
1183210 23835.559844970703
1183199 28180.898904800415
1183199 26896.581888198853
1183182 29092.38910675049
1183177 26613.46197128296
1183177 26809.73529815674
1183109 28816.457271575928
1183103 25916.743993759155
1183103 26046.730041503906
1183103 27558.302879333496
1183095 29203.36103439331
1183037 17677.585124969482
1183037 17249.28092956543
1183037 17094.37894821167
1183037 17242.21682548523
1183037 17082.50093460083
1183037 17055.396795272827
1183037 17055.65595626831
1183034 17087.4080657959
1182989 23388.895988464355
1182977 18251.490116119385
1182948 17248.716115951538
1182948 17655.506134033203
1182940 17085.14404296875
1182940 17192.1169757843
1182940 17157.471895217896
1182940 17061.86008453369
1182905 17101.63140296936
1182905 17014.014959335327
1182905 22211.441040039062
1182905 22921.681880950928
1182880 17112.353086471558
1182880 17096.644163131714
1182880 17008.877992630005
1182826 17008.324146270752
1182810 17132.220029830933
1182810 17251.77788734436
1182810 17183.40301513672
1182810 17272.143840789795
1182810 17038.660049438477
1182810 17077.56280899048
1182810 17030.879020690918
1182810 17086.09390258789
1182810 17092.883825302124
1182787 17152.122020721436
1182787 17072.56507873535
1182787 17056.80799484253
1182787 17046.622037887573
1182787 16995.765924453735
1182787 17097.121000289917
1182787 17105.897903442383
1182787 17115.143060684204
1182784 17049.52073097229
1182784 17290.889024734497
1182784 17052.980184555054
1182784 17203.06897163391
1182781 17119.386196136475
1182781 17102.6291847229
1182781 17183.12382698059
1182781 17097.744941711426
1182781 17058.711051940918
1182781 17023.70524406433
1182771 17006.184816360474
1182719 17098.785161972046
1182700 17084.461212158203
1182700 17066.335916519165
1182688 17077.79598236084
1182688 17022.428035736084
1182662 17119.38977241516
1182620 17111.88316345215
1182601 17251.60503387451
1182592 17026.947021484375
1182529 17057.812213897705
1182529 17289.9432182312
1182529 17066.80989265442
1182473 17054.041147232056
1182444 17049.839973449707
1182406 17209.80978012085
1182400 17100.581169128418
1182400 17022.557973861694
1182400 17077.786922454834
1182400 17005.548000335693
1182400 17009.939908981323
1182400 17119.637966156006
1182400 17062.931060791016
1182400 17051.284313201904
1182400 17125.47278404236
1182400 17016.695976257324
1182400 17144.656896591187
1182400 17037.003993988037
1182400 17097.047805786133
1182384 17071.5229511261
1182384 17089.038133621216
1182384 17103.649139404297
1182379 17044.20304298401
1182379 17040.728092193604
1182379 17039.623975753784
1182379 17109.69877243042
1182355 17129.84800338745
1182352 17047.197818756104
1182352 17051.684856414795
1182352 17128.98898124695
1182352 17084.609031677246
1182352 17026.979684829712
1182352 17071.305751800537
1182352 17117.697954177856
1182352 17096.81797027588
1182322 17046.178102493286
1182322 17143.084049224854
1182322 17055.58204650879
1182322 17013.509035110474
1182270 17117.25115776062
1182270 17080.740213394165
1182270 17037.029027938843
1182270 17107.084035873413
1182270 17120.820999145508
1182270 17150.472164154053
1182260 17176.915884017944
1182260 17058.965921401978
1182260 17045.190811157227
1182260 16982.167959213257
1182260 17143.5329914093
1182260 17047.57595062256
1182260 17010.092973709106
1182249 17196.60997390747
1182227 17152.016162872314
1182213 17229.233980178833
1182158 17024.199962615967
1182158 16993.73507499695
1182158 17090.946674346924
1182158 17088.58013153076
1182158 17031.754970550537
1182158 17032.73916244507
1182147 17054.66604232788
1182147 17063.89093399048
1182147 17042.340993881226
1182147 17013.27419281006
1182147 17070.378065109253
1182147 17066.473960876465
1182147 17021.753072738647
1182147 17072.006940841675
1182147 17023.013830184937
1182146 17023.30994606018
1182146 17349.756002426147
1182102 17148.494958877563
1182102 17098.060846328735
1182102 16986.903190612793
1182100 17003.134965896606
1182100 17220.8149433136
1182095 17098.347902297974
1182095 16997.857093811035
1182095 17022.217988967896
1182095 17039.16907310486
1182095 16998.7530708313
1182095 17095.556020736694
1182095 17033.840894699097
1182095 16986.791849136353
1182090 17099.708080291748
1182078 17286.798000335693
1182078 17230.623960494995
1182078 17103.43098640442
1182078 17112.510919570923
1182061 17020.290851593018
1182055 16944.600105285645
1182055 17114.6879196167
1182033 17033.676147460938
1182033 17127.779722213745
1182033 17139.272928237915
1182033 17021.07810974121
1182023 17010.977029800415
1182023 16986.79232597351
1181975 16990.333318710327
1181975 17261.04688644409
1181975 17118.385791778564
1181935 17062.610864639282
1181935 17048.4778881073
1181935 17020.036935806274
1181889 16996.259927749634
1181889 17300.49204826355
1181889 17117.393732070923
1181873 17049.437046051025
1181862 17404.247045516968
1181862 17037.49418258667
1181862 17039.456844329834
1181862 16995.85795402527
1181862 17007.914066314697
1181862 17014.255046844482
1181862 17126.060009002686
1181862 17197.516202926636
1181862 17251.98721885681
1181862 17157.27996826172
1181822 17105.46922683716
1181802 16998.606204986572
1181802 17029.831886291504
1181749 17223.52385520935
1181749 17159.22784805298
1181749 17146.174907684326
1181749 17103.986740112305
1181749 17070.45006752014
1181749 16981.732845306396
1181749 17038.639068603516
1181724 17045.095205307007
1181724 17030.437231063843
1181724 17170.988082885742
1181724 17189.91208076477
1181724 17025.30288696289
1181703 17023.838996887207
1181698 17034.271001815796
1181698 17076.084852218628
1181698 17112.572193145752
1181698 17128.516912460327
1181698 17058.395862579346
1181698 17023.427963256836
1181692 17233.876943588257
1181683 17086.132049560547
1181683 17055.44090270996
1181683 17060.44888496399
1181672 17227.85711288452
1181672 17059.669971466064
1181672 16996.92416191101
1181610 16999.54915046692
1181610 17025.620937347412
1181610 17043.493032455444
1181610 17040.478944778442
1181610 17176.78427696228
1181601 16988.262176513672
1181601 16980.555772781372
1181601 17044.575929641724
1181601 17029.90412712097
1181601 17109.442234039307
1181601 17022.472858428955
1181601 17988.311052322388
1181601 17328.795194625854
1181601 17057.355880737305
1181601 16957.4978351593
1181601 17047.056198120117
1181580 17044.46005821228
1181580 17020.23196220398
1181563 17056.135177612305
1181540 16997.474908828735
1181540 16921.072244644165
1181540 17107.792139053345
1181540 17278.622150421143
1181540 17118.752002716064
1181524 16995.254039764404
1181524 17024.986028671265
1181524 16993.79825592041
1181524 17010.21385192871
1181498 17096.8918800354
1181498 17027.063131332397
1181484 17162.52303123474
1181484 17221.269845962524
1181484 17053.688049316406
1181484 16975.92282295227
1181444 17010.50114631653
1181444 17036.30495071411
1181444 17004.727840423584
1181444 17019.834280014038
1181444 16977.400064468384
1181404 17165.59910774231
1181404 17168.230056762695
1181404 17009.19198989868
1181404 17134.013891220093
1181404 17036.43274307251
1181404 17090.128183364868
1181404 17128.596782684326
1181404 17165.529251098633
1181404 17049.928188323975
1181397 17088.70220184326
1181397 16970.885038375854
1181397 17204.2498588562
1181397 17096.83394432068
1181395 17102.489948272705
1181395 17049.810886383057
1181381 16976.305723190308
1181381 16996.52099609375
1181381 17029.196977615356
1181381 16997.542142868042
1181381 17063.11082839966
1181381 17268.763780593872
1181348 16998.99697303772
1181348 17041.858673095703
1181348 16983.90007019043
1181348 17005.13005256653
1181348 17172.391891479492
1181348 17185.21285057068
1181321 17081.977128982544
1181321 17004.436016082764
1181321 17135.67590713501
1181321 17008.205890655518
1181283 16991.124868392944
1181283 17030.751943588257
1181283 16999.637842178345
1181283 17151.678800582886
1181283 17033.061027526855
1181283 17030.723810195923
1181283 17003.07297706604
1181283 17012.804746627808
1181283 17020.58696746826
1181283 16994.82297897339
1181256 17104.625940322876
1181253 17071.826934814453
1181253 17072.622776031494
1181253 17036.273956298828
1181253 17063.447952270508
1181253 17070.342302322388
1181253 17037.44101524353
1181233 17097.45216369629
1181233 17016.495943069458
1181219 17139.357805252075
1181187 17047.407150268555
1181187 17007.31325149536
1181187 17198.73094558716
1181168 17060.513973236084
1181168 17051.02014541626
1181168 17015.775203704834
1181168 17164.75510597229
1181168 17046.072959899902
1181168 17057.3570728302
1181125 17172.33419418335
1181125 17256.28924369812
1181125 16977.158784866333
1181125 17134.34600830078
1181125 17114.861726760864
1181125 17090.708017349243
1181125 17083.88590812683
1181125 17003.580331802368
1181125 17089.04504776001
1181125 17100.980043411255
1181125 17125.0
1181125 17121.14930152893
1181125 17069.654941558838
1181125 17093.984127044678
1181125 17052.344799041748
1181125 17088.122129440308
1181125 17121.856927871704
1181125 17068.623781204224
1181125 17138.915061950684
1181125 17004.65202331543
1181125 17147.828102111816
1181125 17140.913009643555
1181125 17037.10699081421
1181125 17099.298000335693
1181125 16997.752904891968
1181125 17093.26195716858
1181125 17092.665195465088
1181125 16987.564086914062
1181125 17147.74489402771
1181125 17101.001977920532
1181125 17036.28396987915
1181125 17116.03307723999
1181124 17095.892906188965
1181116 16995.287895202637
1181116 16993.411779403687
1181116 17382.715225219727
1181116 17125.11372566223
1181116 17085.4971408844
1181116 17225.03900527954
1181116 17070.15323638916
1181116 17023.80871772766
1181116 17064.16893005371
1181116 17052.570104599
1181073 17092.019081115723
1181073 17000.195264816284
1181073 17171.496152877808
1181073 17063.992261886597
1181035 16998.167037963867
1181035 17072.32093811035
1181027 17047.632932662964
1181027 17007.569074630737
1181027 17142.311096191406
1181011 17177.454233169556
1180978 17116.64581298828
1180978 17155.630111694336
1180966 17101.80926322937
1180945 17111.536979675293
1180912 16988.456964492798
1180912 17160.434007644653
1180912 17090.002059936523
1180912 17120.34583091736
1180912 17001.551151275635
1180912 17090.436220169067
1180912 17094.96307373047
1180912 17025.14696121216
1180912 16992.563009262085
1180912 17080.190181732178
1180912 17011.225700378418
1180912 17058.90202522278
1180912 17087.476015090942
1180874 17157.198190689087
1180874 17059.653997421265
1180874 17129.864931106567
1180874 17144.208192825317
1180874 17150.79092979431
1180874 17118.422031402588
1180874 17021.23475074768
1180874 16995.92399597168
1180874 17138.602018356323
1180874 17120.460033416748
1180874 17045.98593711853
1180874 17231.03904724121
1180874 17147.54009246826
1180874 17135.17999649048
1180874 17131.14285469055
1180874 17021.2619304657
1180874 17080.119132995605
1180874 17140.198707580566
1180874 17152.325868606567
1180838 17054.94213104248
1180838 17682.547092437744
1180838 17187.98017501831
1180813 17017.785787582397
1180813 17070.584058761597
1180813 17149.319887161255
1180813 17096.800088882446
1180813 17029.272079467773
1180813 17011.64484024048
1180788 17040.929794311523
1180788 16994.549036026
1180788 17058.017015457153
1180787 17078.328847885132
1180787 17278.374910354614
1180773 17009.559869766235
1180773 17029.49571609497
1180773 17402.320861816406
1180773 17041.102170944214
1180768 17062.050104141235
1180768 17030.800819396973
1180768 17158.902168273926
1180768 17128.62277030945
1180768 17015.188932418823
1180768 17012.351036071777
1180768 17017.403841018677
1180768 17021.179914474487
1180765 17005.23805618286
1180765 17129.668951034546
1180765 17014.402866363525
1180765 17158.010244369507
1180765 17080.83701133728
1180765 17052.4160861969
1180756 17025.47287940979
1180756 17174.0939617157
1180756 17160.00199317932
1180756 17093.24812889099
1180756 17095.679998397827
1180756 17098.335027694702
1180711 17038.508892059326
1180711 16989.757299423218
1180683 17030.67421913147
1180683 17054.163217544556
1180683 17014.22905921936
1180677 17071.22015953064
1180677 17032.049894332886
1180677 17080.27195930481
1180654 17044.283866882324
1180610 17066.252946853638
1180610 17128.300666809082
1180594 17092.86904335022
1180594 17037.780046463013
1180594 17265.36202430725
1180594 17131.441116333008
1180594 17079.17594909668
1180594 17070.406913757324
1180594 17052.644729614258
1180594 16999.714136123657
1180594 17004.93097305298
1180594 17075.51908493042
1180594 17006.283044815063
1180594 17161.44371032715
1180594 17023.566246032715
