595477 3667.9158210754395
595470 4162.40382194519
595430 4464.399814605713
595403 4176.035165786743
595362 4664.491653442383
595319 4192.560911178589
595266 4033.223867416382
595254 4091.1428928375244
595208 4107.237100601196
595195 4034.203052520752
595184 4104.1059494018555
595145 4040.5633449554443
595089 4022.716999053955
595076 4274.319648742676
595068 4052.2990226745605
595049 4054.4610023498535
595043 4147.440671920776
595015 4137.864828109741
594974 4044.5117950439453
594958 4064.0032291412354
594878 4113.018989562988
594856 4131.021022796631
594796 5056.318998336792
594784 4976.321220397949
594770 5231.127977371216
594751 4430.704832077026
594729 4197.175025939941
594695 4448.425054550171
594643 4119.150876998901
594627 4201.982021331787
594614 4329.505920410156
594606 4517.593860626221
594530 4060.5173110961914
594510 4147.313833236694
594424 4132.386684417725
594407 4147.643327713013
594396 4844.497919082642
594358 4045.958995819092
594331 4280.7958126068115
594308 4231.730937957764
594296 4205.993890762329
594277 4168.64800453186
594269 4070.9969997406006
594215 4172.513008117676
594198 3987.7891540527344
594152 4333.938837051392
594090 4197.695016860962
594040 4230.0238609313965
594014 4463.496923446655
593959 4153.708934783936
593934 3998.9941120147705
593885 4172.277212142944
593853 4240.434169769287
593815 4587.165117263794
593791 4761.742115020752
593780 4834.890127182007
593730 4669.744968414307
593696 4080.5258750915527
593683 4191.197872161865
593641 4120.1491355896
593617 4118.685960769653
593594 4468.704700469971
593570 4356.838941574097
593545 4337.954044342041
593492 4258.7080001831055
593419 4106.517553329468
593402 4149.371147155762
593393 4147.542953491211
593383 4220.528125762939
593378 4405.1079750061035
593296 4626.916170120239
593273 4597.721815109253
593270 4365.760087966919
593261 4357.65814781189
593248 4284.432888031006
593212 4906.230688095093
593178 4304.39305305481
593171 4288.946866989136
593128 4190.361976623535
593094 4633.939981460571
593063 4276.742935180664
593056 4171.475887298584
593040 4169.095039367676
592992 4268.168926239014
592972 4327.095031738281
592944 4120.822906494141
592927 4195.175886154175
592911 4551.038980484009
592904 4689.800024032593
592900 4645.038843154907
592895 4274.55997467041
592860 4377.86602973938
592842 4517.719030380249
592835 4655.433893203735
592812 4372.162103652954
592753 4456.928968429565
592734 4405.831813812256
592708 4137.109041213989
592701 4092.9338932037354
592701 4193.031787872314
592674 4223.748207092285
592613 4210.605144500732
592612 4058.3198070526123
592600 4247.158050537109
592532 4050.601005554199
592518 4154.37912940979
592480 4232.161045074463
592474 4186.41209602356
592452 4093.2066440582275
592437 4134.971857070923
592394 4047.0569133758545
592384 4101.672172546387
592382 4039.191961288452
592317 4142.817974090576
592315 4040.2677059173584
592302 4065.7870769500732
592248 4140.429258346558
592237 4114.018201828003
592213 4097.2700119018555
592195 4095.0710773468018
592178 4239.336967468262
592169 4354.092121124268
592167 4333.493947982788
592155 4299.967050552368
592118 4236.886978149414
592090 4293.642997741699
592058 4152.918100357056
592039 4284.16895866394
591967 4165.722846984863
591963 4056.697130203247
591894 4126.231908798218
591891 4207.28874206543
591888 4211.280107498169
591885 4100.359201431274
591824 4117.919921875
591810 4047.9118824005127
591796 4179.79884147644
591758 4398.112058639526
591702 4101.550102233887
591686 4133.287191390991
591662 4024.336814880371
591574 4267.322063446045
591556 4020.486831665039
591545 4064.7690296173096
591525 4160.943031311035
591519 4428.729772567749
591519 4307.806015014648
591507 4141.703844070435
591497 4009.6518993377686
591478 4304.574966430664
591467 4200.792074203491
591390 4140.511274337769
591365 4079.5562267303467
591323 4215.401887893677
591320 4107.002973556519
591287 4220.2019691467285
591282 4058.242082595825
591276 4196.599006652832
591261 4197.4170207977295
591224 4210.159778594971
591206 4146.88515663147
591179 4360.430002212524
591150 4513.102769851685
591143 4053.025007247925
591125 4343.255043029785
591066 4299.343824386597
591047 4134.505987167358
591045 4239.523649215698
591045 4047.356128692627
591032 4128.891944885254
591032 4108.033895492554
591024 4079.2880058288574
591023 4094.7861671447754
591013 4032.120704650879
591011 4052.760124206543
590922 4041.0799980163574
590916 3999.803066253662
590891 4026.5848636627197
590872 4013.9548778533936
590862 4016.9920921325684
590849 4001.163959503174
590839 4050.2378940582275
590798 4035.97092628479
590783 4116.0218715667725
590734 4011.6467475891113
590728 4124.803066253662
590723 4090.3139114379883
590715 4045.7839965820312
590684 4012.397050857544
590671 4136.284112930298
590671 4191.741228103638
590659 4025.4440307617188
590644 4061.350107192993
590641 4386.06595993042
590631 4361.979961395264
590608 4364.504098892212
590583 4255.7268142700195
590540 4153.547048568726
590530 4510.650157928467
590452 4145.205020904541
590424 4019.850015640259
590396 4052.706003189087
590388 4023.287773132324
590378 4048.985719680786
590323 4024.3539810180664
590272 4048.959255218506
590240 4079.2789459228516
590209 4043.2960987091064
590203 4051.013231277466
590202 4073.712110519409
590195 4134.70983505249
590190 4069.9000358581543
590190 4047.1749305725098
590152 4326.11608505249
590124 4015.9521102905273
590124 4040.6689643859863
590123 4236.719846725464
590084 4423.371076583862
590036 4081.6760063171387
589996 4206.8188190460205
589985 4003.0808448791504
589927 4222.815990447998
589909 4014.3980979919434
589875 4064.589738845825
589867 4109.398126602173
589861 4038.3968353271484
589780 3996.112108230591
589753 4081.511974334717
589702 4063.405752182007
589674 4032.6499938964844
589670 3992.9521083831787
589645 4029.132127761841
589645 4012.256145477295
589636 4097.468852996826
589618 4018.3212757110596
589615 4040.5519008636475
589596 4103.345155715942
589596 4026.4837741851807
589596 4015.580892562866
589594 4295.064210891724
589594 4006.540060043335
589594 4052.4327754974365
589592 4107.140064239502
589524 4137.366056442261
589471 4144.819021224976
589471 4038.228988647461
589471 4034.0559482574463
589471 4063.9169216156006
589467 4021.343946456909
589456 4048.469066619873
589432 4006.783962249756
589426 4040.945053100586
589405 4011.6453170776367
589378 4052.24609375
589375 4008.2528591156006
589368 4033.860683441162
589358 4081.03609085083
589358 4097.579002380371
589355 4111.891269683838
589355 4122.326135635376
589355 4118.182897567749
589353 4043.621063232422
589353 3990.664005279541
589337 4117.418050765991
589326 4005.7201385498047
589313 4049.2208003997803
589305 4023.1800079345703
589305 4112.950086593628
589263 4097.594976425171
589235 4033.7557792663574
589173 4018.467903137207
589153 4067.7011013031006
589125 4092.499017715454
589083 4112.016916275024
589083 4006.3867568969727
589069 4097.742080688477
589069 4078.0041217803955
589067 4029.29425239563
589063 4074.465036392212
589049 4040.8270359039307
589037 4088.3162021636963
589037 4049.975872039795
589027 4022.6969718933105
589019 4165.411949157715
588974 4121.520757675171
588970 4258.588790893555
588959 4012.686252593994
588958 4210.3400230407715
588935 4100.36301612854
588928 4187.521934509277
588922 4134.344100952148
588909 4181.599855422974
588909 4122.736215591431
588906 4050.7447719573975
588906 4102.564096450806
588906 4144.604206085205
588864 4064.1462802886963
588790 4033.327102661133
588790 4007.0152282714844
588780 4018.9619064331055
588761 3991.3489818573
588714 4021.2810039520264
588664 4019.0951824188232
588658 4026.0069370269775
588658 3992.6860332489014
588658 4029.9181938171387
588612 4008.46791267395
588612 4031.7959785461426
588584 4049.741744995117
588572 4039.7439002990723
588550 4005.664110183716
588531 4103.555202484131
588488 4015.195846557617
588472 4516.768932342529
588418 4110.914945602417
588409 4401.4317989349365
588394 4069.0529346466064
588386 4072.4730491638184
588377 4005.232095718384
588375 4012.151002883911
588339 3975.526809692383
588329 4015.6679153442383
588326 4213.1359577178955
588326 4286.921977996826
588320 4251.819133758545
588290 4302.062034606934
588290 3996.141195297241
588275 4109.471797943115
588251 4025.547981262207
588235 4025.534152984619
588219 3987.8270626068115
588184 4040.0991439819336
588172 4098.350048065186
588166 4145.328044891357
588166 4080.587148666382
588166 4095.140218734741
588144 4038.767099380493
588076 4008.587121963501
588062 4086.297035217285
588020 4113.2659912109375
588008 4108.672857284546
588007 4109.947204589844
587946 3977.7519702911377
587946 4132.400751113892
587906 4140.803813934326
587842 4011.4922523498535
587821 4221.043348312378
587819 4074.3350982666016
587786 4350.631952285767
587786 4226.024866104126
587786 4101.37414932251
587786 4120.9352016448975
587766 4141.84308052063
587760 4090.874195098877
587722 4137.013912200928
587722 4129.725217819214
587705 4088.7451171875
587657 4120.875120162964
587591 4064.5768642425537
587565 4104.608774185181
587565 4027.7960300445557
587565 4084.609031677246
587565 4391.804933547974
587558 4306.6816329956055
587540 5441.524028778076
587533 4526.071071624756
587520 4383.140802383423
587514 4359.909772872925
587465 4577.537059783936
587388 4590.485095977783
587363 4694.0758228302
587353 4287.99295425415
587343 4432.7991008758545
587338 4313.199043273926
587309 4273.957014083862
587309 4170.233249664307
587309 4163.589000701904
587278 4167.281866073608
587263 4129.307746887207
587247 4192.597150802612
587247 4131.263017654419
587225 4136.711359024048
587158 4118.34716796875
587150 4129.535913467407
587148 4114.853858947754
587137 4248.276948928833
587121 4143.439054489136
587097 4235.234975814819
587089 4664.47114944458
587070 4677.762031555176
587020 4697.372913360596
587020 4284.950017929077
587020 4267.040967941284
586995 4388.591289520264
586995 4365.803003311157
586995 4294.379949569702
586958 4138.84711265564
586958 4414.251089096069
586958 4469.094038009644
586937 4302.283763885498
586937 4167.325019836426
586877 4162.6269817352295
586863 4336.660146713257
586863 4297.223091125488
586815 4139.806032180786
586782 4184.675216674805
586782 4232.290029525757
586782 4225.03924369812
586780 4109.9183559417725
586734 4223.07014465332
586721 4113.058090209961
586712 4158.62774848938
586712 4240.679979324341
586712 4162.872076034546
586647 4249.999761581421
586636 4237.616062164307
586636 4160.771131515503
586636 4296.8902587890625
586604 4130.586862564087
586599 4151.082992553711
586599 4337.81623840332
586599 4122.2381591796875
586599 4112.295866012573
586579 4135.409116744995
586579 4242.865800857544
586579 4512.906074523926
586579 4303.303003311157
586578 4573.548078536987
586578 4074.9990940093994
586536 4272.646188735962
586504 4225.859880447388
586477 4073.7950801849365
586477 4059.7000122070312
586451 4122.5221157073975
586451 4202.043771743774
586445 4109.007835388184
586445 4193.158864974976
586445 4042.8199768066406
586432 4036.4830493927
586419 4103.088140487671
586419 4044.914960861206
586416 4021.1000442504883
586405 4083.949089050293
586371 4034.027099609375
586371 4208.008050918579
586371 4044.9202060699463
586371 4235.313892364502
586371 4073.660135269165
586362 4121.691942214966
586362 4117.172002792358
586362 4155.314922332764
586359 4166.006088256836
586284 4032.927989959717
586251 4086.1430168151855
586229 4005.9287548065186
586229 4084.2785835266113
586205 4000.6110668182373
586179 4146.846055984497
586169 4117.736101150513
586169 4147.8471755981445
586169 4011.0509395599365
586169 4169.855833053589
586161 4001.115083694458
586126 4024.1646766662598
586126 3995.457887649536
586089 4122.244119644165
586088 3988.9416694641113
586063 4042.203187942505
586034 3995.3441619873047
586030 4027.167797088623
585994 3997.076988220215
585990 4036.263942718506
585988 4151.767015457153
585976 4104.745149612427
585976 4005.7168006896973
585952 4150.524854660034
585950 4087.841033935547
585950 4113.808155059814
585915 4004.5361518859863
585915 4212.150096893311
585915 4074.9919414520264
585915 4509.343147277832
585915 4088.438034057617
585915 4124.670028686523
585915 4025.498867034912
585911 4123.431921005249
585911 4042.933940887451
585911 4139.12296295166
585902 4019.1028118133545
585902 4039.3528938293457
585902 4051.9375801086426
585883 4138.590097427368
585883 4009.4211101531982
585883 4153.184652328491
585881 4022.763967514038
585881 4151.039123535156
585881 4007.3750019073486
585838 4059.7379207611084
585793 4059.6020221710205
585748 4100.433111190796
585748 4202.733039855957
585723 4112.03932762146
585723 4029.499053955078
585676 4075.886011123657
585666 4449.089050292969
585666 4036.3099575042725
585657 4150.827169418335
585657 4253.196716308594
585628 4157.925128936768
585613 4231.741905212402
585591 4109.338998794556
585591 4173.310041427612
585580 4123.631954193115
585580 4208.836078643799
585580 4095.1690673828125
585579 4074.0299224853516
585550 4042.164087295532
585550 4040.8060550689697
585550 4006.6802501678467
585550 4138.0298137664795
585539 4121.185064315796
585539 4056.541919708252
585539 4129.519939422607
585539 4149.829864501953
585539 4119.704008102417
585539 4102.5331020355225
585539 4150.570869445801
585539 4037.020206451416
585539 4137.058973312378
585539 4085.892915725708
585534 4227.764844894409
585516 4332.925081253052
585516 4180.902719497681
585508 4184.427976608276
585480 4162.299871444702
585480 4165.6389236450195
585480 4140.810966491699
585479 4269.186973571777
585479 4240.860939025879
585447 4194.393873214722
585447 4156.4600467681885
585447 4193.5882568359375
585419 4403.166055679321
585419 4286.279201507568
585367 4418.997049331665
585353 4250.21505355835
585353 4172.395944595337
585283 4288.237810134888
585283 4294.818162918091
585283 4134.341716766357
585283 4069.8299407958984
585283 4085.9310626983643
585283 4113.389015197754
585274 4082.810878753662
585246 4166.263103485107
585195 4127.9261112213135
585176 4036.9949340820312
585176 4094.7840213775635
585173 4020.6000804901123
585173 4055.8977127075195
585173 4015.498161315918
585155 4217.201948165894
585155 4589.83302116394
585155 4336.17901802063
585155 4162.232875823975
585155 4420.022964477539
585116 4188.926935195923
585116 4150.985956192017
585110 4163.4509563446045
585110 4184.354066848755
585110 4142.6990032196045
585096 4192.87896156311
585079 4250.272035598755
585076 4300.436019897461
585076 4540.456295013428
585068 4301.368236541748
585068 4536.005258560181
585068 5152.376890182495
585068 5128.746032714844
585068 4500.791788101196
585068 5236.697196960449
585068 4243.860960006714
585068 4343.826770782471
585059 5241.347074508667
585022 4155.3168296813965
584999 4382.89213180542
584999 4184.118032455444
584999 4162.684917449951
584999 4007.9617500305176
584999 4092.095136642456
584999 4004.011869430542
584999 4025.67195892334
584999 4003.6919116973877
584999 4158.703088760376
584999 4005.566120147705
584988 4078.44877243042
584988 4008.445978164673
584988 4086.42578125
584988 4071.721076965332
584988 4087.068796157837
584988 4097.809791564941
584988 4058.1188201904297
584957 4044.238805770874
584957 4039.715051651001
584888 4065.3748512268066
584883 4049.757242202759
584828 4058.6979389190674
584804 4105.844020843506
584804 4045.008897781372
584775 4065.9308433532715
584775 4028.1832218170166
584775 4142.600059509277
584775 4735.461235046387
584749 4212.244987487793
584694 3986.0081672668457
584643 4037.868022918701
584643 4007.899284362793
584618 4163.700819015503
584618 4045.070171356201
584618 4102.883815765381
584618 4037.158727645874
584618 4038.6719703674316
584618 4089.585304260254
584618 4037.3711585998535
584618 4002.6419162750244
584618 4048.0282306671143
584618 4277.781009674072
584618 4147.07612991333
584599 4162.14394569397
584569 4057.8129291534424
584568 4165.657043457031
584568 4117.339849472046
584568 4314.703941345215
584565 4411.948919296265
584565 4123.523950576782
584565 4110.1861000061035
584553 4032.9999923706055
584547 4144.366979598999
584530 4078.0887603759766
584509 4008.553981781006
584509 4058.75301361084
584509 4026.3407230377197
584509 4087.4228477478027
584509 4011.831045150757
584508 4266.757965087891
584452 4095.3259468078613
584452 3976.529121398926
584452 4098.274707794189
584452 3971.498966217041
584452 4018.014907836914
584452 3996.678113937378
584452 4676.257848739624
584452 3988.713026046753
584441 4033.8759422302246
584441 3981.5149307250977
584441 4029.834985733032
584439 3983.0987453460693
584414 4016.7248249053955
584408 3987.498998641968
584408 4019.0770626068115
584408 4052.776336669922
584408 4029.92582321167
584408 4083.1260681152344
584375 4028.149127960205
584375 4048.711061477661
584375 4108.63471031189
584375 4013.0231380462646
584358 4124.743938446045
584358 4016.742944717407
584358 4112.900018692017
584358 3985.124111175537
584346 4133.596181869507
584343 4015.080213546753
584343 4124.245166778564
584319 4060.110092163086
584318 4117.704153060913
584311 3981.26220703125
584311 4010.5178356170654
584311 3983.143091201782
584302 4027.769088745117
584291 3975.673198699951
584291 4032.7811241149902
584291 3994.036912918091
584291 4012.2671127319336
584267 3974.339008331299
584267 4007.6818466186523
584267 3981.292963027954
584267 4010.357141494751
584267 4088.0370140075684
584261 4130.603075027466
584259 3984.3499660491943
584259 4136.474847793579
584259 4064.951181411743
584259 4124.3040561676025
584259 3997.6160526275635
584239 4027.851104736328
584239 4023.7789154052734
584182 4112.316846847534
584171 4051.6929626464844
584171 4019.4430351257324
584171 4026.644229888916
584124 4018.6030864715576
584124 4041.3691997528076
584122 4131.2150955200195
584122 3996.839761734009
584122 4123.8062381744385
584122 4082.6432704925537
584113 4023.3280658721924
584113 3984.9960803985596
584113 4018.5699462890625
584106 4024.2350101470947
584055 4117.114067077637
584028 4082.157850265503
583997 4040.5030250549316
583988 4082.749128341675
583988 4004.8041343688965
583988 4098.829984664917
583988 4183.723926544189
583988 4082.947015762329
583988 4063.250780105591
583988 3993.9959049224854
583988 4085.1047039031982
583988 4015.268087387085
583988 4046.466112136841
583988 4008.497953414917
583988 4030.78293800354
583988 4054.316759109497
583988 4029.9038887023926
583988 4054.9979209899902
583971 4013.0341053009033
583971 3993.2868480682373
583971 4101.454019546509
583957 3999.544143676758
583957 4112.039804458618
583928 4003.964900970459
583928 4070.7738399505615
583928 4049.0870475769043
583928 4013.0481719970703
583928 4046.128273010254
583928 4011.2950801849365
583928 4150.081157684326
583928 4138.7059688568115
583928 3994.425058364868
583914 4112.8950119018555
583914 4024.8258113861084
583914 4026.2300968170166
583914 4007.2720050811768
583914 4148.405075073242
583914 3981.9281101226807
583914 4124.191045761108
583914 4049.189805984497
583880 4105.158090591431
583880 4192.296028137207
583880 4043.1900024414062
583880 4013.7999057769775
583880 4098.09684753418
583880 4009.0718269348145
583865 4025.5918502807617
583865 3989.09592628479
583828 4019.015073776245
583828 4079.5111656188965
583828 4148.981809616089
583828 4067.1513080596924
583828 4022.3190784454346
583828 4022.4828720092773
583828 4027.336359024048
583828 3970.0639247894287
583828 4118.052005767822
583828 3979.5048236846924
583811 4005.9850215911865
583804 3981.544256210327
583792 4010.735034942627
583792 3976.9389629364014
583792 4013.2570266723633
583792 3981.559991836548
583774 4011.2879276275635
583774 4074.267864227295
583774 4008.128881454468
583774 3981.4200401306152
583771 4036.007881164551
583771 4025.3241062164307
583771 4204.344034194946
583771 4069.0770149230957
583771 4033.53214263916
583771 3974.28297996521
583771 4168.4510707855225
583771 4001.3060569763184
583757 4004.80580329895
583757 3972.986936569214
583757 4000.2541542053223
583757 3970.6947803497314
583757 4013.546943664551
583757 3983.6502075195312
583757 4011.371850967407
583756 3992.8548336029053
583756 4090.8050537109375
583756 3972.3167419433594
583756 3999.3438720703125
583756 3973.9811420440674
583756 4187.813758850098
583756 3991.1370277404785
583756 4026.1991024017334
583756 3982.928991317749
583756 4130.428791046143
583751 4068.95112991333
583751 4015.577793121338
583751 3988.584041595459
583751 4007.1229934692383
583751 4001.943826675415
583751 4019.9790000915527
583751 3989.219903945923
583751 4093.2838916778564
583744 3987.1222972869873
583744 4046.290159225464
583744 3970.902919769287
583709 4031.1858654022217
583663 4072.821855545044
583663 4110.195875167847
583662 3982.5611114501953
583662 4071.7809200286865
583662 4064.1210079193115
583630 4010.1981163024902
583630 4073.292016983032
583630 4019.0420150756836
583630 4005.9351921081543
583630 4068.4690475463867
583630 4311.261892318726
583630 4073.6567974090576
583630 4097.0258712768555
583630 4029.0441513061523
583630 4011.110305786133
583630 4026.916265487671
583620 3990.4568195343018
583620 4022.426128387451
583580 4013.5109424591064
583580 4039.281129837036
583580 3989.626169204712
583551 4017.270803451538
583551 4004.2500495910645
583551 4028.8729667663574
583551 3984.8387241363525
583551 4104.879140853882
583551 4044.6503162384033
583551 4054.2688369750977
583551 4125.026226043701
583551 4114.454030990601
583551 3998.384952545166
583551 4010.040044784546
583551 4152.014970779419
583551 4007.991075515747
583512 4104.57181930542
583512 4019.7577476501465
583512 3989.9630546569824
583494 4025.59494972229
583494 4015.8228874206543
583494 4042.106866836548
583494 3983.3688735961914
583494 4069.6628093719482
583494 3989.9749755859375
583485 4130.489826202393
583485 3983.5941791534424
583485 4032.3638916015625
583485 3984.5569133758545
583485 4020.2438831329346
583429 3994.6250915527344
583429 4026.592969894409
583429 3988.3570671081543
583429 4002.7050971984863
583429 3990.7379150390625
583429 4017.462730407715
583429 4079.2949199676514
583404 4023.6847400665283
583404 4059.2730045318604
583404 4336.739063262939
583404 4179.242849349976
583404 4047.03426361084
583404 4054.0080070495605
583404 4169.349908828735
583404 4095.496892929077
583404 4027.5259017944336
583404 4020.5042362213135
583404 4009.11808013916
583404 3981.4882278442383
583400 4053.126811981201
583400 4054.236888885498
583400 4107.09810256958
583400 4044.564962387085
583400 4014.6470069885254
583400 4086.784839630127
583400 4018.00799369812
583400 3988.6529445648193
583400 4018.263101577759
583400 4083.4407806396484
583383 4020.9362506866455
583383 3978.917121887207
583383 4088.238000869751
583383 4079.874038696289
583348 4116.627931594849
583348 3986.470937728882
583348 4079.99324798584
583348 3993.6439990997314
583348 4113.524913787842
583339 4102.221250534058
583339 4121.459007263184
583339 3990.35906791687
583333 4019.134283065796
583333 4051.7380237579346
583333 3989.593267440796
583333 3985.8407974243164
583326 4077.522039413452
583326 3986.8009090423584
583326 4094.5401191711426
583326 3984.3530654907227
583287 4003.4799575805664
583287 4048.9418506622314
583287 4108.208894729614
583287 4064.141035079956
583287 4003.222942352295
583287 3977.346897125244
583287 4019.602060317993
583240 4097.919225692749
583240 4017.104148864746
583240 4072.0901489257812
583240 4026.6029834747314
583240 4133.513927459717
583240 4019.495964050293
583240 4009.3460083007812
583240 4027.1289348602295
583240 4006.603002548218
583240 4092.9970741271973
583240 4067.5132274627686
583240 4125.095844268799
583240 4006.803035736084
583196 4150.1359939575195
583196 4053.0612468719482
583168 4124.758005142212
583168 4060.4090690612793
583168 4018.5892581939697
583168 4068.107843399048
583168 4178.5948276519775
583168 4004.2319297790527
583167 4020.820140838623
583167 4018.617868423462
583167 4016.1967277526855
583148 3996.526002883911
583148 4010.1921558380127
583148 3980.020046234131
583148 4090.117931365967
583148 3994.163990020752
583148 4011.8930339813232
583148 3992.508888244629
583148 4299.800872802734
583148 4224.869012832642
583148 4262.409925460815
583097 4127.630949020386
583068 4056.8511486053467
583068 3996.2830543518066
583064 4075.5341053009033
583064 4050.037145614624
583064 4117.6745891571045
583048 3981.6839694976807
583048 4069.5300102233887
583048 4017.2321796417236
583048 4155.245065689087
583048 4682.700157165527
583048 4114.698886871338
583048 4002.7999877929688
583048 4082.1099281311035
583048 4094.3140983581543
583048 4142.321825027466
583048 4196.305990219116
583048 4450.244665145874
583048 4008.1028938293457
583048 4183.679819107056
583048 4655.748128890991
583048 4606.7750453948975
583048 4551.059246063232
583048 4679.415941238403
583048 4705.76286315918
583026 4178.364038467407
583026 4450.224161148071
583026 4376.9872188568115
583017 4455.164909362793
583017 4194.027662277222
583017 4433.727025985718
583017 5019.8259353637695
583017 4772.128105163574
583017 4822.470903396606
582983 4425.718069076538
582983 4438.490152359009
582983 4644.44375038147
582983 4733.492136001587
582983 4870.729207992554
582976 4340.492963790894
582963 4147.432804107666
582951 4459.155082702637
582951 4499.565839767456
582945 4344.272136688232
582945 4506.015062332153
582945 4249.296188354492
582945 4355.399131774902
