4175 2.0759105682373047
4123 2.1779537200927734
4078 2.145051956176758
4039 2.1619796752929688
4008 2.1469593048095703
3989 2.1469593048095703
3958 2.171754837036133
3923 2.1572113037109375
3899 2.2470951080322266
3874 2.172231674194336
3852 2.1610260009765625
3841 2.167940139770508
3826 2.1660327911376953
3810 2.1979808807373047
3775 2.1479129791259766
3765 2.1550655364990234
3686 2.128124237060547
3671 2.1409988403320312
3661 2.1369457244873047
3646 2.145051956176758
3613 2.1407604217529297
3566 2.1550655364990234
3509 2.342700958251953
3497 2.136707305908203
3483 2.1309852600097656
3441 2.1331310272216797
3427 2.1390914916992188
3396 2.1500587463378906
3388 2.138853073120117
3375 2.3632049560546875
3349 2.1839141845703125
3340 2.2039413452148438
3324 2.170085906982422
3317 2.220630645751953
3308 2.1598339080810547
3301 2.1529197692871094
3237 2.137899398803711
3217 2.1600723266601562
3206 2.148151397705078
3198 2.1398067474365234
3191 2.148866653442383
3174 2.150297164916992
3153 2.154111862182617
3141 2.154111862182617
3130 2.161264419555664
3118 2.1572113037109375
3107 2.1619796752929688
3095 2.170085906982422
3088 2.171039581298828
3073 2.1729469299316406
2987 2.154827117919922
2984 2.1848678588867188
2981 2.296924591064453
2978 2.5331974029541016
2968 2.1729469299316406
2964 2.1681785583496094
2950 2.173185348510742
2938 2.186298370361328
2883 2.1581649780273438
2872 2.1898746490478516
2866 2.1648406982421875
2841 2.1829605102539062
2841 2.170085906982422
2830 2.1729469299316406
2810 2.1889209747314453
2803 2.511739730834961
2789 2.3069381713867188
2778 2.2220611572265625
2771 2.1851062774658203
2768 2.4199485778808594
2764 2.288818359375
2764 2.275705337524414
2747 2.2058486938476562
2735 2.2149085998535156
2733 2.213001251220703
2719 2.202749252319336
2709 2.2630691528320312
2699 2.458333969116211
2685 2.318143844604492
2675 2.209901809692383
2671 2.198934555053711
2650 2.210855484008789
2636 2.218008041381836
2629 2.2258758544921875
2629 2.351999282836914
2628 2.3610591888427734
2628 2.228975296020508
2627 2.2270679473876953
2591 2.2249221801757812
2591 2.2399425506591797
2582 2.2280216217041016
2582 2.382993698120117
2582 2.321004867553711
2559 2.313852310180664
2548 2.254009246826172
2532 2.2699832916259766
2469 2.2110939025878906
2464 2.1927356719970703
2447 2.2618770599365234
2437 2.315044403076172
2415 2.3050308227539062
2388 2.2280216217041016
2385 2.2170543670654297
2382 2.2230148315429688
2374 2.2792816162109375
2338 2.2161006927490234
2329 2.344369888305664
2324 2.403736114501953
2323 2.2399425506591797
2314 2.241849899291992
2310 2.214193344116211
2307 2.252817153930664
2298 2.2220611572265625
2258 2.355813980102539
2237 2.310037612915039
2237 2.302885055541992
2232 2.233743667602539
2232 2.2389888763427734
2232 2.2420883178710938
2231 2.234935760498047
2202 2.2459030151367188
2202 2.2516250610351562
2111 2.2399425506591797
2111 2.2568702697753906
2087 2.235889434814453
2083 2.260923385620117
2083 2.267122268676758
2083 2.267122268676758
2080 2.249002456665039
2047 2.3260116577148438
2017 2.2611618041992188
2014 2.259969711303711
2007 2.259969711303711
1980 2.277851104736328
1979 2.285003662109375
1979 2.267122268676758
1965 2.2611618041992188
1965 2.273082733154297
1928 2.3300647735595703
1928 2.2711753845214844
1928 2.267122268676758
1928 2.267122268676758
1926 2.2687911987304688
1923 2.274036407470703
1923 2.267122268676758
1923 2.274036407470703
1922 2.2649765014648438
1922 2.2797584533691406
1922 2.3031234741210938
1902 2.2809505462646484
1902 2.2699832916259766
1902 2.2912025451660156
1898 2.2711753845214844
1898 2.3238658905029297
1898 2.2881031036376953
1882 2.298116683959961
1882 2.2809505462646484
1882 2.3031234741210938
1882 2.2859573364257812
1867 2.2857189178466797
1867 2.293109893798828
1867 2.3031234741210938
1867 2.3131370544433594
1858 2.3107528686523438
1858 2.302885055541992
1858 2.307891845703125
1834 2.3140907287597656
1834 2.3162364959716797
1834 2.307891845703125
1834 2.3479461669921875
1834 2.318859100341797
1834 2.4459362030029297
1834 2.32696533203125
1832 2.3298263549804688
1832 2.3980140686035156
1765 2.4619102478027344
1765 2.3641586303710938
1765 2.34222412109375
1765 2.471923828125
1765 2.4008750915527344
1765 2.341032028198242
1765 2.5589466094970703
1765 2.3589134216308594
1765 2.3889541625976562
1765 2.3469924926757812
1735 2.4938583374023438
1716 2.362966537475586
1716 2.3870468139648438
1716 2.5382041931152344
1716 2.3849010467529297
1706 2.407073974609375
1706 2.5548934936523438
1706 2.3717880249023438
1669 2.371072769165039
1665 2.4290084838867188
1665 2.5038719177246094
1647 2.3651123046875
1647 2.3980140686035156
1647 2.541065216064453
1612 2.4089813232421875
1578 2.4251937866210938
1570 2.505064010620117
1570 2.389192581176758
1570 2.3970603942871094
1570 2.552032470703125
1570 2.4077892303466797
1570 2.3970603942871094
1570 2.4461746215820312
1566 2.626180648803711
1566 2.4039745330810547
1566 2.3908615112304688
1566 2.6519298553466797
1566 2.422809600830078
1566 2.4068355560302734
1566 2.5780200958251953
1566 2.4421215057373047
1566 2.471923828125
1566 2.6140213012695312
1566 2.415895462036133
1563 2.4242401123046875
1563 2.4809837341308594
1563 2.6068687438964844
1563 2.4330615997314453
1563 2.4831295013427734
1563 2.727031707763672
1563 2.4390220642089844
1563 2.429962158203125
1563 2.565145492553711
1563 2.4378299713134766
1563 2.460002899169922
1563 2.6268959045410156
1563 2.4602413177490234
1562 2.4309158325195312
1562 2.644062042236328
1562 2.4678707122802734
1562 2.474069595336914
1562 2.669095993041992
1562 2.5069713592529297
1562 2.4497509002685547
1562 2.6259422302246094
1562 2.5398731231689453
1562 2.480030059814453
1562 2.505064010620117
1542 2.637147903442383
1542 2.5169849395751953
1533 2.471923828125
1533 2.727031707763672
1512 2.4518966674804688
1512 2.443075180053711
1512 2.5730133056640625
1512 2.4912357330322266
1512 2.466917037963867
1483 2.5849342346191406
1483 2.4671554565429688
1483 2.4499893188476562
1483 2.6628971099853516
1483 2.5200843811035156
1483 2.4878978729248047
1483 2.5877952575683594
1483 2.4840831756591797
1483 2.4678707122802734
1483 2.4919509887695312
1483 2.4890899658203125
1483 2.466917037963867
1469 2.465963363647461
1469 2.529144287109375
1469 2.4628639221191406
1469 2.470254898071289
1469 2.5162696838378906
1469 2.480745315551758
1469 2.4847984313964844
1469 2.522706985473633
1469 2.4819374084472656
1469 2.482891082763672
1469 2.5708675384521484
1469 2.4881362915039062
1469 2.4809837341308594
1469 2.5489330291748047
1469 2.5179386138916016
1469 2.4890899658203125
1469 2.5157928466796875
1469 2.5599002838134766
1469 2.5048255920410156
1469 2.5300979614257812
1469 2.547025680541992
1469 2.5081634521484375
1469 2.507925033569336
1469 2.5908946990966797
1469 2.5098323822021484
1469 2.5191307067871094
1469 2.905130386352539
1469 2.5260448455810547
1469 2.5110244750976562
1469 2.670764923095703
1469 2.5827884674072266
1469 2.521991729736328
1469 2.707242965698242
1469 2.5429725646972656
1469 2.5358200073242188
1443 2.646923065185547
1443 2.5169849395751953
1443 2.501249313354492
1443 2.529144287109375
1443 2.804994583129883
1443 2.5260448455810547
1443 2.569913864135742
1443 2.7289390563964844
1443 2.5300979614257812
1443 2.532958984375
1443 2.7570724487304688
1443 2.5200843811035156
1435 2.515077590942383
1435 2.7008056640625
1435 2.547740936279297
1435 2.5360584259033203
1435 2.7756690979003906
1435 2.521038055419922
1435 2.5300979614257812
1435 2.6700496673583984
1435 2.546072006225586
1435 2.527952194213867
1435 2.7468204498291016
1435 2.599000930786133
1435 2.5408267974853516
1435 2.681255340576172
1435 2.566814422607422
1435 2.591848373413086
1435 2.6988983154296875
1435 2.5870800018310547
1435 2.5942325592041016
1435 3.616809844970703
1435 2.578258514404297
1435 2.550840377807617
1435 2.9561519622802734
1435 2.630949020385742
1435 2.794981002807617
1435 2.7420520782470703
1435 2.5718212127685547
1435 2.5942325592041016
1435 2.7451515197753906
1425 2.6879310607910156
1425 2.640962600708008
1425 2.7120113372802734
1425 2.5970935821533203
1424 2.618074417114258
1424 2.736806869506836
1424 2.748250961303711
1424 2.8319358825683594
1424 2.7658939361572266
1424 2.5930404663085938
1424 2.779245376586914
1424 2.7000904083251953
1424 2.716064453125
1424 2.746105194091797
1424 2.6319026947021484
1358 2.565145492553711
1358 2.712249755859375
1358 2.5589466094970703
1358 2.5391578674316406
1358 2.7070045471191406
1358 2.660989761352539
1358 2.579212188720703
1358 2.7010440826416016
1358 2.5980472564697266
1358 2.5501251220703125
1358 2.6900768280029297
1358 2.588987350463867
1358 2.595663070678711
1358 2.6569366455078125
1351 2.6149749755859375
1351 2.6230812072753906
1351 2.7701854705810547
1351 2.5739669799804688
1351 2.5751590728759766
1351 2.650737762451172
1351 2.5908946990966797
1351 2.5680065155029297
1351 2.576112747192383
1351 2.644062042236328
1351 2.588033676147461
1351 2.5758743286132812
1351 2.579927444458008
1351 2.582073211669922
1351 2.590179443359375
1351 2.6650428771972656
1351 2.597808837890625
1351 2.5920867919921875
1351 2.593994140625
1351 2.596139907836914
1351 2.593994140625
1351 2.5992393493652344
1351 2.6221275329589844
1351 2.6009082794189453
1351 2.6009082794189453
1351 2.7189254760742188
1351 3.2320022583007812
1351 2.6497840881347656
1351 2.6640892028808594
1351 3.60107421875
1351 2.6302337646484375
1351 2.6378631591796875
1351 2.8259754180908203
1351 3.1719207763671875
1351 2.7861595153808594
1351 3.2749176025390625
1351 3.7147998809814453
1351 2.7980804443359375
1351 2.670764923095703
1351 2.791881561279297
1351 2.644062042236328
1351 4.478931427001953
1351 2.6702880859375
1351 3.6318302154541016
1351 3.0100345611572266
1351 3.696918487548828
1351 3.099203109741211
1351 2.7861595153808594
1351 2.6640892028808594
1351 2.6459693908691406
1351 2.6988983154296875
1351 2.6712417602539062
1351 2.820730209350586
1351 2.6907920837402344
1351 2.7570724487304688
1351 3.0269622802734375
1351 2.688169479370117
1351 2.6848316192626953
1351 2.8138160705566406
1351 2.7251243591308594
1351 2.8409957885742188
1351 3.0438899993896484
1351 3.0510425567626953
1351 2.8238296508789062
1351 2.7811527252197266
1351 2.974987030029297
1351 2.7403831481933594
1351 2.9718875885009766
1351 3.0078887939453125
1351 2.830028533935547
1351 2.8989315032958984
1351 2.947092056274414
1351 2.736806869506836
1351 3.214120864868164
1351 2.808094024658203
1351 2.783060073852539
1351 3.3190250396728516
1351 2.702951431274414
1351 2.7320384979248047
1351 2.9909610748291016
1351 2.9020309448242188
1351 2.950906753540039
1351 2.743959426879883
1351 2.6967525482177734
1351 2.9180049896240234
1351 2.7379989624023438
1351 2.785921096801758
1351 2.8378963470458984
1351 2.748250961303711
1351 2.7420520782470703
1351 2.9098987579345703
1351 2.7179718017578125
1351 2.7191638946533203
1351 2.8951168060302734
1351 2.7518272399902344
1351 2.7468204498291016
1351 2.9151439666748047
1351 2.747058868408203
1351 2.8057098388671875
1351 2.7608871459960938
1351 2.765178680419922
1351 2.794981002807617
1351 2.7518272399902344
1351 2.7458667755126953
1351 2.780914306640625
1351 2.737760543823242
1351 2.73895263671875
1351 2.803325653076172
1351 2.7561187744140625
1351 2.749204635620117
1351 2.7403831481933594
1351 2.748250961303711
1351 2.749204635620117
1351 2.7472972869873047
1351 2.7489662170410156
1351 2.774953842163086
1351 2.791166305541992
1351 3.0982494354248047
1351 2.989053726196289
1351 2.939939498901367
1351 2.7670860290527344
1351 2.7658939361572266
1351 2.7658939361572266
1351 2.9408931732177734
1351 2.902984619140625
1351 2.8200149536132812
1351 2.8030872344970703
1351 2.7670860290527344
1351 2.7921199798583984
1351 2.973794937133789
1351 3.0050277709960938
1351 2.8378963470458984
1351 2.8388500213623047
1351 2.889871597290039
1351 2.783060073852539
1351 3.2210350036621094
1351 2.8090476989746094
1351 2.8269290924072266
1351 2.9518604278564453
1351 2.789020538330078
1351 2.8171539306640625
1351 3.340005874633789
1351 2.8069019317626953
1351 2.9418468475341797
1351 2.9129981994628906
1351 2.791881561279297
1351 3.5467147827148438
1351 8.701801300048828
1351 6.270885467529297
1351 5.428791046142578
1351 5.87916374206543
1351 5.043268203735352
1351 4.756927490234375
1351 5.334138870239258
1351 5.34820556640625
1351 5.009174346923828
1351 4.137992858886719
1351 3.8831233978271484
1351 2.908945083618164
1351 2.9408931732177734
1351 2.86102294921875
1351 3.423929214477539
1351 3.2389163970947266
1351 2.8390884399414062
1351 3.1108856201171875
1351 2.9036998748779297
1351 2.9916763305664062
1351 3.1659603118896484
1351 3.1769275665283203
1351 3.2949447631835938
1351 2.947092056274414
1351 2.923727035522461
1351 3.0121803283691406
1351 3.362894058227539
1351 3.162860870361328
1351 3.8220882415771484
1351 2.9189586639404297
1351 3.3690929412841797
1351 3.496885299682617
1351 3.660917282104492
1351 3.0319690704345703
1351 2.891063690185547
1351 3.0362606048583984
1351 2.989053726196289
1351 2.8600692749023438
1351 3.0519962310791016
1351 2.8798580169677734
1351 2.933979034423828
1351 3.0260086059570312
1351 3.014087677001953
1351 2.9380321502685547
1351 3.0090808868408203
1351 2.9938220977783203
1327 2.8672218322753906
1327 2.8810501098632812
1327 2.9249191284179688
1327 2.8378963470458984
1327 2.819061279296875
1327 2.998828887939453
1327 2.8162002563476562
1327 3.082752227783203
1327 2.804994583129883
1327 2.802133560180664
1327 2.9897689819335938
1327 2.8269290924072266
1327 2.8231143951416016
1327 3.052949905395508
1327 2.804994583129883
1327 2.9039382934570312
1327 2.9070377349853516
1327 2.8791427612304688
1327 2.9540061950683594
1327 2.8541088104248047
1327 2.8138160705566406
1327 3.003835678100586
1327 2.8460025787353516
1327 2.846240997314453
1327 3.046274185180664
1327 2.8281211853027344
1327 2.8181076049804688
1327 2.9778480529785156
1327 2.9001235961914062
1327 3.1430721282958984
1327 2.928018569946289
1327 2.8307437896728516
1327 2.9861927032470703
1327 2.875089645385742
1327 2.9540061950683594
1327 3.2787322998046875
1327 2.8400421142578125
1327 3.0317306518554688
1327 2.86102294921875
1327 2.8619766235351562
1327 3.0798912048339844
1327 2.9211044311523438
1327 2.8378963470458984
1327 3.0100345611572266
1327 2.8870105743408203
1327 2.995014190673828
1327 2.899169921875
1327 3.0291080474853516
1327 3.2968521118164062
1327 2.8591156005859375
1327 2.9349327087402344
1327 3.075838088989258
1327 2.8548240661621094
1327 3.782033920288086
1327 2.995014190673828
1327 2.892017364501953
1327 3.359079360961914
1327 2.978086471557617
1327 3.287076950073242
1327 3.021717071533203
1327 2.9392242431640625
1327 3.464221954345703
1327 2.9268264770507812
1327 3.403902053833008
1327 3.1359195709228516
1327 2.9611587524414062
1327 3.281116485595703
1327 3.0028820037841797
1327 3.072977066040039
1327 3.2639503479003906
1327 2.978086471557617
1327 3.3888816833496094
1327 3.041982650756836
1327 3.289937973022461
1327 3.2417774200439453
1327 3.081798553466797
1327 3.0829906463623047
1327 2.9077529907226562
1327 2.8848648071289062
1327 3.325939178466797
1327 3.065824508666992
1327 3.226041793823242
1327 2.9871463775634766
1327 2.936840057373047
1327 3.175020217895508
1327 2.910137176513672
1327 2.9020309448242188
1327 3.113985061645508
1327 2.901792526245117
1327 3.1740665435791016
1327 2.9289722442626953
1327 3.175973892211914
1327 3.1027793884277344
1327 3.039836883544922
1327 3.1669139862060547
1327 2.9981136322021484
1327 2.9189586639404297
1327 3.170013427734375
1327 2.9201507568359375
1327 2.9239654541015625
1327 3.062009811401367
1327 2.9959678649902344
1327 3.316164016723633
1327 2.9709339141845703
1327 3.0400753021240234
1327 3.1561851501464844
1327 3.000974655151367
1327 3.0159950256347656
1327 3.0868053436279297
1327 2.9456615447998047
1327 3.196239471435547
1327 3.0231475830078125
1327 2.969980239868164
1327 3.5381317138671875
1327 3.0159950256347656
1327 3.2329559326171875
1327 3.0171871185302734
1327 2.9561519622802734
1327 3.100872039794922
1327 2.974987030029297
1327 3.1859874725341797
1327 3.0150413513183594
1327 2.978086471557617
1327 3.15093994140625
1327 3.2439231872558594
1327 2.9671192169189453
1327 3.268718719482422
1327 3.0410289764404297
1327 3.197908401489258
1327 2.9878616333007812
1327 2.955913543701172
1327 3.1080245971679688
1327 3.002166748046875
1327 3.2820701599121094
1327 3.567934036254883
1327 3.0028820037841797
1327 3.180980682373047
1327 2.9871463775634766
1327 3.361940383911133
1327 3.0226707458496094
1327 3.0031204223632812
1327 3.231048583984375
1327 3.020048141479492
1327 3.1321048736572266
1327 3.0918121337890625
1327 3.2091140747070312
1327 3.2608509063720703
1327 3.113985061645508
1327 4.611730575561523
1327 5.400657653808594
1327 5.409002304077148
1327 5.584955215454102
1327 5.256891250610352
1327 7.919073104858398
1327 7.702112197875977
1327 7.402896881103516
1327 5.7086944580078125
1327 6.478786468505859
1327 3.2651424407958984
1327 3.650188446044922
1327 3.3631324768066406
1327 3.6249160766601562
1327 3.2761096954345703
1327 3.2029151916503906
1327 3.7000179290771484
1327 3.5851001739501953
1327 3.592967987060547
1327 3.4961700439453125
1327 3.393888473510742
1327 3.059864044189453
1327 3.0498504638671875
1327 3.097057342529297
1327 3.069162368774414
1327 3.168821334838867
1327 3.0961036682128906
1327 3.0868053436279297
1327 3.0829906463623047
1327 3.0651092529296875
1327 3.0510425567626953
1327 3.0820369720458984
1327 3.0367374420166016
1327 3.2241344451904297
1327 3.0362606048583984
1327 3.0350685119628906
1327 3.1528472900390625
1327 3.046274185180664
1327 3.458738327026367
1327 3.0918121337890625
1327 3.0367374420166016
1327 3.2410621643066406
1327 3.095865249633789
1327 3.2608509063720703
1327 3.0846595764160156
1327 3.077268600463867
1327 3.450155258178711
1327 3.136873245239258
1327 3.2019615173339844
1327 3.1042098999023438
1327 3.083944320678711
1327 3.284931182861328
1327 3.0558109283447266
1327 3.2248497009277344
1327 3.1669139862060547
1327 3.1032562255859375
1327 3.2739639282226562
1327 3.0891895294189453
1327 3.1919479370117188
1327 3.1957626342773438
1327 3.088235855102539
1327 3.186941146850586
1327 3.077983856201172
1327 3.103017807006836
1327 3.186941146850586
1327 3.080129623413086
1327 3.2210350036621094
1327 3.0870437622070312
1327 3.077268600463867
1327 3.1859874725341797
1327 3.0858516693115234
1327 3.1599998474121094
1327 3.0901432037353516
1327 3.086090087890625
1327 3.2100677490234375
1327 3.1061172485351562
1327 3.2961368560791016
1327 3.162860870361328
1327 3.086090087890625
1327 3.164052963256836
1327 3.1659603118896484
1327 3.2558441162109375
1327 3.2210350036621094
1327 3.179788589477539
1327 3.2699108123779297
1327 3.1938552856445312
1327 3.2892227172851562
1327 3.343820571899414
1327 3.162860870361328
1327 3.777027130126953
1327 3.1969547271728516
1327 3.4046173095703125
1327 3.4151077270507812
1327 3.56292724609375
1327 3.2508373260498047
1327 3.1800270080566406
1327 3.3240318298339844
1327 3.4592151641845703
1327 3.84521484375
1327 3.3690929412841797
1327 3.702878952026367
1327 3.5157203674316406
1327 3.969907760620117
1327 3.785848617553711
1327 3.4508705139160156
1327 3.8030147552490234
1327 3.818988800048828
1327 4.03904914855957
1327 5.534887313842773
1327 3.2300949096679688
1327 3.528118133544922
1327 3.616809844970703
1327 3.718137741088867
1327 3.4067630767822266
1327 3.2448768615722656
1327 3.9119720458984375
1327 3.4019947052001953
1327 3.2830238342285156
1327 3.2148361206054688
1327 3.2269954681396484
1327 3.4852027893066406
1327 3.3419132232666016
1327 3.2472610473632812
1327 3.2591819763183594
1327 3.3767223358154297
1327 3.412961959838867
1327 3.3159255981445312
1327 3.3020973205566406
1327 3.1681060791015625
1327 3.206014633178711
1327 3.400087356567383
1327 3.3218860626220703
1327 3.275156021118164
1327 3.183126449584961
1327 3.1642913818359375
1327 3.4079551696777344
1327 3.3349990844726562
1327 3.265857696533203
1327 3.2820701599121094
1327 3.1862258911132812
1327 3.428936004638672
1327 3.306865692138672
1327 3.282785415649414
1327 3.2269954681396484
1327 3.203868865966797
1327 3.422975540161133
1327 3.570079803466797
1327 3.3080577850341797
1327 3.3071041107177734
1327 3.1969547271728516
1327 3.3409595489501953
1327 3.4248828887939453
1327 3.3500194549560547
1327 3.228902816772461
1327 3.197908401489258
1327 3.518819808959961
1327 3.4449100494384766
1327 3.2629966735839844
1327 3.2699108123779297
1327 3.222227096557617
1327 3.4482479095458984
1327 3.4949779510498047
1327 3.2567977905273438
1327 3.44085693359375
1327 3.2160282135009766
1327 3.6208629608154297
1327 3.441333770751953
1327 3.2851696014404297
1327 3.412961959838867
1327 3.237009048461914
1327 3.454923629760742
1327 3.573894500732422
1327 3.3838748931884766
1327 3.408670425415039
1327 3.2341480255126953
1327 3.6950111389160156
1327 3.4110546112060547
1327 3.278017044067383
1327 3.3130645751953125
1327 3.242969512939453
1327 3.612041473388672
1327 3.3597946166992188
1327 3.4389495849609375
1327 3.2629966735839844
1327 3.2389163970947266
1327 4.007816314697266
1327 3.6821365356445312
1327 3.4089088439941406
1327 3.2448768615722656
1327 3.3152103424072266
1327 3.6139488220214844
1327 3.376007080078125
1327 3.5331249237060547
1327 3.2639503479003906
1327 3.4050941467285156
1327 3.762960433959961
1327 3.380298614501953
1327 3.2999515533447266
1327 3.3080577850341797
1327 3.506898880004883
1327 3.507852554321289
1327 3.426074981689453
1327 3.298044204711914
1327 3.35693359375
1327 3.538846969604492
1327 3.595113754272461
1327 3.3271312713623047
1327 3.3431053161621094
1327 3.404855728149414
1327 3.4933090209960938
1327 3.576993942260742
1327 3.381967544555664
1327 3.384113311767578
1327 3.4050941467285156
1327 3.597736358642578
1327 3.789186477661133
1327 3.365039825439453
1327 3.4830570220947266
1327 3.5550594329833984
1327 3.8688182830810547
1327 3.5600662231445312
1327 3.6420822143554688
1327 3.331899642944336
1327 3.62396240234375
1327 3.341197967529297
1327 3.4580230712890625
1327 3.565073013305664
1327 3.301858901977539
1327 3.9420127868652344
1327 3.3190250396728516
1327 3.760099411010742
1327 3.324747085571289
1327 3.428220748901367
1327 3.695249557495117
1327 3.3416748046875
1327 3.663778305053711
1327 3.313779830932617
1327 3.4859180450439453
1327 3.547191619873047
1327 3.5321712493896484
1327 3.6249160766601562
1327 3.4542083740234375
1327 3.5080909729003906
1327 3.6280155181884766
1327 3.6029815673828125
1327 3.3600330352783203
1327 3.384113311767578
1327 3.5631656646728516
1327 3.414630889892578
1327 3.612995147705078
1327 3.330707550048828
1327 3.381967544555664
1327 3.330707550048828
1327 3.45611572265625
1327 3.438711166381836
1327 3.4868717193603516
1327 3.341197967529297
1327 3.5648345947265625
1327 3.4821033477783203
1327 3.536224365234375
1327 3.5152435302734375
1327 3.359079360961914
1327 3.4079551696777344
1327 3.3829212188720703
1327 3.4661293029785156
1327 3.4079551696777344
1327 3.348827362060547
1327 3.3919811248779297
1327 3.3559799194335938
1327 3.452777862548828
1327 3.3609867095947266
1327 3.368854522705078
1327 3.3788681030273438
1327 3.3750534057617188
1327 3.4890174865722656
1327 3.3850669860839844
1327 3.6809444427490234
1327 3.4151077270507812
1327 3.5409927368164062
1327 3.657102584838867
1327 3.468036651611328
1327 3.667116165161133
1327 3.4439563751220703
1327 3.4461021423339844
1327 3.3800601959228516
1327 3.6373138427734375
1327 3.4186840057373047
1327 3.437042236328125
1327 3.4999847412109375
1327 3.4029483795166016
1327 3.509044647216797
