8843 4.666805267333984
8825 5.4264068603515625
8776 5.087137222290039
8756 4.8770904541015625
8710 5.071163177490234
8693 5.099058151245117
8662 4.890918731689453
8580 5.03087043762207
8566 5.129814147949219
8548 5.253791809082031
8534 5.259990692138672
8510 5.3119659423828125
8503 5.506992340087891
8475 5.140066146850586
8451 5.051851272583008
8426 5.364179611206055
8396 5.020856857299805
8375 5.033969879150391
8370 5.302906036376953
8332 5.012035369873047
8300 5.300998687744141
8260 5.28717041015625
8226 5.082845687866211
8210 5.057811737060547
8200 5.151987075805664
8191 5.276918411254883
8146 4.964113235473633
8135 5.115985870361328
8112 5.4569244384765625
8062 4.945993423461914
7975 5.024909973144531
7966 5.431175231933594
7954 5.0029754638671875
7904 5.716085433959961
7873 5.651950836181641
7837 5.173921585083008
7814 5.204916000366211
7810 4.928827285766602
7788 5.168914794921875
7750 5.180835723876953
7741 4.996061325073242
7702 5.078792572021484
7673 4.971027374267578
7645 5.040168762207031
7632 5.035877227783203
7613 4.935979843139648
7592 5.141973495483398
7580 5.052328109741211
7563 4.9457550048828125
7523 5.107879638671875
7511 5.095243453979492
7488 4.928827285766602
7483 5.12385368347168
7476 4.933834075927734
7453 5.151987075805664
7433 5.148172378540039
7396 4.988908767700195
7338 5.081892013549805
7305 5.341053009033203
7292 5.086183547973633
7262 5.13005256652832
7254 5.181789398193359
7246 4.963159561157227
7238 5.22303581237793
7227 4.954099655151367
7211 5.081892013549805
7186 5.145788192749023
7171 5.013942718505859
7158 5.124807357788086
7152 5.190849304199219
7146 4.950046539306641
7126 5.089044570922852
7101 5.19108772277832
7086 4.962921142578125
7077 5.067110061645508
7069 5.037784576416016
7062 4.964113235473633
7051 5.012989044189453
7037 4.9610137939453125
7022 5.021333694458008
6982 5.026102066040039
6962 4.95600700378418
6956 4.998922348022461
6932 4.961967468261719
6911 4.95600700378418
6911 4.950046539306641
6905 4.9839019775390625
6867 5.001068115234375
6866 4.982948303222656
6861 5.042314529418945
6823 5.004167556762695
6791 4.964113235473633
6775 4.976034164428711
6750 4.95600700378418
6744 4.950046539306641
6714 4.96983528137207
6709 4.968166351318359
6704 4.951000213623047
6676 4.944086074829102
6598 4.963874816894531
6529 4.935741424560547
6522 4.9419403076171875
6488 4.939079284667969
6444 4.944801330566406
6388 4.932165145874023
6335 4.931211471557617
6323 4.949092864990234
6315 4.952907562255859
6309 5.168914794921875
6288 5.176067352294922
6285 4.951715469360352
6285 5.019903182983398
6252 5.050182342529297
6247 4.955053329467773
6223 5.134105682373047
6191 4.940032958984375
6187 5.177021026611328
6132 5.07807731628418
6125 4.982948303222656
6079 5.138158798217773
6058 5.146980285644531
6054 4.979848861694336
5991 5.195140838623047
5979 5.163908004760742
5978 5.160093307495117
5957 5.177974700927734
5951 5.019187927246094
5889 5.141973495483398
5885 5.178213119506836
5835 5.033969879150391
5832 5.153894424438477
5832 5.175113677978516
5820 4.997730255126953
5815 5.127906799316406
5788 5.125999450683594
5787 5.020856857299805
5787 5.058050155639648
5771 5.146026611328125
5752 5.000114440917969
5752 5.067110061645508
5738 4.979848861694336
5738 5.011081695556641
5721 5.009889602661133
5704 4.9800872802734375
5704 4.976749420166016
5684 5.007743835449219
5679 4.96983528137207
5679 4.975795745849609
5677 4.972934722900391
5657 5.0067901611328125
5621 4.965782165527344
5619 4.970788955688477
5606 5.131959915161133
5604 5.054235458374023
5539 5.024909973144531
5539 5.0640106201171875
5539 4.979133605957031
5516 5.080223083496094
5496 5.053997039794922
5474 5.032777786254883
5459 5.209684371948242
5454 5.047082901000977
5452 5.015134811401367
5400 5.071163177490234
5400 5.255937576293945
5396 14.132022857666016
5342 7.880926132202148
5342 8.314847946166992
5342 8.445978164672852
5336 5.811929702758789
5330 5.782842636108398
5330 5.821943283081055
5330 5.362749099731445
5269 5.033969879150391
5269 5.0449371337890625
5261 5.089998245239258
5261 4.9648284912109375
5242 5.151987075805664
5230 5.06901741027832
5210 4.969120025634766
5204 5.101919174194336
5204 5.002021789550781
5204 7.449865341186523
5189 5.22613525390625
5188 5.691289901733398
5188 4.995822906494141
5188 5.610942840576172
5188 5.027055740356445
5162 5.537986755371094
5142 5.471944808959961
5140 5.018949508666992
5140 5.59687614440918
5105 5.321979522705078
5079 5.074262619018555
5073 5.596160888671875
5068 5.749940872192383
5052 5.310297012329102
5052 6.208896636962891
5047 5.91278076171875
5047 7.554054260253906
5032 8.112192153930664
5032 5.323886871337891
5031 6.628751754760742
5031 5.522966384887695
4983 5.388021469116211
4983 5.2280426025390625
4946 5.331277847290039
4940 5.92494010925293
4940 5.076169967651367
4932 5.471944808959961
4923 5.914211273193359
4894 5.072832107543945
4894 5.34820556640625
4894 5.592107772827148
4894 5.080699920654297
4894 5.335092544555664
4879 5.609989166259766
4878 5.150794982910156
4878 5.275249481201172
4878 5.761146545410156
4878 5.031824111938477
4878 5.184173583984375
4871 5.922079086303711
4801 5.06591796875
4801 5.485057830810547
4756 5.960941314697266
4756 5.582094192504883
4748 5.0220489501953125
4725 5.831003189086914
4715 5.450963973999023
4715 5.027055740356445
4715 5.803108215332031
4713 5.364894866943359
4711 5.083799362182617
4702 5.646228790283203
4702 5.486965179443359
4702 5.041837692260742
4702 5.673885345458984
4702 5.900144577026367
4702 5.50079345703125
4702 6.124973297119141
4679 5.605936050415039
4679 5.029201507568359
4677 5.6438446044921875
4677 5.503177642822266
4665 5.028724670410156
4644 5.491971969604492
4604 5.276918411254883
4589 5.041837692260742
4589 5.3310394287109375
4584 5.419015884399414
4584 5.074977874755859
4584 5.0868988037109375
4584 5.614995956420898
4584 5.077123641967773
4579 5.203008651733398
4579 5.561113357543945
4579 5.357027053833008
4559 5.095958709716797
4559 5.425930023193359
4496 5.222082138061523
4496 5.037069320678711
4496 5.515098571777344
4496 5.237102508544922
4424 4.961729049682617
4392 5.362033843994141
4392 5.211114883422852
4392 4.961967468261719
4392 5.324125289916992
4353 5.360841751098633
4331 4.963159561157227
4309 4.998922348022461
4308 5.417823791503906
4308 5.033969879150391
4308 5.007028579711914
4308 5.553960800170898
4308 5.15294075012207
4308 4.949331283569336
4306 5.604982376098633
4306 5.141019821166992
4306 4.95600700378418
4306 5.500078201293945
4306 5.510091781616211
4306 4.992008209228516
4306 5.496978759765625
4306 5.363941192626953
4305 5.072116851806641
4305 5.555868148803711
4298 5.514621734619141
4298 5.154848098754883
4298 5.131721496582031
4291 5.742788314819336
4291 5.2890777587890625
4291 5.414009094238281
4291 6.23321533203125
4288 5.49006462097168
4288 5.505800247192383
4288 5.343914031982422
4288 5.306005477905273
4282 5.04612922668457
4282 5.328178405761719
4282 5.197048187255859
4238 5.092144012451172
4231 5.20014762878418
4231 5.224943161010742
4231 4.995107650756836
4222 5.272626876831055
4216 5.121707916259766
4216 5.151033401489258
4216 5.194902420043945
4216 5.0201416015625
4216 5.190849304199219
4216 5.173921585083008
4216 5.038022994995117
4216 5.198240280151367
4213 5.179882049560547
4213 5.053997039794922
4213 5.178213119506836
4180 5.239963531494141
4180 5.074977874755859
4180 5.192995071411133
4180 5.231142044067383
4180 5.028247833251953
4180 5.26881217956543
4180 5.080699920654297
4180 5.195856094360352
4150 5.347013473510742
4136 5.132913589477539
4136 5.244016647338867
4136 5.250692367553711
4136 5.020856857299805
4136 5.385875701904297
4136 5.321025848388672
4136 5.047082901000977
4136 5.206108093261719
4129 5.33604621887207
4129 5.034923553466797
4129 5.285978317260742
4129 5.117893218994141
4129 5.077123641967773
4124 5.242824554443359
4124 5.253791809082031
4124 5.089998245239258
4124 5.568027496337891
4124 5.487918853759766
4124 5.098819732666016
4124 5.2280426025390625
4124 5.374908447265625
4124 5.126237869262695
4124 5.554914474487305
4110 5.285024642944336
4110 5.292177200317383
4110 5.303144454956055
4110 5.442142486572266
4110 5.189180374145508
4110 5.496025085449219
4110 5.356073379516602
4110 5.295991897583008
4099 5.290985107421875
4099 5.256891250610352
4099 5.196809768676758
4099 5.374908447265625
4088 5.691051483154297
4088 5.291938781738281
4088 5.338907241821289
4088 5.29789924621582
4088 5.207061767578125
4088 5.350828170776367
4088 5.665063858032227
4079 5.372047424316406
4079 5.398035049438477
4079 5.258083343505859
4079 5.176067352294922
4055 5.242824554443359
4055 5.14984130859375
4055 5.123138427734375
4055 5.408048629760742
4055 5.305767059326172
4055 5.191802978515625
4055 5.457162857055664
4055 5.6610107421875
4055 5.213022232055664
4055 5.540132522583008
4055 5.315065383911133
4055 5.199670791625977
3998 5.350828170776367
3998 5.22303581237793
3961 5.079984664916992
3961 5.280971527099609
3961 5.223989486694336
3961 5.120754241943359
3961 5.339860916137695
3961 5.115032196044922
3961 5.576133728027344
3961 5.352973937988281
3961 5.203962326049805
3961 5.177974700927734
3961 5.293130874633789
3961 5.154132843017578
3961 5.281686782836914
3961 5.339860916137695
3961 5.124092102050781
3961 5.294084548950195
3961 5.234241485595703
3961 5.153894424438477
3961 5.485057830810547
3961 5.543947219848633
3961 5.40614128112793
3961 5.370855331420898
3961 5.31458854675293
3961 5.153656005859375
3961 5.5370330810546875
3961 5.317926406860352
3961 5.110740661621094
3960 5.2642822265625
3960 5.261898040771484
3960 5.101919174194336
3960 5.333900451660156
3960 5.508184432983398
3960 5.124807357788086
3960 5.390167236328125
3960 5.326271057128906
3954 5.113840103149414
3951 5.234003067016602
3951 5.163908004760742
3951 5.087852478027344
3951 5.209207534790039
3951 5.137920379638672
3951 5.102872848510742
3951 5.283117294311523
3951 5.179166793823242
3951 5.393028259277344
3951 5.330085754394531
3951 5.31768798828125
3951 5.120992660522461
3951 5.270957946777344
3951 5.234003067016602
3951 5.384206771850586
3951 5.2890777587890625
3951 5.398988723754883
3951 5.2280426025390625
3951 5.169868469238281
3951 5.307912826538086
3951 5.256175994873047
3951 5.501985549926758
3951 5.25212287902832
3951 5.145072937011719
3951 5.171060562133789
3951 5.21397590637207
3951 5.1746368408203125
3951 5.534887313842773
3951 5.300998687744141
3951 5.285739898681641
3951 5.150318145751953
3951 5.19108772277832
3951 5.188941955566406
3951 5.347013473510742
3951 5.259037017822266
3951 5.327939987182617
3951 5.166292190551758
3951 5.151987075805664
3951 5.205631256103516
3951 5.159854888916016
3948 5.181789398193359
3948 5.160093307495117
3948 5.177974700927734
3948 5.161762237548828
3948 5.300283432006836
3948 5.327701568603516
3948 5.22303581237793
3948 5.276918411254883
3948 5.240678787231445
3948 5.305767059326172
3923 5.312919616699219
3923 5.273103713989258
3923 5.298137664794922
3923 5.393028259277344
3923 5.189180374145508
3923 5.323886871337891
3923 5.2318572998046875
3923 5.19108772277832
3923 5.214929580688477
3923 5.248069763183594
3923 5.2318572998046875
3923 5.291938781738281
3923 5.293130874633789
3923 5.294084548950195
3923 5.372047424316406
3923 5.285978317260742
3923 5.203008651733398
3923 5.956172943115234
3923 5.730152130126953
3923 5.728960037231445
3923 5.649089813232422
3923 5.51295280456543
3923 5.692958831787109
3923 5.720853805541992
3923 5.590200424194336
3923 5.933284759521484
3923 5.312204360961914
3923 5.508184432983398
3923 6.01506233215332
3923 5.3920745849609375
3923 5.575895309448242
3923 6.87718391418457
3923 6.050825119018555
3922 5.388021469116211
3922 6.22105598449707
3922 5.763769149780273
3922 5.405187606811523
3908 5.541801452636719
3896 5.495786666870117
3896 5.525112152099609
3896 5.277872085571289
3896 5.516767501831055
3896 5.505800247192383
3896 5.311012268066406
3896 5.568981170654297
3896 5.447149276733398
3896 5.352020263671875
3896 5.5370330810546875
3896 5.491018295288086
3896 5.385160446166992
3896 5.505084991455078
3896 5.456209182739258
3896 5.633115768432617
3896 5.290985107421875
3896 5.453824996948242
3896 5.699872970581055
3896 5.291938781738281
3896 5.560874938964844
3887 5.622148513793945
3882 5.299806594848633
3882 5.409955978393555
3882 5.614042282104492
3882 5.38182258605957
3882 5.641937255859375
3882 5.546092987060547
3882 5.274295806884766
3882 5.484104156494141
3882 5.549192428588867
3882 5.460977554321289
3882 5.361318588256836
3882 5.536079406738281
3882 5.609273910522461
3882 5.282878875732422
3882 5.507946014404297
3882 5.58018684387207
3882 5.342960357666016
3882 5.445957183837891
3882 5.388021469116211
3882 5.43212890625
3882 5.301952362060547
3882 5.398035049438477
3882 5.3310394287109375
3882 5.304098129272461
3882 5.381107330322266
3882 5.299091339111328
3882 5.321979522705078
3882 5.386114120483398
3882 5.325078964233398
3882 5.695819854736328
3882 5.44285774230957
3882 5.367040634155273
3882 5.418062210083008
3882 5.3539276123046875
3882 5.330085754394531
3882 5.379915237426758
3882 5.388021469116211
3882 5.332231521606445
3882 5.341291427612305
3882 5.363941192626953
3882 5.360126495361328
3882 5.637168884277344
3882 5.661964416503906
3882 5.461931228637695
3882 5.3768157958984375
3882 5.614757537841797
3882 5.532979965209961
3882 5.364894866943359
3882 5.522012710571289
3882 5.437135696411133
3882 5.41996955871582
3882 5.649089813232422
3882 5.442142486572266
3882 5.64122200012207
3882 5.780220031738281
3882 5.4988861083984375
3882 5.493640899658203
3882 5.541086196899414
3882 5.638837814331055
3882 5.815029144287109
3882 5.595207214355469
3882 5.668878555297852
3882 5.675792694091797
3882 5.983114242553711
3882 5.827188491821289
3882 5.913019180297852
3882 6.163835525512695
3882 5.450010299682617
3882 5.815029144287109
3882 6.304025650024414
3882 5.685091018676758
3882 5.770206451416016
3882 6.03175163269043
3882 5.768775939941406
3882 6.537914276123047
3882 5.51295280456543
3882 5.728006362915039
3882 6.476163864135742
3882 5.773067474365234
3882 5.450010299682617
3882 6.370067596435547
3882 5.787134170532227
3882 5.626678466796875
3882 6.085872650146484
3882 5.736112594604492
3882 6.03795051574707
3882 5.884885787963867
3882 5.570888519287109
3882 6.153106689453125
3882 5.977153778076172
3882 5.460023880004883
3882 5.921125411987305
3882 5.995035171508789
3882 5.7621002197265625
3882 5.672931671142578
3882 5.822896957397461
3882 5.689859390258789
3882 5.593061447143555
3882 6.016731262207031
3882 5.678653717041016
3882 5.871057510375977
3882 5.474090576171875
3882 5.769968032836914
3882 5.77998161315918
3882 5.656957626342773
3882 5.872964859008789
3882 5.919933319091797
3882 5.773782730102539
3858 5.455970764160156
3858 5.698204040527344
3858 5.619049072265625
3858 5.732059478759766
3858 5.7621002197265625
3858 5.675077438354492
3858 5.759954452514648
3858 5.492925643920898
3858 5.624055862426758
3858 5.81812858581543
3858 5.620002746582031
3858 5.500078201293945
3858 5.632877349853516
3858 5.65028190612793
3858 5.455732345581055
3858 6.035804748535156
3858 5.810976028442383
3858 5.6781768798828125
3858 5.631923675537109
3858 5.665063858032227
3858 5.738973617553711
3858 5.518913269042969
3858 5.738973617553711
3858 5.614042282104492
3858 5.793094635009766
3858 5.545854568481445
3858 6.053924560546875
3858 6.044864654541016
3858 5.478143692016602
3858 5.801916122436523
3858 5.782842636108398
3858 5.828857421875
3858 5.540132522583008
3858 5.768299102783203
3858 5.687952041625977
3858 5.548954010009766
3858 6.068944931030273
3858 5.692958831787109
3858 5.988836288452148
3858 5.593061447143555
3858 5.695104598999023
3858 6.141901016235352
3858 5.660057067871094
3858 5.601167678833008
3858 5.803108215332031
3858 5.697965621948242
3858 5.594015121459961
3858 5.779027938842773
3858 5.759954452514648
3858 5.697965621948242
3858 5.56492805480957
3858 5.760908126831055
3858 5.7220458984375
3858 5.541801452636719
3858 5.788326263427734
3858 5.73277473449707
3858 5.765676498413086
3858 5.581140518188477
3858 5.727052688598633
3858 5.862951278686523
3858 5.535125732421875
3858 5.743980407714844
3858 5.717992782592773
3858 5.608320236206055
3858 5.526065826416016
3858 5.663871765136719
3858 5.599021911621094
3858 5.522966384887695
3858 5.641937255859375
3858 5.620002746582031
3858 5.530834197998047
3858 5.669832229614258
3858 5.697727203369141
3858 5.626916885375977
3858 5.5828094482421875
3858 5.635738372802734
3858 5.679845809936523
3858 5.987882614135742
3858 5.894184112548828
3858 5.665063858032227
3858 5.618095397949219
3858 5.557060241699219
3858 5.639076232910156
3858 5.584001541137695
3858 5.558967590332031
3858 6.0138702392578125
3858 5.635976791381836
3858 5.568027496337891
3858 5.578041076660156
3858 5.5599212646484375
3858 5.817174911499023
3858 5.863189697265625
3858 5.594968795776367
3858 5.571126937866211
3858 5.6247711181640625
3858 5.613803863525391
3858 5.63502311706543
3858 5.611181259155273
3858 5.5828094482421875
3858 5.579948425292969
3858 5.638837814331055
3858 5.582094192504883
3858 5.580902099609375
3858 5.614042282104492
3846 5.620241165161133
3846 5.632162094116211
3846 6.9561004638671875
3846 6.541252136230469
3846 6.276845932006836
3846 6.211042404174805
3846 5.759954452514648
3846 6.148815155029297
3846 6.1588287353515625
3846 5.693912506103516
3846 5.675077438354492
3846 5.749702453613281
3846 5.703926086425781
3846 5.710840225219727
3846 5.74803352355957
3846 5.662202835083008
3846 5.660295486450195
3846 5.654096603393555
3846 5.667686462402344
3846 5.724906921386719
3846 6.061077117919922
3846 5.675792694091797
3846 6.176948547363281
3846 5.724191665649414
3846 6.002902984619141
3846 5.828857421875
3846 6.017923355102539
3846 5.920171737670898
3846 5.8231353759765625
3846 6.321907043457031
3846 6.090879440307617
3846 5.885839462280273
3846 5.717992782592773
3846 5.851030349731445
3846 5.820035934448242
3846 6.124019622802734
3846 5.793094635009766
3846 5.826711654663086
3846 5.808830261230469
3846 5.875825881958008
3846 5.709171295166016
3846 5.812883377075195
3846 5.85484504699707
3846 5.8307647705078125
3846 5.835056304931641
3846 5.964040756225586
3846 6.019830703735352
3846 5.77092170715332
3846 5.978822708129883
3846 5.890846252441406
3846 6.092071533203125
3846 5.815982818603516
3846 5.969047546386719
3846 6.039857864379883
3846 6.001949310302734
3846 6.367921829223633
3846 6.2847137451171875
3846 6.054162979125977
3846 6.081819534301758
3846 5.798816680908203
3846 6.206035614013672
3846 6.152868270874023
3846 6.164073944091797
3846 6.330013275146484
3846 6.153106689453125
3846 6.101846694946289
3846 6.500005722045898
3846 6.059169769287109
3846 5.76019287109375
3846 6.219148635864258
3846 5.991935729980469
3846 6.030082702636719
3846 5.8441162109375
3846 6.0520172119140625
3846 6.065845489501953
3846 6.065845489501953
3846 5.833864212036133
3846 6.549835205078125
3846 6.256341934204102
3846 6.103038787841797
3846 6.101131439208984
3846 5.872249603271484
3846 6.273031234741211
3846 6.2580108642578125
3846 6.099224090576172
3846 5.872964859008789
3846 6.134033203125
3846 6.114006042480469
3846 6.661891937255859
3846 5.932092666625977
3846 5.988836288452148
3846 6.155729293823242
3846 6.03485107421875
3846 6.429910659790039
3846 5.923986434936523
3846 6.136894226074219
3846 6.4239501953125
3846 6.040096282958984
3846 5.843877792358398
3846 6.427764892578125
3846 6.108999252319336
3846 6.079912185668945
3846 6.0138702392578125
3846 6.115913391113281
3846 5.922079086303711
3846 6.026983261108398
3846 5.831003189086914
3846 5.924701690673828
3846 6.8359375
3846 14.543771743774414
3846 8.933782577514648
3846 7.590770721435547
3846 6.203174591064453
3846 6.680965423583984
3846 6.062984466552734
3846 6.16002082824707
3846 6.104230880737305
3846 6.083011627197266
3846 6.176948547363281
3846 6.168127059936523
3846 6.149053573608398
3846 6.114006042480469
3846 6.091117858886719
3846 6.057024002075195
3846 6.366968154907227
3846 6.175041198730469
3846 6.016016006469727
3846 6.0558319091796875
3846 6.100893020629883
3846 6.066083908081055
3846 5.911111831665039
3846 6.196022033691406
3846 6.072044372558594
3846 6.160259246826172
3846 5.95402717590332
3846 5.959987640380859
3846 5.882740020751953
3846 5.882024765014648
3846 5.910634994506836
3846 5.887031555175781
3846 5.884885787963867
3846 5.904912948608398
3846 5.884885787963867
3846 5.997180938720703
3846 6.00123405456543
3846 6.048917770385742
3846 5.999088287353516
3846 5.965232849121094
3846 6.079912185668945
3846 5.995988845825195
3846 6.100893020629883
3846 5.911111831665039
3846 6.206035614013672
3846 6.066799163818359
3846 6.160974502563477
3846 5.928993225097656
3846 6.086111068725586
3846 6.136178970336914
3846 6.119966506958008
3846 5.987882614135742
3846 6.175994873046875
3846 6.126165390014648
3846 6.126165390014648
3846 6.009101867675781
3846 6.175994873046875
3846 6.104707717895508
3846 6.271123886108398
3846 6.122112274169922
3846 6.072998046875
3846 6.125688552856445
3846 6.357908248901367
3846 6.88624382019043
3846 6.609916687011719
3846 6.408929824829102
3846 6.630182266235352
3846 6.831884384155273
3846 6.836891174316406
3846 6.485223770141602
3846 6.084918975830078
3846 6.175041198730469
3846 6.185770034790039
3844 6.11424446105957
3844 6.09898567199707
3844 5.861997604370117
3844 6.531000137329102
3844 6.039142608642578
3844 5.976200103759766
3844 5.874872207641602
3844 5.933046340942383
3844 5.908966064453125
3844 5.988836288452148
3844 5.850791931152344
3844 5.850076675415039
3844 5.856990814208984
3844 5.840778350830078
3844 5.876064300537109
3844 5.901098251342773
3844 5.88679313659668
3844 5.871057510375977
3844 5.851030349731445
3844 5.850791931152344
3844 5.867958068847656
3844 5.854129791259766
3844 5.850076675415039
3844 5.861043930053711
3844 5.86700439453125
3844 5.915164947509766
3844 6.8683624267578125
3844 5.9528350830078125
3844 6.330966949462891
3844 5.882740020751953
3844 5.939960479736328
3844 5.941152572631836
3844 6.036043167114258
3844 6.170034408569336
3844 5.907773971557617
3844 5.88679313659668
3844 5.936861038208008
3844 5.901813507080078
3844 5.885839462280273
3844 5.9032440185546875
3844 5.8879852294921875
3844 5.8879852294921875
3844 5.913019180297852
3844 6.274938583374023
3844 6.39796257019043
3844 6.4373016357421875
3844 5.9909820556640625
3844 6.03175163269043
3844 5.918979644775391
3844 5.903720855712891
3844 5.903959274291992
3844 5.946159362792969
3844 5.915164947509766
3844 5.922079086303711
3844 5.911111831665039
3844 6.165981292724609
3844 6.041049957275391
3844 5.919933319091797
3844 5.916833877563477
3844 5.939006805419922
3844 5.922794342041016
3844 5.927085876464844
3844 5.918979644775391
3844 5.922079086303711
3844 5.94782829284668
3844 5.932092666625977
3844 5.927085876464844
3844 5.937337875366211
3844 5.9528350830078125
3844 5.93113899230957
3844 5.938053131103516
3844 5.937814712524414
3844 5.934000015258789
3844 5.965709686279297
3844 5.939960479736328
3844 5.968809127807617
