241 0.14591217041015625
227 0.12373924255371094
206 0.11086463928222656
189 0.11014938354492188
174 0.10585784912109375
152 0.11086463928222656
149 0.11014938354492188
94 0.10824203491210938
89 0.10919570922851562
80 0.11086463928222656
70 0.11110305786132812
57 0.11277198791503906
57 0.11396408081054688
31 0.11205673217773438
23 0.11491775512695312
23 0.11801719665527344
23 0.11920928955078125
23 0.13017654418945312
23 0.1342296600341797
23 0.12493133544921875
23 0.12493133544921875
23 0.1270771026611328
15 0.12111663818359375
15 0.12302398681640625
15 0.12278556823730469
15 0.125885009765625
15 0.1270771026611328
15 0.1277923583984375
15 0.1289844512939453
15 0.12993812561035156
15 0.1308917999267578
15 0.1327991485595703
15 0.13399124145507812
15 0.13589859008789062
15 0.13780593872070312
15 0.1380443572998047
15 0.14019012451171875
15 0.141143798828125
15 0.1430511474609375
15 0.1437664031982422
15 0.14519691467285156
15 0.1468658447265625
15 0.1480579376220703
15 0.14901161193847656
15 0.1506805419921875
15 0.15091896057128906
15 0.15306472778320312
15 0.15425682067871094
15 0.15592575073242188
15 0.15687942504882812
15 0.15783309936523438
15 0.15997886657714844
15 0.16117095947265625
15 0.16188621520996094
15 0.16427040100097656
15 0.16498565673828125
15 0.16617774963378906
15 0.1671314239501953
15 0.16927719116210938
15 0.1709461212158203
15 0.17118453979492188
15 0.17404556274414062
15 0.1747608184814453
15 0.17714500427246094
15 0.1780986785888672
15 0.17881393432617188
15 0.1800060272216797
15 0.18024444580078125
15 0.18310546875
15 0.18405914306640625
15 0.18477439880371094
15 0.1862049102783203
15 0.18787384033203125
15 0.19097328186035156
15 0.19097328186035156
15 0.1900196075439453
15 0.1919269561767578
15 0.19288063049316406
15 0.19502639770507812
15 0.1957416534423828
15 0.19693374633789062
15 0.19788742065429688
15 0.19979476928710938
15 0.202178955078125
15 0.2028942108154297
15 0.2040863037109375
15 0.20503997802734375
15 0.2639293670654297
15 0.2110004425048828
15 0.21004676818847656
15 0.2110004425048828
15 0.21314620971679688
15 0.21314620971679688
15 0.21409988403320312
15 0.21696090698242188
15 0.21791458129882812
15 0.21910667419433594
15 0.22101402282714844
15 0.2219676971435547
15 0.2219676971435547
15 0.22411346435546875
15 0.22792816162109375
15 0.2281665802001953
15 0.22673606872558594
15 0.22912025451660156
15 0.2300739288330078
15 0.23102760314941406
15 0.23293495178222656
15 0.2338886260986328
15 0.23603439331054688
15 0.23818016052246094
15 0.23818016052246094
15 0.24008750915527344
15 0.24080276489257812
15 0.2429485321044922
15 0.2429485321044922
15 0.2579689025878906
15 0.25773048400878906
15 0.2491474151611328
15 0.2486705780029297
15 0.25010108947753906
15 0.2560615539550781
15 0.2532005310058594
15 0.25391578674316406
15 0.25582313537597656
15 0.2579689025878906
15 0.2601146697998047
15 0.2601146697998047
15 0.2608299255371094
15 0.2880096435546875
15 0.26607513427734375
15 0.26702880859375
15 0.29015541076660156
15 0.3108978271484375
15 0.27298927307128906
15 0.2713203430175781
15 0.27298927307128906
15 0.2770423889160156
15 0.27871131896972656
15 0.2830028533935547
15 0.2810955047607422
15 0.2810955047607422
15 0.347137451171875
15 0.29015541076660156
15 0.286102294921875
15 0.28586387634277344
15 0.32711029052734375
15 0.3981590270996094
15 0.2932548522949219
15 0.2899169921875
15 0.2899169921875
15 0.29206275939941406
15 0.2932548522949219
15 0.29397010803222656
15 0.2949237823486328
15 0.2970695495605469
15 0.2980232238769531
15 0.2999305725097656
15 0.30112266540527344
15 0.3008842468261719
15 0.3039836883544922
15 0.30422210693359375
15 0.308990478515625
15 0.3082752227783203
15 0.30803680419921875
15 0.3101825714111328
15 0.3190040588378906
15 0.31280517578125
15 0.3139972686767578
15 0.31495094299316406
15 0.3180503845214844
15 0.32901763916015625
15 0.33092498779296875
15 0.3199577331542969
15 0.3209114074707031
15 0.3209114074707031
15 0.3230571746826172
15 0.32520294189453125
15 0.3368854522705078
15 0.331878662109375
15 0.33092498779296875
15 0.3299713134765625
15 0.5183219909667969
15 0.5550384521484375
15 0.45990943908691406
15 0.4050731658935547
15 0.3421306610107422
15 0.3447532653808594
15 0.3399848937988281
15 0.3399848937988281
15 0.3409385681152344
15 0.3421306610107422
15 0.3437995910644531
15 0.34618377685546875
15 0.34689903259277344
15 0.3478527069091797
15 0.34999847412109375
15 0.3871917724609375
15 0.4138946533203125
15 0.3561973571777344
15 0.3559589385986328
15 0.3571510314941406
15 0.3590583801269531
15 0.35881996154785156
15 0.3597736358642578
15 0.4029273986816406
15 0.3647804260253906
15 0.3628730773925781
15 0.3650188446044922
15 0.3657341003417969
15 0.3669261932373047
15 0.3688335418701172
15 0.3707408905029297
15 0.37097930908203125
15 0.37217140197753906
15 0.37407875061035156
15 0.4010200500488281
15 0.37789344787597656
15 0.37932395935058594
15 0.3790855407714844
15 0.3807544708251953
15 0.3809928894042969
15 0.3838539123535156
15 0.3838539123535156
15 0.3859996795654297
15 0.43010711669921875
15 0.39577484130859375
15 0.39124488830566406
15 0.39315223693847656
15 0.39386749267578125
15 0.49304962158203125
15 0.46062469482421875
15 0.44608116149902344
15 0.3998279571533203
15 0.4019737243652344
15 0.40221214294433594
15 0.40435791015625
15 0.4038810729980469
15 0.4048347473144531
15 0.40602684020996094
15 0.408172607421875
15 0.40793418884277344
15 0.4112720489501953
15 0.41103363037109375
15 0.41294097900390625
15 0.4138946533203125
15 0.4172325134277344
15 0.41604042053222656
15 0.4177093505859375
15 0.4191398620605469
15 0.4208087921142578
15 0.42128562927246094
15 0.4782676696777344
15 0.5397796630859375
15 0.4448890686035156
15 0.4799365997314453
15 0.43392181396484375
15 0.43082237243652344
15 0.4317760467529297
15 0.4329681396484375
15 0.4329681396484375
15 0.4382133483886719
15 0.43702125549316406
15 0.43582916259765625
15 0.4642009735107422
15 0.44417381286621094
15 0.44083595275878906
15 0.44274330139160156
15 0.4451274871826172
15 0.44608116149902344
15 0.44798851013183594
15 0.4489421844482422
15 0.44989585876464844
15 0.45108795166015625
15 0.4532337188720703
15 0.4527568817138672
15 0.4551410675048828
15 0.47206878662109375
15 0.45990943908691406
15 0.4589557647705078
15 0.45990943908691406
15 0.4611015319824219
15 0.4639625549316406
15 0.4658699035644531
15 0.4668235778808594
15 0.46706199645996094
15 0.4680156707763672
15 0.46896934509277344
15 0.4711151123046875
15 0.47087669372558594
15 0.47326087951660156
15 0.47588348388671875
15 0.4947185516357422
15 0.47898292541503906
15 0.4799365997314453
15 0.4799365997314453
15 0.4818439483642578
15 0.4830360412597656
15 0.49686431884765625
15 0.48804283142089844
15 0.48804283142089844
15 0.4889965057373047
15 0.48995018005371094
15 0.49114227294921875
15 0.4925727844238281
15 0.49304962158203125
15 0.49591064453125
15 0.4971027374267578
15 0.49805641174316406
15 0.49877166748046875
15 0.5011558532714844
15 0.5021095275878906
15 0.5040168762207031
15 0.5059242248535156
15 0.5061626434326172
15 0.5071163177490234
15 0.5099773406982422
15 0.5087852478027344
15 0.5199909210205078
15 0.5140304565429688
15 0.5481243133544922
15 0.5190372467041016
15 0.5180835723876953
15 0.9632110595703125
15 0.5228519439697266
15 0.5228519439697266
15 0.5309581756591797
15 0.5261898040771484
15 0.5290508270263672
15 0.5278587341308594
15 0.530242919921875
15 0.5311965942382812
15 0.5319118499755859
15 0.5340576171875
15 0.5350112915039062
15 0.5376338958740234
15 0.5419254302978516
15 0.5388259887695312
15 0.5412101745605469
15 0.5412101745605469
15 0.5431175231933594
15 0.5440711975097656
15 0.5459785461425781
15 0.5488395690917969
15 0.5490779876708984
15 0.5488395690917969
15 0.5509853363037109
15 0.5521774291992188
15 0.5550384521484375
15 0.5550384521484375
15 0.5571842193603516
15 0.5571842193603516
15 0.5600452423095703
15 0.5598068237304688
15 0.5638599395751953
15 0.5810260772705078
15 0.5669593811035156
15 0.5648136138916016
15 0.5660057067871094
15 0.5657672882080078
15 0.5691051483154297
15 0.5698204040527344
15 0.5731582641601562
15 0.5719661712646484
15 0.5738735198974609
15 0.5769729614257812
15 0.5779266357421875
15 0.5819797515869141
15 0.579833984375
15 0.5800724029541016
15 0.5831718444824219
15 0.5829334259033203
15 0.5881786346435547
15 0.5860328674316406
15 0.5879402160644531
15 0.5879402160644531
15 0.5898475646972656
15 0.5900859832763672
15 0.5917549133300781
15 0.5927085876464844
15 0.5970001220703125
15 0.5950927734375
15 0.5979537963867188
15 0.5979537963867188
15 0.6000995635986328
15 0.6282329559326172
15 0.6070137023925781
15 0.6041526794433594
15 0.6110668182373047
15 0.6070137023925781
15 0.6091594696044922
15 0.6091594696044922
15 0.6110668182373047
15 0.6110668182373047
15 0.6139278411865234
15 0.6127357482910156
15 0.6167888641357422
15 0.6167888641357422
15 0.6189346313476562
15 0.6189346313476562
15 0.6229877471923828
15 0.6222724914550781
15 0.6239414215087891
15 0.6251335144042969
15 0.6289482116699219
15 0.6279945373535156
15 0.6279945373535156
15 0.6277561187744141
15 0.6310939788818359
15 0.6318092346191406
15 0.6339550018310547
15 0.6389617919921875
15 0.6368160247802734
15 0.6368160247802734
15 0.6399154663085938
15 0.6389617919921875
15 0.6427764892578125
15 0.640869140625
15 0.6449222564697266
15 0.6451606750488281
15 0.6499290466308594
15 0.6492137908935547
15 0.6499290466308594
15 0.6492137908935547
15 0.6530284881591797
15 0.6520748138427734
15 0.6558895111083984
15 0.6561279296875
15 0.6582736968994141
15 0.6589889526367188
15 0.6608963012695312
15 0.659942626953125
15 0.6628036499023438
15 0.6630420684814453
15 0.6659030914306641
15 0.6690025329589844
15 0.6699562072753906
15 0.6899833679199219
15 0.6730556488037109
15 0.6718635559082031
15 0.6740093231201172
15 0.6737709045410156
15 0.6761550903320312
15 0.6756782531738281
15 0.67901611328125
15 0.6792545318603516
15 0.6821155548095703
15 0.6830692291259766
15 0.6852149963378906
15 0.6859302520751953
15 0.6921291351318359
15 0.6892681121826172
15 0.6911754608154297
15 0.6909370422363281
15 0.6930828094482422
15 0.6930828094482422
15 0.6952285766601562
15 0.6961822509765625
15 0.6990432739257812
15 0.6978511810302734
15 0.701904296875
15 0.7071495056152344
15 0.7050037384033203
15 0.7040500640869141
15 0.7092952728271484
15 0.7061958312988281
15 0.7102489471435547
15 0.7088184356689453
15 0.7107257843017578
15 0.7121562957763672
15 0.7138252258300781
15 0.7138252258300781
15 0.7569789886474609
15 0.7200241088867188
15 0.7801055908203125
15 0.7579326629638672
15 0.7381439208984375
15 0.7250308990478516
15 0.7238388061523438
15 0.7250308990478516
15 0.7281303405761719
15 0.7269382476806641
15 0.7302761077880859
15 0.7288455963134766
15 0.7510185241699219
15 0.7331371307373047
15 0.7379055023193359
15 0.7359981536865234
15 0.7371902465820312
15 0.7419586181640625
15 0.9191036224365234
15 0.7479190826416016
15 0.7548332214355469
15 0.7522106170654297
15 0.7719993591308594
15 0.7627010345458984
15 0.7550716400146484
15 0.7557868957519531
15 0.8072853088378906
15 0.7627010345458984
15 0.7538795471191406
15 0.8208751678466797
15 0.8869171142578125
15 0.7679462432861328
15 0.7619857788085938
15 0.8137226104736328
15 0.7681846618652344
15 0.7631778717041016
15 0.9799003601074219
15 1.1572837829589844
15 0.9469985961914062
15 0.9458065032958984
15 0.9207725524902344
15 0.90789794921875
15 0.8580684661865234
15 0.8490085601806641
15 0.8499622344970703
15 0.8518695831298828
15 0.84686279296875
15 0.782012939453125
15 0.7863044738769531
15 0.7851123809814453
15 0.7870197296142578
15 0.7977485656738281
15 0.8258819580078125
15 0.9379386901855469
15 0.86212158203125
15 0.9779930114746094
15 0.8838176727294922
15 0.7960796356201172
15 0.8208751678466797
15 0.8292198181152344
15 0.8628368377685547
15 0.804901123046875
15 0.8029937744140625
15 0.8018016815185547
15 0.8072853088378906
15 0.8041858673095703
15 0.8060932159423828
15 0.8080005645751953
15 0.8089542388916016
15 0.8080005645751953
15 0.8108615875244141
15 0.8108615875244141
15 0.843048095703125
15 0.8220672607421875
15 0.8180141448974609
15 0.8349418640136719
15 0.9930133819580078
15 0.8246898651123047
15 0.843048095703125
15 0.8699893951416016
15 0.8807182312011719
15 0.8299350738525391
15 0.8289813995361328
15 0.8280277252197266
15 0.8311271667480469
15 0.8451938629150391
15 0.8342266082763672
15 0.8578300476074219
15 0.8339881896972656
15 0.8330345153808594
15 0.8361339569091797
15 0.8361339569091797
15 0.8661746978759766
15 0.8420944213867188
15 0.8420944213867188
15 0.9007453918457031
15 0.9369850158691406
15 0.8699893951416016
15 0.8931159973144531
15 0.9257793426513672
15 0.8678436279296875
15 0.8609294891357422
15 0.8530616760253906
15 0.8530616760253906
15 0.8528232574462891
15 0.8549690246582031
15 0.8571147918701172
15 0.8578300476074219
15 0.8602142333984375
15 0.8592605590820312
15 0.8630752563476562
15 0.904083251953125
15 0.8668899536132812
15 0.8790493011474609
15 0.9291172027587891
15 0.9558200836181641
15 0.9109973907470703
15 0.9248256683349609
15 0.9329319000244141
15 0.8769035339355469
15 0.8761882781982422
15 0.8759498596191406
15 0.8819103240966797
15 0.8788108825683594
15 0.8819103240966797
15 0.8831024169921875
15 0.8862018585205078
15 0.885009765625
15 0.8890628814697266
15 0.8869171142578125
15 0.8959770202636719
15 0.8897781372070312
15 0.9138584136962891
15 1.0578632354736328
15 0.9138584136962891
15 0.9181499481201172
15 0.9891986846923828
15 0.9047985076904297
15 0.9059906005859375
15 0.9009838104248047
15 0.9031295776367188
15 0.9031295776367188
15 0.9067058563232422
15 0.9102821350097656
15 0.9129047393798828
15 0.9100437164306641
15 0.9129047393798828
15 0.9300708770751953
15 0.9212493896484375
15 0.9140968322753906
15 0.9410381317138672
15 1.0218620300292969
15 0.9260177612304688
15 0.9388923645019531
15 1.0218620300292969
15 0.9312629699707031
15 0.9291172027587891
15 0.9279251098632812
15 0.9326934814453125
15 0.9310245513916016
15 0.9317398071289062
15 0.9312629699707031
15 0.9348392486572266
15 0.9331703186035156
15 0.9362697601318359
15 0.9419918060302734
15 0.9400844573974609
15 0.9381771087646484
15 1.0001659393310547
15 1.004934310913086
15 0.9720325469970703
15 0.9920597076416016
15 1.009225845336914
15 0.9510517120361328
15 0.949859619140625
15 0.9529590606689453
15 0.9531974792480469
15 0.9517669677734375
15 0.9560585021972656
15 0.9551048278808594
15 0.9582042694091797
15 0.9570121765136719
15 0.9601116180419922
15 0.9698867797851562
15 0.965118408203125
15 1.024007797241211
15 1.0848045349121094
15 0.9899139404296875
15 1.0151863098144531
15 1.0459423065185547
15 0.9739398956298828
15 0.9691715240478516
15 0.9720325469970703
15 0.9720325469970703
15 0.9739398956298828
15 0.9779930114746094
15 0.9779930114746094
15 0.9760856628417969
15 0.9829998016357422
15 0.9882450103759766
15 0.9829998016357422
15 0.9808540344238281
15 1.0738372802734375
15 1.02996826171875
15 1.013040542602539
15 1.0881423950195312
15 0.9968280792236328
15 0.9908676147460938
15 0.9930133819580078
15 0.9932518005371094
15 0.9951591491699219
15 0.9980201721191406
15 1.0008811950683594
15 0.9977817535400391
15 1.0008811950683594
15 0.9992122650146484
15 1.049041748046875
15 1.0056495666503906
15 1.0120868682861328
15 1.007080078125
15 1.0080337524414062
15 1.008749008178711
15 1.010894775390625
15 1.0159015655517578
15 1.0132789611816406
15 1.0190010070800781
15 1.0187625885009766
15 1.016855239868164
15 1.0190010070800781
15 1.0187625885009766
15 1.0209083557128906
15 1.0209083557128906
15 1.0449886322021484
15 1.0471343994140625
15 1.0960102081298828
15 1.0318756103515625
15 1.0328292846679688
15 1.0328292846679688
15 1.035928726196289
15 1.0340213775634766
15 1.0380744934082031
15 1.035928726196289
15 1.0402202606201172
15 1.0428428649902344
15 1.043081283569336
15 1.0428428649902344
15 1.0440349578857422
15 1.0449886322021484
15 1.0690689086914062
15 1.0480880737304688
15 1.0497570037841797
15 1.0497570037841797
15 1.09100341796875
15 1.0576248168945312
15 1.0571479797363281
15 1.0561943054199219
15 1.058816909790039
15 1.062154769897461
15 1.0631084442138672
15 1.0619163513183594
15 1.0638236999511719
15 1.1069774627685547
15 1.0690689086914062
15 1.0628700256347656
15 1.085042953491211
15 1.0662078857421875
15 1.0688304901123047
15 1.0678768157958984
15 1.0707378387451172
15 1.0700225830078125
15 1.0750293731689453
15 1.0790824890136719
15 1.077890396118164
15 1.0759830474853516
15 1.0800361633300781
15 1.0781288146972656
15 1.0821819305419922
15 1.081705093383789
15 1.0838508605957031
15 1.1110305786132812
15 1.0929107666015625
15 1.0869503021240234
15 1.0912418365478516
15 1.0890960693359375
15 1.0960102081298828
15 1.093149185180664
15 1.0960102081298828
15 1.0950565338134766
15 1.0981559753417969
15 1.0991096496582031
15 1.1053085327148438
15 1.100778579711914
15 1.1229515075683594
15 1.1029243469238281
15 1.1279582977294922
15 1.1069774627685547
15 1.107931137084961
15 1.1081695556640625
15 1.1150836944580078
15 1.1119842529296875
15 1.1129379272460938
15 1.1141300201416016
15 1.116037368774414
15 1.116037368774414
15 1.1191368103027344
15 1.1179447174072266
15 1.1210441589355469
15 1.1248588562011719
15 1.1262893676757812
15 1.129150390625
15 1.1281967163085938
15 1.1260509490966797
15 1.129150390625
15 1.1301040649414062
15 1.132965087890625
15 1.2748241424560547
15 1.1429786682128906
15 1.1370182037353516
15 1.138925552368164
15 1.1377334594726562
15 1.1410713195800781
15 1.138925552368164
15 1.142740249633789
15 1.341104507446289
15 1.1551380157470703
15 1.1878013610839844
15 1.149892807006836
15 1.1479854583740234
15 1.1510848999023438
15 1.1510848999023438
15 1.2559890747070312
15 1.155853271484375
15 1.1582374572753906
15 1.1560916900634766
15 1.1608600616455078
15 1.1658668518066406
15 1.1630058288574219
15 1.3089179992675781
15 1.1799335479736328
15 1.2099742889404297
15 1.1739730834960938
15 1.1680126190185547
15 1.1701583862304688
15 1.207113265991211
15 1.2516975402832031
15 1.1792182922363281
15 1.1792182922363281
15 1.1758804321289062
15 1.1780261993408203
15 1.177072525024414
15 1.2621879577636719
15 1.3480186462402344
15 1.1909008026123047
15 1.1849403381347656
15 1.194000244140625
15 1.184701919555664
15 1.188039779663086
15 1.3480186462402344
15 1.1987686157226562
15 1.191854476928711
15 1.194000244140625
15 1.1951923370361328
15 1.1968612670898438
15 1.2369155883789062
15 1.3079643249511719
15 1.2316703796386719
15 1.210927963256836
15 1.2049674987792969
15 1.2087821960449219
15 1.207113265991211
15 1.3568401336669922
15 1.2359619140625
15 1.2280941009521484
15 1.2140274047851562
15 1.2140274047851562
15 1.2128353118896484
15 1.2929439544677734
15 1.3260841369628906
15 1.245260238647461
15 1.2369155883789062
15 1.2249946594238281
15 1.2209415435791016
15 1.25885009765625
15 1.352071762084961
15 1.2331008911132812
15 1.2271404266357422
15 1.2400150299072266
15 1.2319087982177734
15 1.232147216796875
15 1.3456344604492188
15 1.241922378540039
15 1.2657642364501953
15 1.252889633178711
15 1.241922378540039
15 1.2469291687011719
15 1.310110092163086
15 1.3589859008789062
15 1.2509822845458984
15 1.2500286102294922
15 1.2500286102294922
15 1.2531280517578125
15 1.251220703125
15 1.3759136199951172
15 1.264810562133789
15 1.2569427490234375
15 1.277923583984375
15 1.2600421905517578
15 1.2750625610351562
15 1.4111995697021484
15 1.2640953063964844
15 1.2662410736083984
15 1.283884048461914
15 1.271963119506836
15 1.2657642364501953
15 1.4100074768066406
15 1.2769699096679688
15 1.2748241424560547
15 1.3158321380615234
15 1.2831687927246094
15 1.2879371643066406
15 1.4772415161132812
15 1.2788772583007812
15 1.277923583984375
15 1.275777816772461
15 1.2798309326171875
15 1.280069351196289
15 1.4257431030273438
15 1.2981891632080078
15 1.2869834899902344
15 1.2850761413574219
15 1.3148784637451172
15 1.2919902801513672
15 1.4319419860839844
15 1.2958049774169922
15 1.3041496276855469
15 1.3051033020019531
15 1.3689994812011719
15 1.3089179992675781
15 1.44195556640625
15 1.3270378112792969
15 1.3260841369628906
15 1.3270378112792969
15 1.3098716735839844
15 1.3508796691894531
15 1.4531612396240234
15 1.3098716735839844
15 1.3089179992675781
15 1.306772232055664
15 1.3108253479003906
15 1.3191699981689453
15 1.4560222625732422
15 1.3172626495361328
15 1.316070556640625
15 1.3151168823242188
15 1.3191699981689453
15 1.3580322265625
15 1.4748573303222656
15 1.3298988342285156
15 1.3289451599121094
15 1.3260841369628906
15 1.3310909271240234
15 1.3289451599121094
15 1.5370845794677734
15 1.3341903686523438
15 1.3418197631835938
15 1.3332366943359375
15 1.332998275756836
15 1.3613700866699219
15 1.4109611511230469
15 1.3413429260253906
15 1.3399124145507812
15 1.3408660888671875
15 1.3430118560791016
15 1.40380859375
15 1.3508796691894531
15 1.3430118560791016
15 1.3480186462402344
15 1.3451576232910156
15 1.3511180877685547
15 1.4209747314453125
15 1.3570785522460938
15 1.3549327850341797
15 1.355886459350586
15 1.3949871063232422
15 1.3608932495117188
15 1.3990402221679688
15 1.3699531555175781
15 1.363992691040039
15 1.3680458068847656
15 1.367807388305664
15 1.3990402221679688
15 1.3937950134277344
15 1.3880729675292969
15 1.3687610626220703
15 1.3718605041503906
15 1.3692378997802734
15 1.3818740844726562
15 1.4269351959228516
15 1.38092041015625
15 1.3790130615234375
15 1.3852119445800781
15 1.3780593872070312
15 1.3818740844726562
15 1.3859272003173828
15 1.3849735260009766
15 1.3828277587890625
15 1.3921260833740234
15 1.3892650604248047
15 1.3911724090576172
15 1.3880729675292969
15 1.3921260833740234
15 1.3921260833740234
15 1.3959407806396484
15 1.3937950134277344
15 1.4007091522216797
15 1.4150142669677734
15 1.4011859893798828
15 1.3980865478515625
15 1.402139663696289
15 1.4019012451171875
15 1.4071464538574219
15 1.4069080352783203
15 1.4090538024902344
15 1.4078617095947266
15 1.409769058227539
15 1.4209747314453125
15 1.4138221740722656
15 1.4448165893554688
15 1.4379024505615234
