2017 0.9469985961914062
1942 0.9982585906982422
1911 0.9877681732177734
1896 0.9829998016357422
1864 0.9808540344238281
1847 0.9849071502685547
1815 0.98419189453125
1805 0.9870529174804688
1784 0.9889602661132812
1762 0.9939670562744141
1753 1.01470947265625
1737 0.9970664978027344
1674 0.9930133819580078
1637 0.9951591491699219
1592 0.9946823120117188
1585 0.9992122650146484
1572 1.0051727294921875
1571 1.0039806365966797
1544 1.0008811950683594
1536 1.0046958923339844
1466 0.9870529174804688
1429 0.9829998016357422
1416 0.9889602661132812
1360 0.9939670562744141
1333 1.0042190551757812
1314 1.001119613647461
1302 0.9958744049072266
1289 1.007080078125
1252 0.9989738464355469
1244 1.0039806365966797
1230 1.0039806365966797
1206 1.0020732879638672
1199 1.0080337524414062
1180 1.0080337524414062
1165 1.0089874267578125
1156 1.0080337524414062
1106 1.010894775390625
1097 1.0149478912353516
1089 1.0187625885009766
1058 1.0170936584472656
1044 1.026153564453125
1038 1.0259151458740234
1009 1.0187625885009766
1003 1.0428428649902344
982 1.0199546813964844
970 1.0218620300292969
964 1.0230541229248047
964 1.0271072387695312
959 1.0287761688232422
957 1.0380744934082031
946 1.0361671447753906
938 1.0459423065185547
938 1.0440349578857422
938 1.0461807250976562
932 1.0461807250976562
925 1.0488033294677734
918 1.051187515258789
910 1.062154769897461
906 1.0559558868408203
906 1.0733604431152344
901 1.0678768157958984
901 1.0669231414794922
896 1.0647773742675781
896 1.068115234375
893 1.0688304901123047
855 1.0700225830078125
844 1.068115234375
844 1.0709762573242188
840 1.0728836059570312
825 1.0731220245361328
823 1.0769367218017578
802 1.0800361633300781
799 1.0809898376464844
768 1.085042953491211
758 1.1582374572753906
758 1.0929107666015625
758 1.0900497436523438
754 1.09100341796875
754 1.0938644409179688
736 1.1010169982910156
734 1.1050701141357422
734 1.1031627655029297
723 1.0979175567626953
721 1.1179447174072266
720 1.1110305786132812
718 1.1141300201416016
718 1.1069774627685547
707 1.1110305786132812
707 1.1098384857177734
707 1.1692047119140625
707 1.1250972747802734
707 1.1188983917236328
691 1.1179447174072266
691 1.1179447174072266
691 1.1200904846191406
691 1.1219978332519531
691 1.1217594146728516
691 1.1262893676757812
691 1.1281967163085938
691 1.1298656463623047
691 1.1305809020996094
691 1.1398792266845703
659 1.1360645294189453
657 1.1436939239501953
636 1.1408329010009766
595 1.138925552368164
595 1.132965087890625
590 1.1298656463623047
590 1.129150390625
590 1.1332035064697266
590 1.1363029479980469
576 1.1410713195800781
576 1.138925552368164
576 1.1429786682128906
556 1.1298656463623047
556 1.1358261108398438
556 1.135110855102539
556 1.1410713195800781
556 1.1620521545410156
556 1.149892807006836
556 1.1441707611083984
504 1.1129379272460938
504 1.110076904296875
504 1.1148452758789062
504 1.1169910430908203
504 1.1210441589355469
504 1.1210441589355469
504 1.1267662048339844
504 1.1267662048339844
504 1.1279582977294922
504 1.129150390625
504 1.1332035064697266
490 1.1301040649414062
490 1.1420249938964844
490 1.1320114135742188
490 1.13677978515625
490 1.1599063873291016
488 1.1401176452636719
488 1.1470317840576172
488 1.3549327850341797
488 1.2500286102294922
488 1.1448860168457031
488 1.1680126190185547
488 1.1489391326904297
488 1.138925552368164
488 1.1429786682128906
456 1.1241436004638672
456 1.132965087890625
456 1.1560916900634766
456 1.1429786682128906
456 1.1341571807861328
456 1.1341571807861328
456 1.1341571807861328
456 1.134634017944336
429 1.1031627655029297
429 1.1091232299804688
429 1.1053085327148438
429 1.1131763458251953
429 1.1088848114013672
429 1.1148452758789062
429 1.1110305786132812
418 1.1830329895019531
418 1.3649463653564453
416 1.1768341064453125
415 1.1851787567138672
415 1.2097358703613281
415 1.1529922485351562
415 1.1479854583740234
415 1.146078109741211
415 1.1508464813232422
415 1.1529922485351562
415 1.155853271484375
415 1.1529922485351562
415 1.2857913970947266
415 1.1832714080810547
415 1.207113265991211
415 1.2440681457519531
415 1.1739730834960938
415 1.1680126190185547
415 1.1692047119140625
415 1.1699199676513672
415 1.1768341064453125
415 1.1718273162841797
415 1.1749267578125
415 1.1777877807617188
415 1.180887222290039
415 1.180887222290039
415 1.3339519500732422
415 1.2137889862060547
415 1.2340545654296875
415 1.2810230255126953
415 1.2009143829345703
415 1.191854476928711
415 1.199960708618164
415 1.196146011352539
415 1.2402534484863281
415 1.199960708618164
415 1.207113265991211
415 1.2068748474121094
415 1.2068748474121094
405 1.2621879577636719
405 1.2862682342529297
405 1.2221336364746094
405 1.249074935913086
405 1.2700557708740234
405 1.210927963256836
405 1.2111663818359375
405 1.2078285217285156
405 1.2061595916748047
405 1.2102127075195312
405 1.2080669403076172
405 1.2149810791015625
405 1.2078285217285156
405 1.2180805206298828
405 1.3680458068847656
405 1.2543201446533203
405 1.2640953063964844
405 1.2950897216796875
405 1.2280941009521484
405 1.2319087982177734
405 1.2218952178955078
405 1.2290477752685547
405 1.230001449584961
405 1.2309551239013672
405 1.2290477752685547
405 1.238107681274414
405 1.233816146850586
405 1.2960433959960938
405 1.3849735260009766
405 1.2650489807128906
405 1.3768672943115234
405 1.2578964233398438
405 1.2459754943847656
405 1.2521743774414062
405 1.2471675872802734
405 1.2559890747070312
405 1.249074935913086
405 1.2547969818115234
405 1.2547969818115234
405 1.2569427490234375
405 1.310110092163086
405 1.3539791107177734
405 1.3401508331298828
405 1.3458728790283203
405 1.271963119506836
405 1.2722015380859375
405 1.2660026550292969
405 1.2710094451904297
405 1.271963119506836
405 1.2738704681396484
405 1.2738704681396484
405 1.277923583984375
405 1.2729167938232422
405 1.4128684997558594
405 1.3058185577392578
405 1.3267993927001953
405 1.3680458068847656
405 1.2950897216796875
405 1.2860298156738281
405 1.2938976287841797
405 1.2950897216796875
405 1.2929439544677734
405 1.2919902801513672
405 1.2979507446289062
405 1.2919902801513672
405 1.3000965118408203
405 1.3010501861572266
405 1.3010501861572266
405 1.3039112091064453
405 1.3260841369628906
405 1.3051033020019531
405 1.3089179992675781
405 1.306772232055664
405 1.3098716735839844
405 1.3091564178466797
405 1.3132095336914062
405 1.3129711151123047
405 1.3189315795898438
405 1.3260841369628906
405 1.318216323852539
405 1.3189315795898438
405 1.3217926025390625
405 1.3489723205566406
405 1.4567375183105469
405 1.3418197631835938
405 1.3408660888671875
405 1.8889904022216797
405 1.3499259948730469
405 1.3289451599121094
405 1.3360977172851562
405 1.3451576232910156
405 1.3391971588134766
405 1.332998275756836
405 1.3377666473388672
405 1.3608932495117188
405 1.341104507446289
405 1.373291015625
405 1.3670921325683594
405 1.3530254364013672
405 1.3589859008789062
405 1.3561248779296875
405 1.3568401336669922
405 1.3580322265625
405 1.3630390167236328
405 1.3570785522460938
405 1.3689994812011719
405 1.3730525970458984
405 1.3649463653564453
405 1.361846923828125
405 1.359701156616211
405 1.3570785522460938
405 1.3628005981445312
405 1.3649463653564453
405 1.363992691040039
405 1.3632774353027344
405 1.3680458068847656
405 1.3659000396728516
405 1.3718605041503906
405 1.3890266418457031
405 1.3778209686279297
405 1.3720989227294922
405 1.3780593872070312
405 1.3759136199951172
405 1.377105712890625
405 1.3778209686279297
405 1.383066177368164
405 1.38092041015625
405 1.3840198516845703
405 1.38092041015625
405 1.386880874633789
405 1.4090538024902344
405 1.3930797576904297
405 1.3897418975830078
405 1.3921260833740234
405 1.39617919921875
405 1.3952255249023438
405 1.3959407806396484
405 1.3980865478515625
405 1.3971328735351562
405 1.399993896484375
405 1.4011859893798828
405 1.4069080352783203
405 1.4100074768066406
405 1.4081001281738281
405 1.4069080352783203
405 1.4071464538574219
405 1.4078617095947266
405 1.4100074768066406
405 1.4138221740722656
405 1.413106918334961
405 1.415252685546875
405 1.4159679412841797
405 1.4159679412841797
405 1.4247894287109375
405 1.4438629150390625
405 1.4300346374511719
405 1.4226436614990234
405 1.4278888702392578
405 1.4650821685791016
405 1.5087127685546875
405 1.4450550079345703
405 1.4657974243164062
405 1.4870166778564453
405 1.4750957489013672
405 1.4600753784179688
405 1.6200542449951172
405 1.4557838439941406
405 1.4619827270507812
405 1.5020370483398438
405 1.6009807586669922
405 1.466989517211914
405 1.4529228210449219
405 1.4560222625732422
405 1.4531612396240234
405 1.455068588256836
405 1.4791488647460938
405 1.898050308227539
405 1.6350746154785156
405 1.4638900756835938
405 1.4650821685791016
405 1.458883285522461
405 1.4698505401611328
405 1.461029052734375
405 1.46484375
405 1.474142074584961
405 1.550912857055664
405 1.7957687377929688
405 1.8129348754882812
405 1.4848709106445312
405 1.4739036560058594
405 1.4688968658447266
405 1.4798641204833984
405 1.4879703521728516
405 1.4789104461669922
405 1.4750957489013672
405 1.4798641204833984
405 1.5330314636230469
405 1.9121170043945312
405 1.5521049499511719
405 1.5091896057128906
405 1.4903545379638672
405 1.4958381652832031
405 1.5399456024169922
405 1.5101432800292969
405 1.489877700805664
405 1.4920234680175781
405 1.4910697937011719
405 1.7437934875488281
405 1.8701553344726562
405 1.5518665313720703
405 1.505136489868164
405 1.5101432800292969
405 1.4998912811279297
405 1.5060901641845703
405 1.5132427215576172
405 1.5091896057128906
405 1.5058517456054688
405 1.5358924865722656
405 1.9779205322265625
405 1.6021728515625
405 1.5208721160888672
405 1.516103744506836
405 1.5099048614501953
405 1.516103744506836
405 1.5292167663574219
405 1.5308856964111328
405 1.5170574188232422
405 1.5230178833007812
405 1.5518665313720703
405 2.0499229431152344
405 1.5418529510498047
405 1.5299320220947266
405 1.6169548034667969
405 1.5399456024169922
405 1.5358924865722656
405 1.6047954559326172
405 1.5418529510498047
405 1.5380382537841797
405 1.6379356384277344
405 2.040863037109375
405 1.5950202941894531
405 1.544952392578125
405 1.547098159790039
405 1.5430450439453125
405 1.5430450439453125
405 1.544952392578125
405 1.5549659729003906
405 1.5490055084228516
405 1.5499591827392578
405 1.8339157104492188
405 1.7840862274169922
405 1.5859603881835938
405 1.5780925750732422
405 1.5671253204345703
405 1.7268657684326172
405 1.7819404602050781
405 1.5799999237060547
405 1.6672611236572266
405 1.7611980438232422
405 1.8031597137451172
405 1.9567012786865234
405 1.5943050384521484
405 1.5873908996582031
405 1.5912055969238281
405 1.5721321105957031
405 1.584768295288086
405 1.605987548828125
405 1.6689300537109375
405 1.764059066772461
405 1.6810894012451172
405 2.051830291748047
405 1.7039775848388672
405 1.5921592712402344
405 1.5912055969238281
405 1.5871524810791016
405 1.589059829711914
405 1.5959739685058594
405 1.6617774963378906
405 1.7240047454833984
405 1.8968582153320312
405 1.7657279968261719
405 1.6171932220458984
405 1.6050338745117188
405 1.6148090362548828
405 1.6090869903564453
405 1.6050338745117188
405 1.619100570678711
405 1.6717910766601562
405 1.7101764678955078
405 1.811981201171875
405 1.8868446350097656
405 1.641988754272461
405 1.622915267944336
405 1.6219615936279297
405 1.7101764678955078
405 1.626729965209961
405 1.6169548034667969
405 1.711130142211914
405 1.767873764038086
405 1.8529891967773438
405 1.6398429870605469
405 1.627206802368164
405 1.627206802368164
405 1.6319751739501953
405 1.6293525695800781
405 1.6291141510009766
405 1.628875732421875
405 1.7590522766113281
405 1.6961097717285156
405 1.7879009246826172
405 1.6498565673828125
405 1.6477108001708984
405 1.6508102416992188
405 1.6582012176513672
405 1.6429424285888672
405 1.6450881958007812
405 1.641988754272461
405 1.7771720886230469
405 1.6739368438720703
405 1.764059066772461
405 1.6582012176513672
405 1.664876937866211
405 1.6548633575439453
405 1.653909683227539
405 1.6589164733886719
405 1.6608238220214844
405 1.6589164733886719
405 1.783132553100586
405 1.7080307006835938
405 1.7769336700439453
405 1.6710758209228516
405 1.6739368438720703
405 1.6658306121826172
405 1.67083740234375
405 1.6810894012451172
405 1.6701221466064453
405 1.67083740234375
405 1.8801689147949219
405 1.7480850219726562
405 1.7590522766113281
405 1.683950424194336
405 1.6798973083496094
405 1.683950424194336
405 1.6798973083496094
405 1.6832351684570312
405 1.6829967498779297
405 1.6880035400390625
405 1.68609619140625
405 1.6880035400390625
405 1.6970634460449219
405 1.6908645629882812
405 1.6930103302001953
405 1.6913414001464844
405 1.6939640045166016
405 1.6977787017822266
405 1.695871353149414
405 1.6980171203613281
405 1.722097396850586
405 1.7008781433105469
405 1.722097396850586
405 1.7247200012207031
405 1.711130142211914
405 1.706838607788086
405 1.708984375
405 1.7237663269042969
405 1.7120838165283203
405 1.7228126525878906
405 1.714944839477539
405 1.741170883178711
405 1.7290115356445312
405 1.7199516296386719
405 1.7232894897460938
405 1.725912094116211
405 1.7240047454833984
405 1.7240047454833984
405 1.725912094116211
405 1.728057861328125
405 1.730203628540039
405 1.753091812133789
405 1.734018325805664
405 1.7321109771728516
405 1.734018325805664
405 1.7347335815429688
405 1.741170883178711
405 1.7380714416503906
405 1.7399787902832031
405 1.7430782318115234
405 1.7669200897216797
405 1.7440319061279297
405 1.7459392547607422
405 1.7437934875488281
405 1.7461776733398438
405 1.7452239990234375
405 1.7468929290771484
405 1.748800277709961
405 1.7902851104736328
405 1.7521381378173828
405 1.7619132995605469
405 1.7580986022949219
405 1.7561912536621094
405 1.7850399017333984
405 1.7657279968261719
405 1.7611980438232422
405 1.7621517181396484
405 1.7621517181396484
405 1.7652511596679688
405 1.7921924591064453
405 1.7769336700439453
405 1.77001953125
405 1.7709732055664062
405 1.7766952514648438
405 1.775979995727539
405 1.7762184143066406
405 1.7750263214111328
405 1.7769336700439453
405 1.7781257629394531
405 1.8050670623779297
405 1.786947250366211
405 1.7838478088378906
405 1.7848014831542969
405 1.7859935760498047
405 1.786947250366211
405 1.7879009246826172
405 1.7919540405273438
405 1.8198490142822266
405 1.8177032470703125
405 1.7971992492675781
405 1.7969608306884766
405 1.795053482055664
405 1.8012523651123047
405 1.8029212951660156
405 1.7998218536376953
405 1.7998218536376953
405 1.8029212951660156
405 1.8041133880615234
405 1.8157958984375
405 1.8100738525390625
405 1.8100738525390625
405 1.8091201782226562
405 1.8129348754882812
405 1.8138885498046875
405 1.817941665649414
405 1.8160343170166016
405 1.8267631530761719
405 1.834869384765625
405 1.8210411071777344
405 1.825094223022461
405 1.8239021301269531
405 1.8239021301269531
405 1.8248558044433594
405 1.8360614776611328
405 1.8367767333984375
405 1.8401145935058594
405 1.8568038940429688
405 1.8360614776611328
405 1.8398761749267578
405 1.8391609191894531
405 1.9218921661376953
405 1.8491744995117188
405 1.8439292907714844
405 1.8429756164550781
405 1.8439292907714844
405 1.8579959869384766
405 1.8470287322998047
405 1.8482208251953125
405 1.850128173828125
405 1.8510818481445312
405 1.8529891967773438
405 1.8627643585205078
405 2.6869773864746094
405 1.9180774688720703
405 1.8661022186279297
405 1.8622875213623047
405 1.8618106842041016
405 3.215789794921875
405 2.6137828826904297
405 3.4928321838378906
405 2.698183059692383
405 1.9321441650390625
405 2.0341873168945312
405 2.69317626953125
405 1.9710063934326172
405 2.6979446411132812
405 2.1200180053710938
405 2.2079944610595703
405 2.2330284118652344
405 1.9259452819824219
405 1.954793930053711
405 2.007007598876953
405 1.9421577453613281
405 1.8939971923828125
405 1.8990039825439453
405 1.9068717956542969
405 1.9919872283935547
405 2.109050750732422
405 2.0301342010498047
405 2.1619796752929688
405 2.0058155059814453
405 1.9369125366210938
405 1.9152164459228516
405 1.91497802734375
405 1.962900161743164
405 1.9140243530273438
405 1.91497802734375
405 1.912832260131836
405 1.9142627716064453
405 1.91497802734375
405 1.9168853759765625
405 1.9218921661376953
405 1.9190311431884766
405 2.0401477813720703
405 1.9409656524658203
405 1.920938491821289
405 1.9237995147705078
405 1.9190311431884766
405 1.9190311431884766
405 1.9180774688720703
405 1.9199848175048828
405 1.9299983978271484
405 1.9257068634033203
405 1.9259452819824219
405 1.9261837005615234
405 1.9309520721435547
405 1.9311904907226562
405 1.934051513671875
405 1.9338130950927734
405 1.934051513671875
405 1.9598007202148438
405 1.9390583038330078
405 1.9412040710449219
405 1.9421577453613281
405 1.9421577453613281
405 1.9412040710449219
405 1.9557476043701172
405 1.9500255584716797
405 1.9550323486328125
405 1.9500255584716797
405 1.9502639770507812
405 1.9519329071044922
405 1.9619464874267578
405 1.9578933715820312
405 1.9550323486328125
405 1.9559860229492188
405 1.9593238830566406
405 1.9879341125488281
405 1.9659996032714844
405 1.9631385803222656
405 1.9650459289550781
405 1.9650459289550781
405 1.9659996032714844
405 1.9707679748535156
405 1.9919872283935547
405 1.989126205444336
405 1.9876956939697266
405 1.9719600677490234
405 1.9731521606445312
405 1.9772052764892578
405 1.9769668579101562
405 1.9750595092773438
405 1.97601318359375
405 1.9769668579101562
405 2.0170211791992188
405 1.9917488098144531
405 1.9869804382324219
405 1.9872188568115234
405 1.9872188568115234
405 2.117156982421875
405 2.003192901611328
405 2.004861831665039
405 2.0301342010498047
405 1.9979476928710938
405 1.9998550415039062
405 1.9960403442382812
405 1.9960403442382812
405 1.996755599975586
405 1.9979476928710938
405 2.0017623901367188
405 2.0639896392822266
405 2.009868621826172
405 2.006053924560547
405 2.0029544830322266
405 2.007007598876953
405 2.0122528076171875
405 2.0520687103271484
405 2.009868621826172
405 2.019166946411133
405 2.01416015625
405 2.0177364349365234
405 2.0160675048828125
405 2.015829086303711
405 2.0208358764648438
405 2.02178955078125
405 2.0248889923095703
405 2.023935317993164
405 2.045869827270508
405 2.0258426666259766
405 2.0270347595214844
405 2.0318031311035156
405 2.029895782470703
405 2.032041549682617
405 2.0418167114257812
405 2.03704833984375
405 2.042055130004883
405 2.0380020141601562
405 2.0360946655273438
405 2.0389556884765625
405 2.042055130004883
405 2.048015594482422
405 2.043008804321289
405 2.0470619201660156
405 2.0689964294433594
405 2.0508766174316406
405 2.0520687103271484
405 2.051830291748047
405 2.0520687103271484
405 2.0530223846435547
405 2.0558834075927734
405 2.057790756225586
405 2.064943313598633
405 2.057790756225586
405 2.061128616333008
405 2.064228057861328
405 2.0627975463867188
405 2.070903778076172
405 2.064943313598633
405 2.064943313598633
405 2.074718475341797
405 2.070188522338867
405 2.0720958709716797
405 2.071857452392578
405 2.0742416381835938
405 2.0782947540283203
405 2.0742416381835938
405 2.076864242553711
405 2.095937728881836
405 2.0830631256103516
405 2.0859241485595703
405 2.0842552185058594
405 2.0821094512939453
405 2.0868778228759766
405 2.0873546600341797
405 2.1219253540039062
405 2.0971298217773438
405 2.090930938720703
405 2.0918846130371094
405 2.093076705932617
405 2.0952224731445312
405 2.096891403198242
405 2.0978450775146484
405 2.0999908447265625
405 2.1178722381591797
405 2.1200180053710938
405 2.104043960571289
405 2.1038055419921875
405 2.1049976348876953
405 2.107858657836914
405 2.110004425048828
405 2.1109580993652344
405 2.131938934326172
405 2.1147727966308594
405 2.1190643310546875
405 2.1152496337890625
405 2.1190643310546875
405 2.122163772583008
405 2.1190643310546875
405 2.123117446899414
405 2.1278858184814453
405 2.1240711212158203
405 2.1190643310546875
405 2.124786376953125
405 2.1293163299560547
405 2.1293163299560547
405 2.131938934326172
405 2.1409988403320312
405 2.136707305908203
405 2.132892608642578
405 2.134084701538086
405 2.1347999572753906
405 2.1369457244873047
405 2.1440982818603516
405 2.1371841430664062
405 2.1619796752929688
405 2.1429061889648438
405 2.162933349609375
405 2.1462440490722656
405 2.150297164916992
405 2.1619796752929688
405 2.2041797637939453
405 2.1512508392333984
405 2.15911865234375
405 2.173900604248047
405 2.1567344665527344
405 2.1712779998779297
405 2.162933349609375
405 2.1600723266601562
405 2.162933349609375
405 2.1758079528808594
405 2.1839141845703125
405 2.176046371459961
405 2.1691322326660156
405 2.1648406982421875
405 2.2089481353759766
405 2.193927764892578
405 2.1758079528808594
405 2.1719932556152344
405 2.1970272064208984
405 2.178192138671875
405 2.1822452545166016
405 2.1750926971435547
405 2.238035202026367
405 2.4261474609375
405 2.215862274169922
405 2.441883087158203
405 2.2001266479492188
405 2.1948814392089844
405 2.190828323364258
405 2.1889209747314453
405 2.4008750915527344
405 2.3260116577148438
405 2.5217533111572266
405 2.3751258850097656
405 2.2051334381103516
405 2.2063255310058594
405 2.240896224975586
405 2.3779869079589844
405 2.5353431701660156
405 2.7577877044677734
405 2.351999282836914
405 2.2537708282470703
405 2.228975296020508
405 2.2220611572265625
405 2.8228759765625
405 2.5441646575927734
405 2.4847984313964844
405 2.311229705810547
405 2.4340152740478516
405 2.4459362030029297
405 2.2470951080322266
405 2.885103225708008
405 3.033876419067383
405 2.6988983154296875
405 2.235889434814453
405 2.2280216217041016
405 2.2301673889160156
405 2.379179000854492
405 3.0117034912109375
405 2.4421215057373047
405 2.289295196533203
405 2.238035202026367
405 2.2394657135009766
405 2.2399425506591797
405 2.240896224975586
405 2.577066421508789
405 2.471923828125
405 2.254962921142578
405 2.244710922241211
405 2.2430419921875
405 2.2470951080322266
405 2.246856689453125
405 2.441883087158203
405 2.4929046630859375
405 2.268075942993164
405 2.25830078125
405 2.25830078125
405 2.3069381713867188
405 2.274036407470703
405 2.355337142944336
405 2.638101577758789
405 2.351999282836914
405 2.276182174682617
405 2.310037612915039
405 2.2859573364257812
405 2.341032028198242
405 2.32696533203125
405 2.627849578857422
405 2.4869441986083984
405 2.2840499877929688
405 2.2809505462646484
405 2.2780895233154297
405 2.279996871948242
405 2.288818359375
405 2.5458335876464844
405 2.513885498046875
405 2.2988319396972656
405 2.2878646850585938
405 2.318143844604492
405 2.3021697998046875
405 2.2950172424316406
405 2.565145492553711
405 2.4843215942382812
405 2.3050308227539062
405 2.298116683959961
405 2.293109893798828
405 2.296924591064453
405 2.3050308227539062
405 2.5560855865478516
405 2.5489330291748047
405 2.3119449615478516
405 2.3050308227539062
405 2.3119449615478516
405 2.302885055541992
