298644 811.5580081939697
298628 848.8190174102783
298564 843.8320159912109
298555 832.4170112609863
298546 835.7892036437988
298473 831.449031829834
298416 832.0159912109375
298365 842.0038223266602
298281 844.4678783416748
298276 830.125093460083
298242 834.8329067230225
298182 835.073709487915
298086 833.6551189422607
298070 831.4309120178223
298028 843.9218997955322
298019 835.7892036437988
297978 846.5261459350586
297930 834.4457149505615
297917 835.4969024658203
297873 830.8801651000977
297853 836.4150524139404
297835 829.948902130127
297812 833.6992263793945
297801 841.6409492492676
297773 834.5601558685303
297768 833.6410522460938
297756 833.8842391967773
297745 830.5041790008545
297695 832.9830169677734
297671 839.0681743621826
297658 845.4539775848389
297631 829.1451930999756
297622 831.9807052612305
297602 834.4690799713135
297581 837.6193046569824
297571 832.4253559112549
297559 848.2470512390137
297512 829.5779228210449
297499 833.186149597168
297493 830.5649757385254
297483 837.7158641815186
297451 841.3779735565186
297439 836.493968963623
297427 836.2979888916016
297381 838.6881351470947
297359 835.3831768035889
297320 835.5810642242432
297309 837.7218246459961
297302 834.881067276001
297232 853.4622192382812
297197 834.362268447876
297154 830.8188915252686
297107 899.0092277526855
297086 836.3089561462402
297031 845.4389572143555
297016 835.7040882110596
296964 833.9540958404541
296956 831.3939571380615
296944 837.5113010406494
296912 839.1971588134766
296899 842.4630165100098
296871 830.7681083679199
296840 837.7432823181152
296804 838.6149406433105
296797 855.1080226898193
296789 840.0027751922607
296777 836.5480899810791
296772 845.7348346710205
296732 836.6849422454834
296722 839.1368389129639
296663 835.9379768371582
296653 833.3659172058105
296623 839.3752574920654
296536 847.4240303039551
296528 835.3028297424316
296496 832.8738212585449
296476 837.4571800231934
296453 832.6590061187744
296392 836.0679149627686
296331 843.1107997894287
296325 833.7609767913818
296295 831.0997486114502
296283 833.7299823760986
296248 831.1276435852051
296216 834.2719078063965
296207 836.2522125244141
296191 835.8101844787598
296184 837.846040725708
296147 843.660831451416
296134 841.3779735565186
296110 838.5610580444336
296097 832.9668045043945
296095 837.9309177398682
296089 833.0199718475342
296087 840.3172492980957
296050 831.8960666656494
296043 839.0719890594482
296025 935.0039958953857
296020 1238.9049530029297
296005 1017.1570777893066
295950 1033.5640907287598
295931 882.1539878845215
295915 846.8620777130127
295902 837.0070457458496
295890 845.069169998169
295863 837.7242088317871
295856 853.2159328460693
295837 840.6782150268555
295829 847.7051258087158
295820 847.8732109069824
295796 855.4511070251465
295787 834.1147899627686
295786 840.1870727539062
295767 835.4136943817139
295766 848.747968673706
295753 834.5630168914795
295666 847.1221923828125
295657 848.0188846588135
295627 835.3962898254395
295591 848.6578464508057
295541 843.7590599060059
295538 843.5702323913574
295502 836.129903793335
295494 852.2989749908447
295487 850.0227928161621
295463 833.2300186157227
295418 839.2481803894043
295414 833.3988189697266
295373 841.3360118865967
295360 831.993818283081
295335 835.205078125
295321 834.4173431396484
295315 844.5980548858643
295309 838.3641242980957
295255 848.4320640563965
295232 839.1408920288086
295225 834.9549770355225
295141 832.5550556182861
295122 834.0048789978027
295113 854.9549579620361
295071 839.224100112915
295068 841.51291847229
295041 870.4009056091309
295038 852.5309562683105
295035 847.9127883911133
295012 842.1440124511719
295012 843.4391021728516
294999 831.9621086120605
294948 844.1369533538818
294944 841.8409824371338
294937 839.4548892974854
294924 842.6940441131592
294900 838.533878326416
294900 833.0850601196289
294897 834.1090679168701
294878 835.331916809082
294875 838.7279510498047
294870 851.409912109375
294868 838.3932113647461
294863 843.8360691070557
294853 837.1751308441162
294834 840.2771949768066
294815 834.0191841125488
294804 841.6759967803955
294793 835.0510597229004
294772 837.8849029541016
294724 837.3889923095703
294702 844.3567752838135
294696 835.137128829956
294693 842.9901599884033
294688 845.7727432250977
294679 837.1279239654541
294599 837.6510143280029
294575 832.5951099395752
294555 832.1528434753418
294547 832.0751190185547
294544 836.655855178833
294540 846.6811180114746
294523 846.0497856140137
294523 840.9469127655029
294512 835.4308605194092
294512 833.996057510376
294468 846.7578887939453
294448 834.0461254119873
294441 839.6227359771729
294374 839.047908782959
294361 838.7680053710938
294357 832.3299884796143
294357 833.6830139160156
294356 832.2598934173584
294347 841.2759304046631
294304 846.369743347168
294235 838.8020992279053
294221 832.2908878326416
294221 855.2720546722412
294178 835.3841304779053
294161 843.4937000274658
294140 830.6009769439697
294133 841.1393165588379
294133 839.1571044921875
294132 835.9451293945312
294049 835.2220058441162
294011 841.0470485687256
293998 840.7077789306641
293960 845.228910446167
293927 839.9519920349121
293916 839.1702175140381
293905 835.7868194580078
293890 844.6838855743408
293890 838.886022567749
293883 850.5599498748779
293883 837.3439311981201
293854 834.1648578643799
293854 848.0918407440186
293850 848.2387065887451
293849 833.7278366088867
293812 836.097002029419
293796 837.5308513641357
293778 838.4451866149902
293766 834.5727920532227
293760 835.0651264190674
293747 839.2016887664795
293661 834.5160484313965
293646 830.8041095733643
293600 834.4550132751465
293598 830.9917449951172
293592 835.1960182189941
293578 832.1740627288818
293575 832.6239585876465
293572 836.8780612945557
293530 837.7406597137451
293477 835.4630470275879
293474 843.5430526733398
293474 833.5018157958984
293465 832.1490287780762
293454 831.0208320617676
293437 834.6967697143555
293430 835.8252048492432
293410 852.3201942443848
293407 836.0559940338135
293402 834.3949317932129
293397 833.5738182067871
293329 832.6473236083984
293292 832.0319652557373
293281 842.149019241333
293271 833.1117630004883
293271 831.9711685180664
293271 830.9891223907471
293271 834.7411155700684
293268 844.8460102081299
293268 837.8040790557861
293247 834.5880508422852
293228 839.1551971435547
293179 830.4920196533203
293175 834.3636989593506
293175 832.6399326324463
293145 837.1438980102539
293145 840.3441905975342
293141 837.4321460723877
293122 831.2530517578125
293122 841.2530422210693
293064 832.711935043335
293064 841.1500453948975
293042 833.1000804901123
293030 835.6573581695557
293006 833.4829807281494
293006 834.4881534576416
293006 837.0051383972168
292995 836.7350101470947
292951 834.4109058380127
292929 834.104061126709
292904 842.0360088348389
292904 841.3670063018799
292904 833.3439826965332
292899 835.9708786010742
292881 832.6919078826904
292881 839.7130966186523
292874 833.3950042724609
292806 833.869218826294
292773 832.2491645812988
292773 833.3451747894287
292768 832.5679302215576
292747 834.014892578125
292674 833.9681625366211
292674 837.4378681182861
292674 836.4109992980957
292644 835.9761238098145
292625 837.0130062103271
292575 863.2159233093262
292517 857.5408458709717
292474 852.1678447723389
292456 835.590124130249
292456 846.6470241546631
292439 844.0377712249756
292388 836.1110687255859
292386 831.3429355621338
292361 835.0110054016113
292356 833.4128856658936
292343 839.8070335388184
292338 840.7289981842041
292337 837.460994720459
292301 841.533899307251
292301 837.3720645904541
292296 833.6958885192871
292296 835.2019786834717
292230 834.3148231506348
292230 835.3309631347656
292192 833.550214767456
292186 839.188814163208
292186 832.2281837463379
292171 851.1512279510498
292150 836.2307548522949
292149 837.9809856414795
292149 832.0629596710205
292137 833.3220481872559
292137 833.280086517334
292107 835.9718322753906
292083 835.8368873596191
292080 837.4590873718262
292061 829.7359943389893
291997 833.7948322296143
291981 845.4141616821289
291917 838.860034942627
291917 832.866907119751
291915 834.4049453735352
291915 836.9481563568115
291912 834.4340324401855
291891 832.3838710784912
291809 839.7390842437744
291766 837.6519680023193
291758 836.2109661102295
291680 844.9451923370361
291680 853.795051574707
291680 845.0968265533447
291668 835.0889682769775
291657 833.5080146789551
291654 838.8068675994873
291624 835.3829383850098
291605 858.0911159515381
291552 833.1871032714844
291529 848.7539291381836
291529 837.465763092041
291528 846.4040756225586
291528 832.0930004119873
291524 837.5389575958252
291486 842.799186706543
291473 843.1906700134277
291469 831.5951824188232
291467 850.6801128387451
291467 838.4580612182617
291467 861.0801696777344
291467 840.4626846313477
291443 834.9041938781738
291402 833.9300155639648
291333 838.3927345275879
291313 835.892915725708
291236 838.9739990234375
291185 839.9229049682617
291154 845.6549644470215
291154 832.9360485076904
291154 836.5969657897949
291137 833.4493637084961
291130 836.3680839538574
291114 832.4270248413086
291054 842.0960903167725
291054 833.2319259643555
291054 834.1639041900635
291054 831.8467140197754
291032 830.7859897613525
291004 832.251787185669
290975 837.4488353729248
290975 833.4348201751709
290965 843.7769412994385
290965 833.3418369293213
290958 835.258960723877
290956 845.0372219085693
290956 839.1518592834473
290935 832.2281837463379
290924 832.9870700836182
290920 833.1639766693115
290920 833.4882259368896
290920 835.0310325622559
290920 844.4650173187256
290914 836.3480567932129
290914 833.5089683532715
290896 835.8631134033203
290896 833.6279392242432
290879 832.0281505584717
290873 845.4570770263672
290866 839.9639129638672
290787 839.4980430603027
290787 839.4210338592529
290733 848.2170104980469
290655 832.9522609710693
290655 836.8468284606934
290655 838.176965713501
290647 835.1271152496338
290647 830.4669857025146
290647 841.576099395752
290647 836.3080024719238
290647 843.468189239502
290625 838.7701511383057
290599 849.259614944458
290588 830.9979438781738
290539 842.4649238586426
290530 840.2481079101562
290521 841.3867950439453
290521 845.4737663269043
290501 832.6599597930908
290465 833.6029052734375
290464 836.845874786377
290464 839.0882015228271
290464 835.1542949676514
290459 838.5121822357178
290453 836.5538120269775
290412 840.2559757232666
290412 833.8789939880371
290378 831.010103225708
290376 835.949182510376
290370 832.7667713165283
290349 835.30592918396
290349 837.0540142059326
290349 838.0570411682129
290342 829.2379379272461
290342 836.0641002655029
290342 832.913875579834
290337 839.4680023193359
290337 835.4828357696533
290336 837.1357917785645
290328 848.0250835418701
290315 866.581916809082
290311 885.286808013916
290311 851.5269756317139
290310 839.2171859741211
290310 836.0702991485596
290280 834.7311019897461
290280 846.2681770324707
290260 846.6920852661133
290255 834.8820209503174
290182 833.3690166473389
290182 836.9369506835938
290175 844.5498943328857
290146 861.9599342346191
290121 834.6109390258789
290121 839.6198749542236
290120 833.8291645050049
290120 850.938081741333
290117 834.6691131591797
290041 847.4280834197998
290021 834.1262340545654
290021 836.8420600891113
290015 834.7067832946777
289988 841.8900966644287
289988 854.2249202728271
289981 905.1339626312256
289973 842.5619602203369
289938 839.2000198364258
289895 833.5678577423096
289842 835.0849151611328
289842 837.3279571533203
289842 838.6580944061279
289832 832.097053527832
289832 839.4131660461426
289832 832.1521282196045
289832 850.7707118988037
289771 834.2838287353516
289746 844.9022769927979
289732 843.1551456451416
289721 837.2700214385986
289699 831.7680358886719
289662 833.2579135894775
289662 843.8889980316162
289654 852.1647453308105
289654 843.5871601104736
289654 835.5059623718262
289638 832.9379558563232
289609 849.4040966033936
289609 845.3419208526611
289609 837.8288745880127
289544 831.6659927368164
289544 839.0958309173584
289544 841.6030406951904
289544 857.860803604126
289544 856.6529750823975
289526 841.8948650360107
289520 840.1229381561279
289520 833.3690166473389
289520 833.0230712890625
289520 848.5960960388184
289517 836.785078048706
289517 836.9829654693604
289514 844.1429138183594
289514 849.9438762664795
289514 846.0659980773926
289514 838.0801677703857
289514 847.7439880371094
289514 835.7992172241211
289512 839.1411304473877
289482 839.7080898284912
289451 860.6750965118408
289433 846.2131023406982
289433 847.5489616394043
289395 839.9050235748291
289395 831.9628238677979
289391 833.355188369751
289381 830.8911323547363
289357 837.0811939239502
289357 848.2470512390137
289357 837.5651836395264
289357 832.3190212249756
289357 836.3847732543945
289287 838.8299942016602
289287 833.3079814910889
289285 843.6260223388672
289285 835.615873336792
289285 831.2859535217285
289279 832.665205001831
289275 832.068920135498
289275 836.0681533813477
289275 833.0848217010498
289226 836.0059261322021
289226 835.7276916503906
289216 837.4941349029541
289216 830.4100036621094
289216 847.5899696350098
289216 843.2431221008301
289216 836.0769748687744
289208 839.2469882965088
289202 832.5967788696289
289202 830.9972286224365
289188 833.4171772003174
289185 833.0361843109131
289185 838.6948108673096
289185 840.4040336608887
289113 834.5978260040283
289113 845.4089164733887
289113 837.4228477478027
289113 842.9551124572754
289113 835.0977897644043
289105 837.6109600067139
289105 837.7978801727295
289079 832.2701454162598
289070 832.0648670196533
289070 842.0090675354004
289070 836.4098072052002
289023 834.5620632171631
289023 837.4049663543701
289023 830.9979438781738
289023 844.4039821624756
289023 835.0849151611328
289023 836.3091945648193
289003 834.0561389923096
289003 834.5479965209961
289003 833.8918685913086
288982 841.9630527496338
288982 842.6330089569092
288982 833.7748050689697
288982 837.1100425720215
288982 834.9287509918213
288982 833.7669372558594
288982 833.5468769073486
288968 833.1048488616943
288968 834.2487812042236
288965 836.8251323699951
288965 838.8168811798096
288965 830.888032913208
288954 832.2238922119141
288954 832.2010040283203
288952 835.8259201049805
288933 834.4988822937012
288933 835.6130123138428
288933 834.8648548126221
288926 839.1880989074707
288926 846.4770317077637
288926 842.9102897644043
288917 838.8562202453613
288917 839.1149044036865
288917 832.8890800476074
288917 840.8060073852539
288917 847.7051258087158
288917 835.1900577545166
288917 832.4770927429199
288917 836.2822532653809
288901 849.5941162109375
288901 834.1429233551025
288889 837.1987342834473
288889 838.8841152191162
288889 832.7641487121582
288889 833.1782817840576
288889 831.9470882415771
288889 833.1401348114014
288889 831.1469554901123
288889 834.0067863464355
288889 832.4270248413086
288862 839.0960693359375
288850 832.3602676391602
288850 856.3101291656494
288850 836.1248970031738
288850 837.5558853149414
288834 838.3698463439941
288783 837.4826908111572
288783 842.1599864959717
288783 835.294246673584
288783 836.9998931884766
288781 839.3549919128418
288781 835.4392051696777
288777 835.0563049316406
288777 849.5240211486816
288731 833.5378170013428
288731 831.212043762207
288731 838.7088775634766
288731 831.683874130249
288731 834.5170021057129
288731 834.3660831451416
288731 846.1298942565918
288731 845.8380699157715
288731 835.8628749847412
288725 833.4341049194336
288673 836.0209465026855
288673 840.381383895874
288673 863.5649681091309
288673 831.8090438842773
288673 842.714786529541
288673 832.5939178466797
288665 833.1379890441895
288665 853.7888526916504
288665 845.3741073608398
288665 844.4223403930664
288665 834.3808650970459
288665 833.8198661804199
288665 844.8429107666016
288645 836.4388942718506
288645 854.1038036346436
288645 840.792179107666
288645 833.7891101837158
288645 840.7628536224365
288645 840.507984161377
288645 854.7279834747314
288589 845.0448513031006
288537 831.5391540527344
288537 832.2670459747314
288537 831.1889171600342
288525 840.2910232543945
288520 833.204984664917
288520 845.9439277648926
288520 835.2880477905273
288520 832.3326110839844
288520 831.5949440002441
288520 833.78005027771
288514 832.5490951538086
288514 853.2772064208984
288514 835.8652591705322
288464 832.6668739318848
288464 836.8487358093262
288464 837.6040458679199
288452 831.8228721618652
288452 840.939998626709
288417 836.9810581207275
288417 832.9639434814453
288386 831.697940826416
288386 836.7011547088623
288386 838.9220237731934
288386 841.6910171508789
288359 834.8541259765625
288359 833.3339691162109
288359 830.7700157165527
288359 836.7049694061279
288359 840.3429985046387
288359 840.2822017669678
288352 832.4689865112305
288352 832.7841758728027
288327 835.0450992584229
288327 832.5560092926025
288327 833.4074020385742
288327 837.0692729949951
288327 834.3560695648193
288327 832.6621055603027
288327 831.4731121063232
288316 849.1368293762207
288316 832.9737186431885
288316 835.2000713348389
288310 837.7668857574463
288310 836.6122245788574
288310 829.2179107666016
288247 833.2290649414062
288247 831.8097591400146
288247 844.0661430358887
288247 833.284854888916
288247 835.0467681884766
288247 840.461015701294
288247 836.4789485931396
288247 832.0822715759277
288247 837.6619815826416
288190 840.3739929199219
288190 833.7709903717041
288189 832.0791721343994
288189 836.601734161377
288160 836.3032341003418
288160 839.123010635376
288160 832.240104675293
288121 834.0539932250977
288108 835.5121612548828
288088 832.355260848999
288088 831.9797515869141
288070 832.5848579406738
288054 839.9269580841064
288054 839.1077518463135
288054 830.2531242370605
288041 832.9079151153564
288041 829.1380405426025
288041 832.6468467712402
288041 828.9978504180908
288041 842.9958820343018
288041 831.4840793609619
288019 830.9400081634521
288019 844.8097705841064
287996 841.7081832885742
287996 840.5458927154541
287996 833.899974822998
287996 835.0260257720947
287996 836.5800380706787
287996 830.7127952575684
287996 839.2620086669922
287969 831.9737911224365
287969 833.1198692321777
287969 832.517147064209
287969 833.1100940704346
287969 835.9780311584473
287959 837.5561237335205
287959 830.0380706787109
287948 838.5426998138428
287948 833.7600231170654
287948 836.4369869232178
287948 834.8238468170166
287911 835.5410099029541
287911 829.3943405151367
287911 831.3028812408447
287911 832.226037979126
287906 833.0001831054688
287906 832.2420120239258
287906 853.0571460723877
287906 831.8920135498047
287906 836.4500999450684
287906 830.2836418151855
287900 839.5328521728516
287900 829.5629024505615
287900 830.9059143066406
287900 831.7630290985107
287900 837.8949165344238
287900 837.5120162963867
287857 855.8957576751709
287825 829.6070098876953
287825 831.3000202178955
287825 830.1699161529541
287825 839.0829563140869
287810 831.2079906463623
287805 834.907054901123
287805 830.970048904419
287805 843.0976867675781
287803 831.4340114593506
287803 834.6619606018066
287803 835.2088928222656
287803 832.4651718139648
287791 840.3017520904541
287791 840.9621715545654
287791 829.9570083618164
287786 831.4907550811768
287786 830.7509422302246
287749 833.5311412811279
287729 852.9441356658936
287724 834.460973739624
287724 844.2769050598145
287724 835.686206817627
287708 847.1078872680664
287708 834.6338272094727
287708 837.8138542175293
287706 837.6419544219971
287706 835.9112739562988
287706 837.6069068908691
287663 844.3808555603027
287663 836.359977722168
287663 851.7110347747803
287663 840.1038646697998
287663 832.8487873077393
287663 833.4367275238037
287663 844.0330028533936
287663 838.0160331726074
287663 845.2959060668945
287663 840.5420780181885
287663 845.0751304626465
287663 838.5148048400879
287663 831.618070602417
287663 832.6871395111084
287663 833.0261707305908
287663 847.7451801300049
287663 833.122968673706
287663 833.7740898132324
287663 831.0158252716064
287663 834.3067169189453
287663 830.7421207427979
287663 835.0238800048828
287663 834.8119258880615
287663 834.0651988983154
287663 839.8668766021729
287663 834.5339298248291
287662 838.7429714202881
287662 837.155818939209
287662 837.4190330505371
287662 834.0280055999756
287662 830.8331966400146
287662 835.4148864746094
287662 849.9810695648193
287662 930.474042892456
287662 856.9021224975586
287656 854.8080921173096
287656 833.1091403961182
287656 838.0789756774902
287656 834.697961807251
287651 836.3702297210693
287630 833.9028358459473
287630 840.5618667602539
287595 831.599235534668
287595 851.1242866516113
287595 837.3103141784668
287595 839.0061855316162
287595 842.1330451965332
287595 842.3061370849609
287589 830.2137851715088
287589 829.9708366394043
287589 831.2652111053467
287589 853.5318374633789
287589 842.1628475189209
287544 837.9800319671631
287544 830.89280128479
287544 839.1780853271484
287513 847.10693359375
287513 835.9999656677246
287513 834.7749710083008
287513 839.3080234527588
287513 832.8619003295898
287513 837.6259803771973
287513 831.2561511993408
287513 847.4540710449219
287487 842.6659107208252
287487 834.7389698028564
287446 831.6936492919922
287446 841.4561748504639
287446 839.6029472351074
287446 836.2002372741699
287446 833.784818649292
287446 841.4347171783447
287446 831.3100337982178
287446 831.0790061950684
287446 829.3910026550293
287446 833.5919380187988
287442 834.4089984893799
287442 837.7881050109863
287442 831.6161632537842
287442 833.9900970458984
287442 842.1449661254883
287442 838.6809825897217
287442 840.8269882202148
287442 843.5451984405518
287442 838.8264179229736
287442 832.0651054382324
287442 840.7621383666992
287442 836.8380069732666
287442 830.3260803222656
287442 832.5278759002686
287442 832.8149318695068
287409 832.7839374542236
287409 836.597204208374
287409 837.6481533050537
287409 834.9061012268066
287409 836.3468647003174
287370 834.5901966094971
287370 837.0680809020996
287370 836.9989395141602
287370 839.2438888549805
287370 844.2208766937256
287370 837.609052658081
287359 839.5819664001465
287359 841.2017822265625
287350 836.3769054412842
287350 833.7359428405762
287350 832.7720165252686
287350 833.9807987213135
287312 835.4928493499756
287312 833.9440822601318
287312 834.2669010162354
287312 833.582878112793
287312 833.9252471923828
287312 833.8775634765625
287312 844.2459106445312
287312 838.9418125152588
287303 830.1770687103271
287303 837.3639583587646
287291 835.9739780426025
287291 840.0259017944336
287291 830.9969902038574
287291 833.6310386657715
287291 841.2997722625732
287291 836.7519378662109
287291 832.5927257537842
287279 834.8209857940674
287267 830.8610916137695
287267 833.8019847869873
287267 885.6110572814941
287267 839.378833770752
287267 830.9698104858398
287267 833.7090015411377
287267 829.3898105621338
287267 846.8332290649414
287258 844.6829319000244
287258 838.5012149810791
287234 832.9789638519287
287234 837.428092956543
287234 829.7138214111328
287234 836.3709449768066
287234 843.5089588165283
287213 840.4901027679443
287213 830.0521373748779
287213 837.9712104797363
287213 840.9559726715088
287213 854.2520999908447
287213 835.0629806518555
287213 837.428092956543
287213 836.8511199951172
287213 831.812858581543
287172 833.8780403137207
287172 849.1232395172119
287172 848.4559059143066
287172 843.81103515625
287172 834.1152667999268
287172 835.2150917053223
287172 830.2581310272217
287153 832.8092098236084
287153 837.8400802612305
287153 833.9059352874756
287153 833.0609798431396
287140 833.9498043060303
287097 834.3160152435303
287097 831.8917751312256
287097 832.6127529144287
287097 835.6189727783203
287088 836.5111351013184
287088 833.953857421875
287088 842.6849842071533
287051 833.7030410766602
287044 836.646318435669
287044 840.0051593780518
287044 830.6708335876465
287044 831.6841125488281
287044 831.9158554077148
287044 852.0209789276123
287044 839.850902557373
287044 833.6818218231201
287044 838.2251262664795
287043 832.2501182556152
287043 836.4338874816895
287043 833.2281112670898
287043 830.0149440765381
287026 833.2021236419678
287011 831.5479755401611
287011 832.6678276062012
287011 842.4170017242432
287011 834.510087966919
287011 832.2842121124268
287011 842.0281410217285
287011 832.3063850402832
287011 832.6258659362793
287011 831.9742679595947
287011 832.6780796051025
287001 838.299036026001
287001 831.8731784820557
286974 842.1950340270996
286974 835.533618927002
286932 850.2020835876465
286932 835.6161117553711
286932 836.0779285430908
286932 847.9409217834473
286932 838.8698101043701
286932 834.8040580749512
286932 832.6230049133301
286905 840.9411907196045
286905 834.1989517211914
286905 833.8611125946045
286905 834.8989486694336
286891 846.4539051055908
286891 832.0217132568359
286891 834.5048427581787
286891 832.2360515594482
286891 842.4201011657715
286891 831.5448760986328
286891 834.1171741485596
286878 831.8002223968506
286878 832.9651355743408
286878 831.5849304199219
286871 831.1631679534912
286871 828.7663459777832
286871 834.9487781524658
