458 0.2570152282714844
444 0.23818016052246094
417 0.22101402282714844
367 0.21314620971679688
337 0.21028518676757812
310 0.20933151245117188
265 0.20885467529296875
251 0.21195411682128906
236 0.21386146545410156
223 0.2167224884033203
220 0.2181529998779297
212 0.21910667419433594
207 0.21982192993164062
196 0.21982192993164062
187 0.21910667419433594
177 0.22077560424804688
176 0.24390220642089844
173 0.2300739288330078
173 0.2429485321044922
171 0.34880638122558594
170 0.3578662872314453
165 0.2567768096923828
165 0.2560615539550781
151 0.2472400665283203
107 0.25200843811035156
83 0.23508071899414062
83 0.2357959747314453
48 0.23412704467773438
47 0.2429485321044922
47 0.2579689025878906
47 0.23984909057617188
47 0.25582313537597656
47 0.24390220642089844
47 0.2460479736328125
47 0.26297569274902344
47 0.24390220642089844
41 0.26106834411621094
41 0.25916099548339844
41 0.26607513427734375
41 0.263214111328125
41 0.27871131896972656
41 0.2579689025878906
41 0.2827644348144531
41 0.28014183044433594
41 0.27871131896972656
41 0.2899169921875
41 0.26702880859375
41 0.2760887145996094
41 0.2841949462890625
41 0.29277801513671875
41 0.2779960632324219
41 0.28896331787109375
41 0.3006458282470703
41 0.2810955047607422
41 0.2868175506591797
41 0.3037452697753906
37 0.2799034118652344
37 0.2949237823486328
37 0.31113624572753906
37 0.28634071350097656
37 0.3101825714111328
37 0.2880096435546875
37 0.3020763397216797
37 0.3001689910888672
37 0.3170967102050781
37 0.2930164337158203
37 0.30493736267089844
37 0.3190040588378906
37 0.2968311309814453
37 0.31375885009765625
37 0.3287792205810547
37 0.30517578125
37 0.3292560577392578
37 0.30803680419921875
37 0.3192424774169922
37 0.36406517028808594
37 0.3399848937988281
37 0.3101825714111328
37 0.34308433532714844
37 0.33974647521972656
37 0.32210350036621094
37 0.32782554626464844
37 0.3457069396972656
37 0.3230571746826172
37 0.32591819763183594
37 0.3478527069091797
37 0.32210350036621094
37 0.3559589385986328
37 0.3230571746826172
37 0.34308433532714844
37 0.3592967987060547
37 0.32830238342285156
37 0.36215782165527344
37 0.3299713134765625
37 0.3600120544433594
37 0.3371238708496094
37 0.3409385681152344
37 0.35309791564941406
37 0.3719329833984375
37 0.3421306610107422
37 0.4470348358154297
37 0.37407875061035156
37 0.3600120544433594
37 0.36787986755371094
37 0.4019737243652344
37 0.35500526428222656
37 0.3802776336669922
37 0.41794776916503906
37 0.36525726318359375
37 0.37407875061035156
37 0.4220008850097656
37 0.4799365997314453
37 0.38909912109375
37 0.3631114959716797
37 0.38695335388183594
37 0.4317760467529297
37 0.5121231079101562
37 0.4711151123046875
37 0.3771781921386719
37 0.3757476806640625
37 0.4248619079589844
37 0.37407875061035156
37 0.4076957702636719
37 0.3781318664550781
37 0.3821849822998047
37 0.40912628173828125
37 0.37670135498046875
37 0.41413307189941406
37 0.3819465637207031
37 0.38909912109375
37 0.4210472106933594
37 0.3838539123535156
37 0.4229545593261719
37 0.392913818359375
37 0.3960132598876953
37 0.4248619079589844
37 0.3921985626220703
37 0.42700767517089844
37 0.3979206085205078
37 0.4038810729980469
37 0.44798851013183594
37 0.39505958557128906
37 0.4379749298095703
37 0.4050731658935547
37 0.4086494445800781
37 0.4420280456542969
37 0.40411949157714844
37 0.4429817199707031
37 0.47087669372558594
37 0.5750656127929688
37 0.4241466522216797
37 0.4222393035888672
37 0.4680156707763672
37 0.5819797515869141
37 0.530242919921875
37 0.4227161407470703
37 0.4239082336425781
37 0.4558563232421875
37 0.4169940948486328
37 0.4601478576660156
37 0.4220008850097656
37 0.4279613494873047
37 0.4658699035644531
37 0.43392181396484375
37 0.4329681396484375
37 0.4699230194091797
37 0.4317760467529297
37 0.4391670227050781
37 0.4711151123046875
37 0.4360675811767578
37 0.4432201385498047
37 0.476837158203125
37 0.43892860412597656
37 0.44417381286621094
37 0.48065185546875
37 0.44417381286621094
37 0.44798851013183594
37 0.4870891571044922
37 0.44608116149902344
37 0.45180320739746094
37 0.49114227294921875
37 0.45299530029296875
37 0.4570484161376953
37 0.4951953887939453
37 0.5109310150146484
37 0.46896934509277344
37 0.5040168762207031
37 0.4630088806152344
37 0.46372413635253906
37 0.5052089691162109
37 0.5769729614257812
37 0.47516822814941406
37 0.51116943359375
37 0.47016143798828125
37 0.4730224609375
37 0.5140304565429688
37 0.4849433898925781
37 0.4901885986328125
37 0.5190372467041016
37 0.4730224609375
37 0.5240440368652344
37 0.4799365997314453
37 0.4839897155761719
37 0.5252361297607422
37 0.4818439483642578
37 0.5297660827636719
37 0.4851818084716797
37 0.48995018005371094
37 0.5307197570800781
37 0.48995018005371094
37 0.4916191101074219
37 0.5381107330322266
37 0.4868507385253906
37 0.5409717559814453
37 0.49686431884765625
37 0.49996376037597656
37 0.5481243133544922
37 0.49591064453125
37 0.5507469177246094
37 0.5040168762207031
37 0.5059242248535156
37 0.5528926849365234
37 0.5030632019042969
37 0.5581378936767578
37 0.51116943359375
37 0.5121231079101562
37 0.5617141723632812
37 0.5109310150146484
37 0.5660057067871094
37 0.5252361297607422
37 0.5340576171875
37 0.5691051483154297
37 0.514984130859375
37 0.5669593811035156
37 0.5228519439697266
37 0.5249977111816406
37 0.5748271942138672
37 0.5218982696533203
37 0.5803108215332031
37 0.5300045013427734
37 0.5319118499755859
37 0.5819797515869141
37 0.5300045013427734
37 0.5831718444824219
37 0.5362033843994141
37 0.5388259887695312
37 0.5919933319091797
37 0.5357265472412109
37 0.5922317504882812
37 0.5428791046142578
37 0.5440711975097656
37 0.598907470703125
37 0.5397796630859375
37 0.6000995635986328
37 0.5488395690917969
37 0.5521774291992188
37 0.6079673767089844
37 0.54931640625
37 0.6108283996582031
37 0.5640983581542969
37 1.0120868682861328
37 0.6191730499267578
37 0.5588531494140625
37 0.5631446838378906
37 0.6172657012939453
37 0.5638599395751953
37 0.5669593811035156
37 0.6237030029296875
37 0.5660057067871094
37 0.5700588226318359
37 0.6301403045654297
37 0.5660057067871094
37 0.6349086761474609
37 0.5748271942138672
37 0.5779266357421875
37 0.6358623504638672
37 0.5769729614257812
37 0.579833984375
37 0.6439685821533203
37 0.5817413330078125
37 0.5848407745361328
37 0.6399154663085938
37 0.5860328674316406
37 0.5888938903808594
37 0.6530284881591797
37 0.5910396575927734
37 0.5941390991210938
37 0.6711483001708984
37 0.5953311920166016
37 0.5960464477539062
37 0.6630420684814453
37 0.5979537963867188
37 0.6048679351806641
37 0.6587505340576172
37 0.6008148193359375
37 0.6031990051269531
37 0.6699562072753906
37 0.6060600280761719
37 0.6101131439208984
37 0.6699562072753906
37 0.6051063537597656
37 0.6768703460693359
37 0.6110668182373047
37 0.6167888641357422
37 0.6768703460693359
37 0.6120204925537109
37 0.6868839263916016
37 0.614166259765625
37 0.6899833679199219
37 0.6170272827148438
37 0.6880760192871094
37 0.6201267242431641
37 0.6990432739257812
37 0.621795654296875
37 0.6959438323974609
37 0.6248950958251953
37 0.6949901580810547
37 0.6330013275146484
37 0.6351470947265625
37 0.7011890411376953
37 0.6310939788818359
37 0.7033348083496094
37 0.6382465362548828
37 0.6451606750488281
37 0.7088184356689453
37 0.6389617919921875
37 0.7097721099853516
37 0.6470680236816406
37 0.6492137908935547
37 0.7181167602539062
37 0.6451606750488281
37 0.7190704345703125
37 0.6511211395263672
37 0.6546974182128906
37 0.7278919219970703
37 0.6518363952636719
37 0.7290840148925781
37 0.6699562072753906
37 0.675201416015625
37 0.7319450378417969
37 0.6561279296875
37 0.7398128509521484
37 0.6649494171142578
37 0.6687641143798828
37 0.7379055023193359
37 0.6699562072753906
37 0.6701946258544922
37 0.7452964782714844
37 0.6730556488037109
37 0.6771087646484375
37 0.7500648498535156
37 0.6778240203857422
37 0.6821155548095703
37 0.7569789886474609
37 0.6809234619140625
37 0.6871223449707031
37 0.759124755859375
37 0.6811618804931641
37 0.7581710815429688
37 0.6899833679199219
37 0.6921291351318359
37 0.7688999176025391
37 0.6880760192871094
37 0.7648468017578125
37 0.6952285766601562
37 0.6978511810302734
37 0.7748603820800781
37 0.698089599609375
37 0.7033348083496094
37 0.7741451263427734
37 0.7030963897705078
37 0.7088184356689453
37 0.782012939453125
37 0.7050037384033203
37 0.7109642028808594
37 0.7832050323486328
37 0.7097721099853516
37 0.7138252258300781
37 0.7929801940917969
37 0.7169246673583984
37 0.7193088531494141
37 0.7939338684082031
37 0.7193088531494141
37 0.7300376892089844
37 0.8180141448974609
37 0.7231235504150391
37 0.7271766662597656
37 0.80108642578125
37 0.7259845733642578
37 0.7302761077880859
37 0.8111000061035156
37 0.7240772247314453
37 0.8220672607421875
37 0.7328987121582031
37 0.7348060607910156
37 0.8177757263183594
37 0.7312297821044922
37 0.8230209350585938
37 0.74005126953125
37 0.7429122924804688
37 0.8270740509033203
37 0.7369518280029297
37 0.8330345153808594
37 0.7472038269042969
37 0.7500648498535156
37 0.8389949798583984
37 0.743865966796875
37 0.8399486541748047
37 0.7541179656982422
37 0.7562637329101562
37 0.8411407470703125
37 0.7522106170654297
37 0.8478164672851562
37 0.7550716400146484
37 0.8480548858642578
37 0.7579326629638672
37 0.8518695831298828
37 0.7579326629638672
37 0.8649826049804688
37 0.7638931274414062
37 0.8590221405029297
37 0.7660388946533203
37 0.8618831634521484
37 0.7679462432861328
37 0.8690357208251953
37 0.7712841033935547
37 0.9090900421142578
37 0.7760524749755859
37 0.8687973022460938
37 0.7748603820800781
37 0.8759498596191406
37 0.7789134979248047
37 0.8692741394042969
37 0.7829666137695312
37 0.8771419525146484
37 0.7822513580322266
37 0.8881092071533203
37 0.7879734039306641
37 0.8840560913085938
37 0.7910728454589844
37 0.8876323699951172
37 0.7901191711425781
37 0.8950233459472656
37 0.7979869842529297
37 0.8029937744140625
37 0.9102821350097656
37 0.7977485656738281
37 0.9019374847412109
37 0.8032321929931641
37 0.8127689361572266
37 0.9038448333740234
37 0.8041858673095703
37 0.9129047393798828
37 0.8130073547363281
37 0.8158683776855469
37 0.9050369262695312
37 0.8149147033691406
37 0.8208751678466797
37 0.9169578552246094
37 0.8208751678466797
37 0.8246898651123047
37 0.9148120880126953
37 0.8270740509033203
37 0.8289813995361328
37 0.926971435546875
37 0.8409023284912109
37 0.9558200836181641
37 0.8397102355957031
37 0.8380413055419922
37 0.9472370147705078
37 0.8690357208251953
37 1.033782958984375
37 1.0709762573242188
37 0.8471012115478516
37 0.8440017700195312
37 0.9441375732421875
37 0.843048095703125
37 0.8492469787597656
37 0.9398460388183594
37 0.8492469787597656
37 0.8509159088134766
37 0.9517669677734375
37 0.8471012115478516
37 0.8769035339355469
37 0.9529590606689453
37 0.8547306060791016
37 0.8590221405029297
37 1.0039806365966797
37 0.885009765625
37 0.8730888366699219
37 0.9610652923583984
37 0.8640289306640625
37 0.8671283721923828
37 0.9698867797851562
37 0.8640289306640625
37 0.8728504180908203
37 0.9679794311523438
37 0.8711814880371094
37 0.8780956268310547
37 1.1038780212402344
37 0.9958744049072266
37 0.8940696716308594
37 1.2218952178955078
37 0.9481906890869141
37 0.9829998016357422
37 1.0752677917480469
37 0.885009765625
37 0.9300708770751953
37 0.9915828704833984
37 0.8859634399414062
37 1.0020732879638672
37 0.8881092071533203
37 0.8933544158935547
37 0.9927749633789062
37 0.8938312530517578
37 0.9052753448486328
37 1.0080337524414062
37 0.8950233459472656
37 0.9021759033203125
37 1.0848045349121094
37 0.9820461273193359
37 0.9260177612304688
37 1.0941028594970703
37 0.9598731994628906
37 0.911712646484375
37 1.0111331939697266
37 0.9100437164306641
37 0.9129047393798828
37 1.0290145874023438
37 0.9250640869140625
37 0.9300708770751953
37 1.0406970977783203
37 0.9181499481201172
37 1.0499954223632812
37 0.9238719940185547
37 0.9329319000244141
37 1.1870861053466797
37 1.007080078125
37 1.0590553283691406
37 1.0046958923339844
37 0.9989738464355469
37 1.039743423461914
37 0.926971435546875
37 1.0459423065185547
37 0.9291172027587891
37 0.9388923645019531
37 1.0449886322021484
37 0.9341239929199219
37 1.049041748046875
37 0.9410381317138672
37 0.9462833404541016
37 1.049041748046875
37 0.9558200836181641
37 1.1739730834960938
37 0.9510517120361328
37 0.9899139404296875
37 1.1489391326904297
37 1.0409355163574219
37 1.1451244354248047
37 0.9610652923583984
37 0.9698867797851562
37 1.088857650756836
37 0.9620189666748047
37 1.096963882446289
37 0.9629726409912109
37 1.0991096496582031
37 0.9667873382568359
37 1.0960102081298828
37 0.96893310546875
37 1.3680458068847656
37 0.9741783142089844
37 1.27410888671875
37 1.1262893676757812
37 1.196146011352539
37 1.0609626770019531
37 1.1970996856689453
37 1.0631084442138672
37 1.171112060546875
37 0.9770393371582031
37 1.0979175567626953
37 0.9768009185791016
37 1.1048316955566406
37 0.9810924530029297
37 1.1091232299804688
37 1.1799335479736328
37 1.135110855102539
37 1.0399818420410156
37 1.194000244140625
37 0.9951591491699219
37 1.1126995086669922
37 0.9920597076416016
37 1.1279582977294922
37 0.9946823120117188
37 1.1250972747802734
37 1.001119613647461
37 1.0051727294921875
37 1.1208057403564453
37 1.0068416595458984
37 1.0089874267578125
37 1.2390613555908203
37 1.0685920715332031
37 1.0380744934082031
37 1.2211799621582031
37 1.0213851928710938
37 1.1420249938964844
37 1.0199546813964844
37 1.0259151458740234
37 1.1436939239501953
37 1.0271072387695312
37 1.142740249633789
37 1.0230541229248047
37 1.0271072387695312
37 1.1458396911621094
37 1.0230541229248047
37 1.1849403381347656
37 1.0449886322021484
37 1.0421276092529297
37 1.1892318725585938
37 1.0366439819335938
37 1.0471343994140625
37 1.1780261993408203
37 1.0402202606201172
37 1.1968612670898438
37 1.0449886322021484
37 1.0530948638916016
37 1.1830329895019531
37 1.0449886322021484
37 1.2080669403076172
37 1.0499954223632812
37 1.0619163513183594
37 1.209259033203125
37 1.055002212524414
37 1.2121200561523438
37 1.0581016540527344
37 1.065969467163086
37 1.222848892211914
37 1.0619163513183594
37 1.2028217315673828
37 1.0600090026855469
37 1.0678768157958984
37 1.1951923370361328
37 1.0616779327392578
37 1.2118816375732422
37 1.0669231414794922
37 1.458883285522461
37 1.2140274047851562
37 1.068115234375
37 1.2102127075195312
37 1.069784164428711
37 1.0800361633300781
37 1.199960708618164
37 1.0750293731689453
37 1.232147216796875
37 1.0831356048583984
37 1.0869503021240234
37 1.2159347534179688
37 1.0809898376464844
37 1.2309551239013672
37 1.0821819305419922
37 1.2607574462890625
37 1.0890960693359375
37 1.222848892211914
37 1.0881423950195312
37 1.2319087982177734
37 1.088857650756836
37 1.2259483337402344
37 1.09100341796875
37 1.2311935424804688
37 1.096963882446289
37 1.1098384857177734
37 1.2359619140625
37 1.1010169982910156
37 1.238107681274414
37 1.1131763458251953
37 1.1088848114013672
37 1.239776611328125
37 1.1119842529296875
37 1.2459754943847656
37 1.1138916015625
37 1.1179447174072266
37 1.2478828430175781
37 1.1129379272460938
37 1.2559890747070312
37 1.1210441589355469
37 1.1229515075683594
37 1.255035400390625
37 1.1179447174072266
37 1.276254653930664
37 1.1267662048339844
37 1.1301040649414062
37 1.2621879577636719
37 1.1298656463623047
37 1.1320114135742188
37 1.2679100036621094
37 1.1320114135742188
37 1.1408329010009766
37 1.2717247009277344
37 1.1379718780517578
37 1.1372566223144531
37 1.2831687927246094
37 1.1379718780517578
37 1.1518001556396484
37 1.2819766998291016
37 1.1448860168457031
37 1.1472702026367188
37 1.4650821685791016
37 1.1510848999023438
37 1.2981891632080078
37 1.1477470397949219
37 1.3098716735839844
37 1.1467933654785156
37 1.3098716735839844
37 1.1761188507080078
37 1.38092041015625
37 1.1839866638183594
37 1.3151168823242188
37 1.1532306671142578
37 1.3103485107421875
37 1.1582374572753906
37 1.3988018035888672
37 1.1670589447021484
37 1.3260841369628906
37 1.1620521545410156
37 1.3167858123779297
37 1.16729736328125
37 1.3742446899414062
37 1.2402534484863281
37 1.1780261993408203
37 1.3508796691894531
37 1.1892318725585938
37 1.3837814331054688
37 1.1990070343017578
37 1.3060569763183594
37 1.3818740844726562
37 1.1909008026123047
37 1.3561248779296875
37 1.194000244140625
37 1.361846923828125
37 1.7490386962890625
37 1.3570785522460938
37 1.2340545654296875
37 1.374959945678711
37 1.2011528015136719
37 1.3687610626220703
37 1.3470649719238281
37 1.3689994812011719
37 1.1987686157226562
37 1.360177993774414
37 1.2121200561523438
37 1.4069080352783203
37 1.3661384582519531
37 1.2211799621582031
37 1.3699531555175781
37 1.2967586517333984
37 1.3949871063232422
37 1.3229846954345703
37 1.4939308166503906
37 1.5079975128173828
37 1.3310909271240234
37 1.50299072265625
37 1.3370513916015625
37 1.4450550079345703
37 1.4388561248779297
37 1.2378692626953125
37 1.3821125030517578
37 1.2557506561279297
37 1.234292984008789
37 1.54876708984375
37 1.2350082397460938
37 1.2450218200683594
37 1.4350414276123047
37 1.2469291687011719
37 1.2478828430175781
37 1.5349388122558594
37 1.2431144714355469
37 1.2471675872802734
37 1.3959407806396484
37 1.2769699096679688
37 1.4488697052001953
37 1.3248920440673828
37 1.5070438385009766
37 1.4100074768066406
37 1.2450218200683594
37 1.4269351959228516
37 1.2485980987548828
37 1.4901161193847656
37 1.4238357543945312
37 1.2640953063964844
37 1.4278888702392578
37 1.2862682342529297
37 1.2691020965576172
37 1.5480518341064453
37 1.2652873992919922
37 1.4383792877197266
37 1.3051033020019531
37 1.2857913970947266
37 1.4510154724121094
37 1.420736312866211
37 1.458883285522461
37 1.2731552124023438
37 1.2798309326171875
37 1.447916030883789
37 1.361846923828125
37 1.5668869018554688
37 1.3310909271240234
37 1.293182373046875
37 1.4393329620361328
37 1.280069351196289
37 1.5888214111328125
37 1.2869834899902344
37 1.4607906341552734
37 1.2857913970947266
37 1.4541149139404297
37 1.2881755828857422
37 1.6908645629882812
37 1.2962818145751953
37 1.483917236328125
37 1.2969970703125
37 1.4641284942626953
37 1.3628005981445312
37 1.569986343383789
37 1.3020038604736328
37 1.470804214477539
37 1.3470649719238281
37 1.505136489868164
37 1.5223026275634766
37 1.4986991882324219
37 1.3060569763183594
37 1.4910697937011719
37 1.3408660888671875
37 1.5180110931396484
37 1.4538764953613281
37 1.5139579772949219
37 1.3179779052734375
37 1.500844955444336
37 1.3208389282226562
37 1.6598701477050781
37 1.3570785522460938
37 1.5139579772949219
37 1.3279914855957031
37 1.3298988342285156
37 1.580953598022461
37 1.4848709106445312
37 1.5277862548828125
37 1.3360977172851562
37 1.3408660888671875
37 1.5108585357666016
37 1.5370845794677734
37 1.5778541564941406
37 1.3499259948730469
37 1.3458728790283203
37 1.5099048614501953
37 1.383066177368164
37 1.5988349914550781
37 1.3477802276611328
37 1.5292167663574219
37 1.3570785522460938
37 1.6710758209228516
37 1.399993896484375
37 1.5790462493896484
37 1.3599395751953125
37 1.554250717163086
37 1.3651847839355469
37 1.631021499633789
37 1.3587474822998047
37 1.5439987182617188
37 1.3580322265625
37 1.5289783477783203
37 1.390695571899414
37 1.5680789947509766
37 1.361846923828125
37 1.5621185302734375
37 1.3659000396728516
37 1.5459060668945312
37 1.4278888702392578
37 1.5518665313720703
37 1.3680458068847656
37 1.5649795532226562
37 1.3728141784667969
37 1.6016960144042969
37 1.3928413391113281
37 1.5969276428222656
37 1.3947486877441406
37 1.6109943389892578
37 1.3899803161621094
37 1.589059829711914
37 1.402139663696289
37 1.4028549194335938
37 1.615762710571289
37 1.3990402221679688
37 1.5990734100341797
37 1.4078617095947266
37 1.4178752899169922
37 1.627206802368164
37 1.4140605926513672
37 1.6050338745117188
37 1.4142990112304688
37 1.4162063598632812
37 1.6388893127441406
37 1.4150142669677734
37 1.6160011291503906
37 1.4259815216064453
37 1.4200210571289062
37 1.6307830810546875
37 1.44195556640625
37 1.4309883117675781
37 1.6188621520996094
37 1.4350414276123047
37 1.4278888702392578
37 1.641988754272461
37 1.4300346374511719
37 1.4379024505615234
37 1.6319751739501953
37 1.4367103576660156
37 1.435995101928711
37 1.6510486602783203
37 1.4522075653076172
37 1.4429092407226562
37 1.6388893127441406
37 1.4431476593017578
37 1.4429092407226562
37 1.6629695892333984
37 1.4462471008300781
37 1.5501976013183594
37 1.6360282897949219
37 1.4450550079345703
37 1.4400482177734375
37 1.6760826110839844
37 1.4579296112060547
37 1.4638900756835938
37 1.6608238220214844
37 1.461029052734375
37 1.4591217041015625
37 1.6760826110839844
37 1.458883285522461
37 1.4660358428955078
37 1.676797866821289
37 1.4908313751220703
37 1.4679431915283203
37 1.6880035400390625
37 1.4677047729492188
37 1.4750957489013672
37 1.6827583312988281
37 1.477956771850586
37 1.4731884002685547
37 1.695394515991211
37 1.4772415161132812
37 1.4841556549072266
37 1.7261505126953125
37 1.4798641204833984
37 1.7049312591552734
37 1.4793872833251953
37 1.6980171203613281
37 1.4820098876953125
37 1.7240047454833984
37 1.4872550964355469
37 1.714944839477539
37 1.4889240264892578
37 1.7130374908447266
37 1.4920234680175781
37 1.7549991607666016
37 1.4941692352294922
37 1.730203628540039
37 1.4979839324951172
37 1.7161369323730469
37 1.4998912811279297
37 1.7390251159667969
37 1.5020370483398438
37 1.7337799072265625
37 1.5289783477783203
37 1.5130043029785156
37 1.7409324645996094
37 1.5110969543457031
37 1.5192031860351562
37 1.7440319061279297
37 1.5180110931396484
37 1.524209976196289
37 1.7521381378173828
37 1.5208721160888672
37 1.5320777893066406
37 1.7549991607666016
37 1.5261173248291016
37 1.5270709991455078
37 1.7609596252441406
37 1.5277862548828125
37 1.5339851379394531
37 1.7688274383544922
37 1.5289783477783203
37 1.7521381378173828
37 1.5368461608886719
37 1.558065414428711
37 1.7659664154052734
37 1.5420913696289062
37 1.5459060668945312
37 1.7840862274169922
37 1.5430450439453125
37 1.5461444854736328
37 1.7590522766113281
37 1.5461444854736328
37 1.7859935760498047
37 1.5540122985839844
