73514 69.79680061340332
73489 75.81400871276855
73464 80.25312423706055
73422 76.73525810241699
73386 79.24365997314453
73342 74.98025894165039
73313 72.8459358215332
73297 74.63979721069336
73278 73.89116287231445
73266 74.67317581176758
73257 73.90069961547852
73216 74.34201240539551
73196 74.17917251586914
73169 74.61881637573242
73144 73.54998588562012
73134 88.05704116821289
73094 97.86128997802734
73002 76.38311386108398
72953 78.07731628417969
72945 77.99124717712402
72903 79.34093475341797
72862 83.53185653686523
72822 75.55103302001953
72797 74.28312301635742
72783 73.81820678710938
72744 74.96404647827148
72720 74.85580444335938
72696 74.39804077148438
72608 74.71823692321777
72518 74.39589500427246
72495 73.37808609008789
72477 72.6010799407959
72455 73.98295402526855
72405 72.45898246765137
72383 74.24426078796387
72350 72.43609428405762
72310 74.50127601623535
72296 72.66402244567871
72210 74.66912269592285
72204 74.63598251342773
72191 72.88384437561035
72162 73.8370418548584
72153 74.45192337036133
72123 72.43490219116211
72101 72.4191665649414
72024 74.07689094543457
71987 74.48196411132812
71958 74.79429244995117
71943 72.56388664245605
71897 74.02801513671875
71867 72.17907905578613
71849 72.40915298461914
71827 74.88083839416504
71781 73.92477989196777
71768 74.01299476623535
71764 73.46701622009277
71726 75.1638412475586
71703 74.86200332641602
71697 72.30710983276367
71683 74.94878768920898
71677 72.52979278564453
71673 74.17178153991699
71646 73.74215126037598
71594 73.63677024841309
71524 72.57604598999023
71449 73.91786575317383
71420 72.47304916381836
71412 72.7229118347168
71386 72.60608673095703
71380 73.96602630615234
71370 73.62008094787598
71356 74.6009349822998
71334 80.43122291564941
71311 74.23019409179688
71307 75.07205009460449
71277 74.15604591369629
71274 73.82893562316895
71241 72.37505912780762
71215 74.28598403930664
71197 74.33080673217773
71175 73.32706451416016
71137 74.18394088745117
71130 74.1262435913086
71106 74.56421852111816
71073 74.35011863708496
71024 72.64018058776855
71014 72.38411903381348
71004 72.9987621307373
70983 87.74018287658691
70979 109.22813415527344
70977 95.96920013427734
70968 126.13201141357422
70966 120.9568977355957
70944 94.00200843811035
70920 82.50093460083008
70915 78.50193977355957
70904 87.28790283203125
70894 74.07593727111816
70884 73.3649730682373
70872 74.76305961608887
70861 74.44405555725098
70846 105.00884056091309
70824 79.64801788330078
70776 79.09512519836426
70756 73.33183288574219
70741 73.23384284973145
70712 73.2429027557373
70639 73.04906845092773
70629 72.28374481201172
70613 78.65095138549805
70613 72.78680801391602
70593 74.71108436584473
70540 72.74508476257324
70524 76.51686668395996
70483 79.12492752075195
70480 78.15289497375488
70479 74.83410835266113
70429 78.2938003540039
70416 74.74994659423828
70396 76.81488990783691
70380 74.29289817810059
70356 72.88908958435059
70299 75.7439136505127
70295 75.3178596496582
70274 74.42998886108398
70240 75.73294639587402
70216 74.4318962097168
70212 74.10979270935059
70177 74.58686828613281
70153 73.03810119628906
70145 74.7079849243164
70128 72.9818344116211
70122 73.4562873840332
70110 74.18012619018555
70079 72.48282432556152
70006 74.37276840209961
70000 74.85198974609375
69939 74.0668773651123
69882 75.80208778381348
69856 74.5689868927002
69834 75.3631591796875
69788 72.68190383911133
69777 74.37324523925781
69769 73.3189582824707
69759 74.13196563720703
69738 74.66888427734375
69731 74.41520690917969
69731 74.31387901306152
69723 74.25618171691895
69719 74.54204559326172
69713 74.86391067504883
69680 75.48689842224121
69661 74.21398162841797
69649 75.05989074707031
69647 74.65600967407227
69630 72.46685028076172
69561 72.59202003479004
69527 74.68295097351074
69523 74.60784912109375
69503 74.20492172241211
69467 74.92995262145996
69433 74.49793815612793
69395 74.54586029052734
69372 75.70791244506836
69344 74.19800758361816
69334 74.82290267944336
69334 73.64511489868164
69311 74.20015335083008
69311 74.30195808410645
69298 74.13506507873535
69289 74.71823692321777
69282 72.61776924133301
69233 74.18179512023926
69218 73.52399826049805
69193 74.77688789367676
69193 74.64218139648438
69190 75.08468627929688
69141 73.45938682556152
69114 74.02610778808594
69094 72.85404205322266
69083 73.61698150634766
69083 72.84355163574219
69080 73.36807250976562
69062 72.95012474060059
69054 73.9748477935791
69032 72.72601127624512
69032 72.44229316711426
69023 72.77512550354004
69023 73.71973991394043
68974 72.98588752746582
68933 73.80509376525879
68933 74.83386993408203
68919 73.87208938598633
68910 74.55897331237793
68910 74.3720531463623
68894 72.86405563354492
68868 74.41306114196777
68865 74.75876808166504
68862 74.56493377685547
68845 75.82592964172363
68827 82.52906799316406
68815 76.3387680053711
68789 73.94814491271973
68778 73.90379905700684
68760 74.38802719116211
68755 81.60090446472168
68753 77.33798027038574
68745 74.25403594970703
68727 74.67103004455566
68726 72.95894622802734
68663 74.79214668273926
68647 72.96586036682129
68643 74.6920108795166
68638 74.48506355285645
68627 74.77402687072754
68598 74.44882392883301
68571 73.70996475219727
68533 75.24609565734863
68522 73.3489990234375
68506 74.72896575927734
68483 78.68218421936035
68483 76.24411582946777
68405 74.77879524230957
68393 72.74079322814941
68386 74.56207275390625
68386 72.77488708496094
68377 72.62086868286133
68351 74.5389461517334
68339 74.63622093200684
68336 72.94511795043945
68311 74.98812675476074
68299 72.8609561920166
68258 74.2342472076416
68225 74.44882392883301
68181 73.1058120727539
68181 73.6687183380127
68166 74.67126846313477
68149 74.93400573730469
68149 72.57080078125
68149 74.41115379333496
68147 74.54800605773926
68129 74.51391220092773
68121 72.69620895385742
68118 72.82519340515137
68106 74.92184638977051
68097 73.98605346679688
68097 74.03206825256348
68090 73.52709770202637
68090 74.4481086730957
68080 72.51691818237305
68080 73.3339786529541
68076 74.33271408081055
68058 72.62587547302246
68037 73.54593276977539
68022 73.13275337219238
68020 72.96395301818848
67958 72.49999046325684
67950 73.74715805053711
67905 74.66292381286621
67879 74.17178153991699
67879 74.45025444030762
67878 73.6541748046875
67878 72.60394096374512
67878 74.54609870910645
67871 72.7837085723877
67864 74.52797889709473
67864 72.98827171325684
67790 73.35782051086426
67748 74.63812828063965
67748 72.84307479858398
67748 73.51398468017578
67736 73.2882022857666
67697 74.34797286987305
67697 75.20484924316406
67696 72.88908958435059
67685 74.71704483032227
67685 73.42100143432617
67685 73.65608215332031
67668 73.760986328125
67662 74.39208030700684
67635 73.00615310668945
67631 72.68309593200684
67606 74.60212707519531
67604 72.50094413757324
67582 74.45001602172852
67582 72.69072532653809
67573 74.06902313232422
67560 74.03302192687988
67558 74.43499565124512
67558 73.9591121673584
67558 73.73976707458496
67533 74.19991493225098
67533 74.77307319641113
67533 72.72195816040039
67509 73.28367233276367
67487 73.57311248779297
67481 72.86810874938965
67481 72.68786430358887
67472 72.49188423156738
67462 72.59702682495117
67462 74.78690147399902
67439 72.64399528503418
67435 75.14500617980957
67388 72.50714302062988
67388 73.14419746398926
67388 72.91507720947266
67384 73.43792915344238
67370 72.75819778442383
67364 74.27120208740234
67331 74.10001754760742
67321 74.7981071472168
67316 72.49999046325684
67288 74.65696334838867
67286 74.5997428894043
67286 73.01807403564453
67285 74.68605041503906
67273 74.82290267944336
67215 74.19490814208984
67189 73.96125793457031
67189 75.99282264709473
67181 73.69589805603027
67148 74.61023330688477
67089 72.56174087524414
67065 74.42092895507812
67065 72.56603240966797
67063 73.00090789794922
67063 73.17304611206055
67013 73.76313209533691
66977 75.02102851867676
66955 73.17185401916504
66950 76.79200172424316
66932 74.3560791015625
66932 72.57580757141113
66932 73.29988479614258
66893 73.75407218933105
66893 73.43816757202148
66888 73.55093955993652
66858 72.88670539855957
66833 72.72219657897949
66832 75.36101341247559
66825 75.01912117004395
66808 72.93891906738281
66765 73.83584976196289
66749 74.33915138244629
66749 72.8919506072998
66725 73.18806648254395
66725 73.63390922546387
66715 74.43904876708984
66715 75.04701614379883
66715 75.12426376342773
66698 72.80778884887695
66669 73.86088371276855
66653 76.95722579956055
66653 74.51581954956055
66649 72.72076606750488
66649 75.43182373046875
66649 73.70424270629883
66621 73.87900352478027
66621 74.01108741760254
66621 73.45700263977051
66578 74.61380958557129
66578 72.96514511108398
66578 73.8837718963623
66570 73.83298873901367
66559 74.10192489624023
66558 74.71489906311035
66555 73.54116439819336
66519 74.20682907104492
66498 74.01299476623535
66449 74.95594024658203
66449 73.760986328125
66449 74.97596740722656
66443 73.24886322021484
66428 74.05591011047363
66398 74.9349594116211
66356 72.89910316467285
66356 78.75394821166992
66356 134.9020004272461
66356 122.29371070861816
66344 114.5029067993164
66344 77.3770809173584
66314 80.36184310913086
66314 73.82702827453613
66314 74.5699405670166
66309 74.73421096801758
66298 74.87225532531738
66282 74.7530460357666
66265 74.62406158447266
66259 74.35274124145508
66255 74.8910903930664
66255 74.48196411132812
66255 73.60506057739258
66255 78.67074012756348
66255 85.0820541381836
66249 78.75704765319824
66240 80.57188987731934
66228 88.41085433959961
66228 80.86705207824707
66191 74.09119606018066
66171 73.81319999694824
66171 74.64408874511719
66123 75.57797431945801
66114 73.28414916992188
66114 73.64201545715332
66107 74.00393486022949
66098 74.94711875915527
66098 76.26795768737793
66098 75.225830078125
66098 73.15802574157715
66098 74.64408874511719
66098 73.01902770996094
66098 74.67389106750488
66098 72.99304008483887
66098 74.08809661865234
66098 74.91111755371094
66062 74.16296005249023
66062 75.0267505645752
66062 73.78196716308594
66037 75.08397102355957
66037 75.12187957763672
66037 74.57208633422852
66024 75.7911205291748
66024 75.08993148803711
66024 74.86891746520996
66013 75.22296905517578
65958 73.20904731750488
65958 73.38213920593262
65958 73.5330581665039
65958 74.99217987060547
65958 73.08387756347656
65951 75.00219345092773
65951 72.83210754394531
65951 74.93782043457031
65951 73.2889175415039
65945 73.58002662658691
65945 74.28097724914551
65945 74.95880126953125
65924 73.49133491516113
65924 74.8281478881836
65853 73.40693473815918
65851 74.74708557128906
65848 73.49300384521484
65834 73.16207885742188
65828 74.65410232543945
65819 75.19006729125977
65776 73.14705848693848
65776 74.86677169799805
65763 74.97167587280273
65763 74.39708709716797
65761 75.26874542236328
65761 75.1962661743164
65761 75.26206970214844
65761 74.92780685424805
65761 75.15597343444824
65747 75.46210289001465
65747 73.27795028686523
65742 75.13236999511719
65742 77.19707489013672
65742 75.9279727935791
65734 75.07181167602539
65719 76.04193687438965
65719 117.39873886108398
65719 76.81727409362793
65710 73.28271865844727
65710 75.09469985961914
65684 81.11286163330078
65684 74.88203048706055
65684 73.52280616760254
65684 75.09207725524902
65684 73.36592674255371
65628 75.3939151763916
65628 73.14014434814453
65628 74.1128921508789
65624 73.48394393920898
65624 73.75001907348633
65624 74.24521446228027
65624 75.02102851867676
65624 74.86891746520996
65617 73.27675819396973
65617 74.27716255187988
65617 73.53615760803223
65617 75.43516159057617
65617 74.84889030456543
65608 76.43508911132812
65608 74.08785820007324
65608 75.02579689025879
65603 75.23298263549805
65537 75.32715797424316
65537 75.50692558288574
65527 74.4318962097168
65527 75.09112358093262
65501 75.4997730255127
65501 75.31428337097168
65501 74.32413101196289
65498 73.54187965393066
65498 75.05106925964355
65498 75.01626014709473
65484 73.18925857543945
65484 74.57494735717773
65449 73.35805892944336
65449 73.38595390319824
65449 75.0582218170166
65412 73.00496101379395
65412 74.79310035705566
65412 75.1030445098877
65412 74.68008995056152
65412 75.84095001220703
65412 75.32477378845215
65408 74.81813430786133
65408 73.1959342956543
65408 75.08182525634766
65397 73.1201171875
65397 75.2098560333252
65397 75.28424263000488
65386 73.43006134033203
65386 75.38104057312012
65376 73.31299781799316
65376 74.87177848815918
65376 73.2731819152832
65358 74.56612586975098
65358 73.14085960388184
65358 74.56779479980469
65358 73.33803176879883
65358 73.52900505065918
65319 73.27103614807129
65319 74.57423210144043
65319 73.35567474365234
65319 74.90777969360352
65304 75.1197338104248
65304 74.86820220947266
65304 73.67205619812012
65304 75.3180980682373
65283 74.10097122192383
65283 75.17123222351074
65279 75.33884048461914
65279 77.5611400604248
65279 73.23813438415527
65278 74.94211196899414
65278 73.37498664855957
65275 74.3861198425293
65275 73.21596145629883
65250 74.47934150695801
65250 74.87297058105469
65250 73.33993911743164
65242 75.01602172851562
65242 73.3649730682373
65242 75.1349925994873
65235 75.0420093536377
65235 73.4109878540039
65206 75.48165321350098
65206 73.16923141479492
65149 76.90072059631348
65137 76.48682594299316
65132 73.20022583007812
65132 75.17480850219727
65132 75.19006729125977
65132 75.06608963012695
65132 74.23996925354004
65132 75.56986808776855
65109 75.3169059753418
65109 74.12314414978027
65069 74.16510581970215
65069 74.75471496582031
65069 72.93868064880371
65069 75.18172264099121
65069 75.29616355895996
65069 73.4109878540039
65055 74.19180870056152
65055 73.41122627258301
65012 73.91619682312012
64975 73.4250545501709
64975 75.11687278747559
64916 75.16598701477051
64916 73.22311401367188
64916 75.08301734924316
64913 73.18305969238281
64913 74.95403289794922
64913 75.11305809020996
64889 75.09970664978027
64889 75.50382614135742
64889 73.3649730682373
64889 75.42896270751953
64889 73.29821586608887
64862 75.08468627929688
64862 73.07314872741699
64862 75.26612281799316
64862 73.46081733703613
64862 75.2720832824707
64836 75.00815391540527
64836 73.50873947143555
64836 74.73325729370117
64836 73.13203811645508
64836 74.35178756713867
64836 73.1208324432373
64836 75.39701461791992
64822 73.41313362121582
64822 75.01387596130371
64822 74.6920108795166
64821 73.64511489868164
64821 74.75495338439941
64813 74.89609718322754
64813 78.30500602722168
64813 75.47497749328613
64813 74.24020767211914
64813 73.62008094787598
64813 74.23686981201172
64813 82.69882202148438
64801 77.72326469421387
64801 75.29401779174805
64801 75.52218437194824
64761 73.77982139587402
64732 78.89413833618164
64732 74.56183433532715
64732 75.88005065917969
64732 74.50485229492188
64732 75.43492317199707
64732 74.44095611572266
64693 73.2879638671875
64693 74.66506958007812
64666 75.46806335449219
64666 75.43420791625977
64666 74.54180717468262
64610 74.76305961608887
64610 74.54895973205566
64610 75.69003105163574
64590 75.74200630187988
64590 73.18305969238281
64590 75.46210289001465
64590 92.21792221069336
64590 118.67642402648926
64590 85.58797836303711
64549 78.78518104553223
64547 75.45185089111328
64492 73.28271865844727
64449 73.97890090942383
64449 74.20992851257324
64384 73.52399826049805
64384 73.64392280578613
64384 75.16694068908691
64384 74.15771484375
64384 73.86088371276855
64380 74.91612434387207
64380 75.10495185852051
64380 73.23718070983887
64380 76.20406150817871
64380 75.39200782775879
64380 74.91517066955566
64380 73.16875457763672
64380 74.92494583129883
64380 75.1800537109375
64380 73.23503494262695
64380 75.19173622131348
64380 73.5478401184082
64380 75.43683052062988
64380 73.9750862121582
64380 74.86701011657715
64380 74.80120658874512
64380 73.57907295227051
64380 81.79783821105957
64380 73.24528694152832
64380 74.27287101745605
64380 73.39811325073242
64380 75.19006729125977
64380 73.66490364074707
64380 73.78578186035156
64380 75.44279098510742
64359 73.36211204528809
64359 75.21700859069824
64359 75.35409927368164
64359 74.04017448425293
64347 75.5758285522461
64347 74.71990585327148
64347 73.57168197631836
64347 75.00791549682617
64347 75.18696784973145
64347 73.4720230102539
64347 74.9659538269043
64347 73.70638847351074
64347 75.05488395690918
64347 73.8213062286377
64346 74.88679885864258
64346 73.2719898223877
64328 75.04796981811523
64328 73.34589958190918
64328 77.61406898498535
64328 74.42402839660645
64328 73.29607009887695
64324 75.08587837219238
64324 80.67584037780762
64324 76.18093490600586
64324 75.16622543334961
64324 75.2859115600586
64324 75.8519172668457
64324 75.59919357299805
64324 73.86279106140137
64324 74.79119300842285
64271 73.42910766601562
64271 75.11496543884277
64271 75.37674903869629
64271 73.38190078735352
64271 75.09613037109375
64271 73.35782051086426
64271 75.48904418945312
64271 75.25897026062012
64271 75.70004463195801
64271 75.2861499786377
64271 73.22001457214355
64271 75.39081573486328
64271 73.27508926391602
64271 74.66793060302734
64270 73.49514961242676
64229 74.4011402130127
64193 73.272705078125
64193 74.89800453186035
64193 74.26214218139648
64193 76.13182067871094
64193 73.92716407775879
64193 75.6537914276123
64193 73.54116439819336
64193 74.59902763366699
64193 73.37188720703125
64193 82.20100402832031
64193 73.69399070739746
64179 75.3488540649414
64179 73.57406616210938
64179 75.38294792175293
64179 73.37784767150879
64179 75.74987411499023
64179 73.33803176879883
64179 75.03676414489746
64179 75.8819580078125
64179 74.57280158996582
64179 75.49619674682617
64179 74.00989532470703
64179 76.50518417358398
64179 74.14984703063965
64179 75.61492919921875
64179 73.71997833251953
64179 74.56707954406738
64148 73.6227035522461
64148 74.81765747070312
64148 74.7678279876709
64148 73.45199584960938
64148 75.66213607788086
64148 74.22685623168945
64099 75.2401351928711
64099 73.56500625610352
64079 75.77180862426758
64079 73.81200790405273
64079 75.14500617980957
64079 74.27501678466797
64048 75.56891441345215
64048 74.0671157836914
64048 75.88386535644531
64048 75.6380558013916
64048 75.26302337646484
64048 74.14460182189941
64040 75.45900344848633
64040 73.57907295227051
64040 75.5469799041748
64040 75.56700706481934
64040 74.0208625793457
64040 75.2713680267334
63983 73.31299781799316
63983 75.19292831420898
63983 73.82988929748535
63983 75.18601417541504
63967 73.5938549041748
63964 75.54507255554199
63947 73.64296913146973
63947 75.62398910522461
63941 73.78292083740234
63941 74.31602478027344
63941 73.80104064941406
63941 74.10192489624023
63941 73.56429100036621
63926 75.22702217102051
63926 73.46892356872559
63926 75.2570629119873
63900 73.77195358276367
63900 75.50597190856934
63900 73.38309288024902
63900 75.18196105957031
63852 74.23210144042969
63852 75.5009651184082
63852 73.64892959594727
63852 75.34575462341309
63852 74.04327392578125
63833 75.42586326599121
63833 73.54497909545898
63833 75.07991790771484
63833 74.19419288635254
63833 74.5549201965332
63833 73.52590560913086
63833 75.39916038513184
63823 73.55189323425293
63823 75.15692710876465
63823 73.5020637512207
63823 75.45781135559082
63797 73.68087768554688
63797 75.7601261138916
63797 73.2736587524414
63797 74.4171142578125
63764 73.54402542114258
63726 75.09279251098633
63726 75.2711296081543
63726 75.75011253356934
63726 74.10097122192383
63726 74.6011734008789
63726 73.4257698059082
63708 75.0889778137207
63708 73.55976104736328
63708 75.45685768127441
63708 73.62985610961914
63708 75.15883445739746
63708 73.48895072937012
63708 74.20802116394043
63708 73.72808456420898
63708 75.47998428344727
63708 73.43316078186035
63708 75.26588439941406
63654 73.5330581665039
63654 75.2711296081543
63654 74.0361213684082
63654 75.80113410949707
63654 74.72491264343262
63654 73.46129417419434
63654 75.29902458190918
63654 73.86589050292969
63654 75.94585418701172
63654 75.30808448791504
63654 73.80318641662598
63654 75.49428939819336
63654 73.87709617614746
63654 76.66993141174316
63654 73.4720230102539
63654 75.37007331848145
63654 74.10001754760742
63654 75.56486129760742
63646 74.2042064666748
63646 73.65083694458008
63646 75.54888725280762
63646 73.49300384521484
63646 74.5692253112793
63646 73.71187210083008
63646 74.71776008605957
63639 73.71020317077637
63639 75.4239559173584
63639 75.06823539733887
63639 73.49872589111328
63639 75.30903816223145
63639 75.87289810180664
63639 75.62017440795898
63639 73.83489608764648
63585 75.29377937316895
63585 75.39606094360352
63585 73.81129264831543
63585 75.06799697875977
63585 75.64020156860352
63585 73.48299026489258
63585 74.52702522277832
63585 73.87113571166992
63585 74.77092742919922
63585 73.90308380126953
63549 75.40774345397949
63549 73.8520622253418
63549 74.82004165649414
63549 86.52091026306152
63549 91.45402908325195
63549 104.27403450012207
63549 86.29202842712402
63549 83.36377143859863
63549 86.03119850158691
63549 79.39910888671875
63549 80.35898208618164
63549 78.76110076904297
63549 77.81004905700684
63549 77.45790481567383
63549 77.50296592712402
63549 75.60014724731445
63549 76.22599601745605
63540 75.99282264709473
63540 74.9979019165039
63540 75.95109939575195
63540 74.13506507873535
63540 90.33608436584473
63540 79.68783378601074
63540 79.62298393249512
63491 77.94404029846191
63491 77.01778411865234
63491 77.71801948547363
63491 77.14986801147461
63491 73.8532543182373
63491 74.89490509033203
63491 77.07619667053223
63491 78.8259506225586
63491 78.26995849609375
63445 77.44693756103516
63445 79.00786399841309
63445 75.08707046508789
63445 75.89888572692871
63445 76.99918746948242
63445 74.52583312988281
63415 75.63185691833496
63388 77.70419120788574
63388 77.54707336425781
63388 77.99577713012695
63388 74.17082786560059
63388 75.84595680236816
63364 75.90889930725098
63364 74.55992698669434
63364 79.28991317749023
63364 73.66704940795898
63361 75.15597343444824
63361 74.02396202087402
63361 74.45406913757324
63361 74.7370719909668
63361 75.29807090759277
63361 73.76813888549805
63361 74.20897483825684
63361 75.90079307556152
63361 74.67484474182129
63361 74.45287704467773
63311 75.58226585388184
63311 74.85079765319824
63311 78.78708839416504
63311 77.04496383666992
63311 78.51481437683105
63311 74.79476928710938
63311 74.83696937561035
63311 75.7598876953125
63311 77.95310020446777
63311 81.33387565612793
63308 78.02391052246094
63308 74.76401329040527
63308 75.40488243103027
63308 74.51772689819336
63308 76.25389099121094
63308 77.06785202026367
63308 74.13625717163086
63308 75.38986206054688
63308 75.52981376647949
63307 74.2950439453125
63307 74.04279708862305
63307 75.81281661987305
63307 73.55809211730957
63307 75.40321350097656
63307 74.50318336486816
63307 75.95181465148926
63307 78.91297340393066
63307 75.03700256347656
63307 75.97517967224121
63307 74.66793060302734
63307 74.4621753692627
63307 74.9809741973877
63307 74.95808601379395
63307 75.71816444396973
63307 75.90079307556152
63307 73.73714447021484
63307 75.71196556091309
63307 76.29919052124023
63307 76.12419128417969
63307 75.55699348449707
63307 74.87702369689941
63307 76.27081871032715
63307 75.62875747680664
63307 74.13482666015625
63307 74.10478591918945
63307 75.65593719482422
63307 75.12998580932617
63307 74.40614700317383
63307 73.85396957397461
63273 75.38509368896484
63264 75.24919509887695
63264 73.59504699707031
63264 74.57876205444336
63264 73.79817962646484
63264 75.93989372253418
63264 75.42014122009277
63253 75.88005065917969
63253 75.67000389099121
63253 85.17694473266602
63253 88.85502815246582
63253 84.20825004577637
63253 85.29186248779297
63253 83.48798751831055
63253 118.04413795471191
63253 199.76091384887695
63253 84.51008796691895
63253 76.63822174072266
63253 84.3050479888916
63253 73.80366325378418
63253 79.06317710876465
63253 78.86505126953125
63253 79.69212532043457
63216 77.80218124389648
63216 75.3931999206543
63216 77.25095748901367
63216 77.68797874450684
63188 78.75823974609375
63188 75.78063011169434
